2019-05-06_21 21:42:17.996 INFO  [main] com.example.park.ParkApplication - Starting ParkApplication on bogon with PID 8398 (/Users/liubing/Desktop/code/IdeaProjects/park/target/classes started by liubing in /Users/liubing/Desktop/code/IdeaProjects/park)
2019-05-06_21 21:42:17.998 INFO  [main] com.example.park.ParkApplication - No active profile set, falling back to default profiles: default
2019-05-06_21 21:42:18.041 INFO  [main] org.springframework.boot.context.embedded.AnnotationConfigEmbeddedWebApplicationContext - Refreshing org.springframework.boot.context.embedded.AnnotationConfigEmbeddedWebApplicationContext@22a637e7: startup date [Mon May 06 21:42:18 CST 2019]; root of context hierarchy
2019-05-06_21 21:42:18.138 INFO  [background-preinit] org.hibernate.validator.internal.util.Version - HV000001: Hibernate Validator 5.3.6.Final
2019-05-06_21 21:42:19.070 INFO  [main] org.springframework.context.support.PostProcessorRegistrationDelegate$BeanPostProcessorChecker - Bean 'org.springframework.transaction.annotation.ProxyTransactionManagementConfiguration' of type [org.springframework.transaction.annotation.ProxyTransactionManagementConfiguration$$EnhancerBySpringCGLIB$$7e2387fa] is not eligible for getting processed by all BeanPostProcessors (for example: not eligible for auto-proxying)
2019-05-06_21 21:42:19.567 INFO  [main] org.springframework.boot.context.embedded.tomcat.TomcatEmbeddedServletContainer - Tomcat initialized with port(s): 8084 (http)
2019-05-06_21 21:42:19.581 INFO  [main] org.apache.coyote.http11.Http11NioProtocol - Initializing ProtocolHandler ["http-nio-8084"]
2019-05-06_21 21:42:19.592 INFO  [main] org.apache.catalina.core.StandardService - Starting service [Tomcat]
2019-05-06_21 21:42:19.592 INFO  [main] org.apache.catalina.core.StandardEngine - Starting Servlet Engine: Apache Tomcat/8.5.34
2019-05-06_21 21:42:19.688 INFO  [localhost-startStop-1] org.apache.catalina.core.ContainerBase.[Tomcat].[localhost].[/] - Initializing Spring embedded WebApplicationContext
2019-05-06_21 21:42:19.689 INFO  [localhost-startStop-1] org.springframework.web.context.ContextLoader - Root WebApplicationContext: initialization completed in 1648 ms
2019-05-06_21 21:42:19.856 INFO  [localhost-startStop-1] org.springframework.boot.web.servlet.ServletRegistrationBean - Mapping servlet: 'dispatcherServlet' to [/]
2019-05-06_21 21:42:19.858 INFO  [localhost-startStop-1] org.springframework.boot.web.servlet.ServletRegistrationBean - Mapping servlet: 'statViewServlet' to [/druid/*]
2019-05-06_21 21:42:19.860 INFO  [localhost-startStop-1] org.springframework.boot.web.servlet.FilterRegistrationBean - Mapping filter: 'characterEncodingFilter' to: [/*]
2019-05-06_21 21:42:19.861 INFO  [localhost-startStop-1] org.springframework.boot.web.servlet.FilterRegistrationBean - Mapping filter: 'hiddenHttpMethodFilter' to: [/*]
2019-05-06_21 21:42:19.861 INFO  [localhost-startStop-1] org.springframework.boot.web.servlet.FilterRegistrationBean - Mapping filter: 'httpPutFormContentFilter' to: [/*]
2019-05-06_21 21:42:19.861 INFO  [localhost-startStop-1] org.springframework.boot.web.servlet.FilterRegistrationBean - Mapping filter: 'requestContextFilter' to: [/*]
2019-05-06_21 21:42:19.862 INFO  [localhost-startStop-1] org.springframework.boot.web.servlet.FilterRegistrationBean - Mapping filter: 'webStatFilter' to urls: [/*]
2019-05-06_21 21:42:19.862 INFO  [localhost-startStop-1] org.springframework.boot.web.servlet.FilterRegistrationBean - Mapping filter: 'corsFilter' to: [/*]
2019-05-06_21 21:42:19.987 INFO  [main] com.alibaba.druid.spring.boot.autoconfigure.DruidDataSourceAutoConfigure - Init DruidDataSource
2019-05-06_21 21:42:20.395 INFO  [main] com.alibaba.druid.pool.DruidDataSource - {dataSource-1} inited
2019-05-06_21 21:42:20.720 INFO  [main] org.springframework.web.servlet.mvc.method.annotation.RequestMappingHandlerMapping - Mapped "{[/car/addCar],methods=[POST]}" onto public com.example.park.commonbox.Result com.example.park.controller.CarController.addCar(com.example.park.pojo.dto.CarDTO)
2019-05-06_21 21:42:20.721 INFO  [main] org.springframework.web.servlet.mvc.method.annotation.RequestMappingHandlerMapping - Mapped "{[/car/deleteCar],methods=[POST]}" onto public com.example.park.commonbox.Result com.example.park.controller.CarController.deleteCar(com.example.park.pojo.dto.CarIdDTO)
2019-05-06_21 21:42:20.722 INFO  [main] org.springframework.web.servlet.mvc.method.annotation.RequestMappingHandlerMapping - Mapped "{[/car/updateCar],methods=[POST]}" onto public com.example.park.commonbox.Result com.example.park.controller.CarController.updateCar(com.example.park.pojo.dto.CarDTO)
2019-05-06_21 21:42:20.722 INFO  [main] org.springframework.web.servlet.mvc.method.annotation.RequestMappingHandlerMapping - Mapped "{[/car/findAll],methods=[POST]}" onto public com.example.park.commonbox.Result com.example.park.controller.CarController.findAll()
2019-05-06_21 21:42:20.722 INFO  [main] org.springframework.web.servlet.mvc.method.annotation.RequestMappingHandlerMapping - Mapped "{[/car/findCarByType],methods=[POST]}" onto public com.example.park.commonbox.Result com.example.park.controller.CarController.findCarByType(com.example.park.pojo.dto.CarTypeDTO)
2019-05-06_21 21:42:20.722 INFO  [main] org.springframework.web.servlet.mvc.method.annotation.RequestMappingHandlerMapping - Mapped "{[/car/findCarByCarNumber],methods=[POST]}" onto public com.example.park.commonbox.Result com.example.park.controller.CarController.findCarByCarNumber(com.example.park.pojo.dto.CarNumberDTO)
2019-05-06_21 21:42:20.724 INFO  [main] org.springframework.web.servlet.mvc.method.annotation.RequestMappingHandlerMapping - Mapped "{[/carPlace/addPlace],methods=[POST]}" onto public com.example.park.commonbox.Result com.example.park.controller.CarPlaceController.addPlace(com.example.park.pojo.dto.PlaceDTO)
2019-05-06_21 21:42:20.724 INFO  [main] org.springframework.web.servlet.mvc.method.annotation.RequestMappingHandlerMapping - Mapped "{[/carPlace/findAll],methods=[POST]}" onto public com.example.park.commonbox.Result com.example.park.controller.CarPlaceController.findAll()
2019-05-06_21 21:42:20.724 INFO  [main] org.springframework.web.servlet.mvc.method.annotation.RequestMappingHandlerMapping - Mapped "{[/carPlace/deletePlace],methods=[POST]}" onto public com.example.park.commonbox.Result com.example.park.controller.CarPlaceController.deletePlace(com.example.park.pojo.dto.CarPlactIdDTO)
2019-05-06_21 21:42:20.724 INFO  [main] org.springframework.web.servlet.mvc.method.annotation.RequestMappingHandlerMapping - Mapped "{[/carPlace/updatePlace],methods=[POST]}" onto public com.example.park.commonbox.Result com.example.park.controller.CarPlaceController.updatePlace(com.example.park.pojo.dto.PlaceDTO)
2019-05-06_21 21:42:20.725 INFO  [main] org.springframework.web.servlet.mvc.method.annotation.RequestMappingHandlerMapping - Mapped "{[/carPlace/findPlaceByStatus],methods=[POST]}" onto public com.example.park.commonbox.Result com.example.park.controller.CarPlaceController.findPlaceByStatus(com.example.park.pojo.dto.PlaceStatusDTO)
2019-05-06_21 21:42:20.725 INFO  [main] org.springframework.web.servlet.mvc.method.annotation.RequestMappingHandlerMapping - Mapped "{[/carPlace/findPlaceByPlaceName],methods=[POST]}" onto public com.example.park.commonbox.Result com.example.park.controller.CarPlaceController.findPlaceByPlaceName(com.example.park.pojo.dto.PlaceNameDTO)
2019-05-06_21 21:42:20.728 INFO  [main] org.springframework.web.servlet.mvc.method.annotation.RequestMappingHandlerMapping - Mapped "{[/park/start],methods=[POST]}" onto public com.example.park.commonbox.Result com.example.park.controller.ParkController.start(com.example.park.pojo.dto.ParkStartDTO)
2019-05-06_21 21:42:20.728 INFO  [main] org.springframework.web.servlet.mvc.method.annotation.RequestMappingHandlerMapping - Mapped "{[/park/findAll],methods=[POST]}" onto public com.example.park.commonbox.Result com.example.park.controller.ParkController.findAll()
2019-05-06_21 21:42:20.729 INFO  [main] org.springframework.web.servlet.mvc.method.annotation.RequestMappingHandlerMapping - Mapped "{[/park/findByCarNumber],methods=[POST]}" onto public com.example.park.commonbox.Result com.example.park.controller.ParkController.findByCarNumber(com.example.park.pojo.dto.CarNumberDTO)
2019-05-06_21 21:42:20.729 INFO  [main] org.springframework.web.servlet.mvc.method.annotation.RequestMappingHandlerMapping - Mapped "{[/park/findByMasterId],methods=[POST]}" onto public com.example.park.commonbox.Result com.example.park.controller.ParkController.findByMasterId(com.example.park.pojo.dto.UserIdDTO)
2019-05-06_21 21:42:20.729 INFO  [main] org.springframework.web.servlet.mvc.method.annotation.RequestMappingHandlerMapping - Mapped "{[/park/end],methods=[POST]}" onto public com.example.park.commonbox.Result com.example.park.controller.ParkController.end(com.example.park.pojo.dto.ParkEndDTO)
2019-05-06_21 21:42:20.731 INFO  [main] org.springframework.web.servlet.mvc.method.annotation.RequestMappingHandlerMapping - Mapped "{[/user/add],methods=[POST]}" onto public com.example.park.commonbox.Result com.example.park.controller.UserController.addUser(com.example.park.pojo.dto.UserDTO)
2019-05-06_21 21:42:20.732 INFO  [main] org.springframework.web.servlet.mvc.method.annotation.RequestMappingHandlerMapping - Mapped "{[/user/login],methods=[POST]}" onto public com.example.park.commonbox.Result com.example.park.controller.UserController.login(com.example.park.pojo.dto.LoginDTO)
2019-05-06_21 21:42:20.732 INFO  [main] org.springframework.web.servlet.mvc.method.annotation.RequestMappingHandlerMapping - Mapped "{[/user/delete],methods=[POST]}" onto public com.example.park.commonbox.Result com.example.park.controller.UserController.deleteUser(com.example.park.pojo.dto.UserIdDTO)
2019-05-06_21 21:42:20.732 INFO  [main] org.springframework.web.servlet.mvc.method.annotation.RequestMappingHandlerMapping - Mapped "{[/user/findByRole],methods=[POST]}" onto public com.example.park.commonbox.Result com.example.park.controller.UserController.findByRole(com.example.park.pojo.dto.UserRoleIdDTO)
2019-05-06_21 21:42:20.732 INFO  [main] org.springframework.web.servlet.mvc.method.annotation.RequestMappingHandlerMapping - Mapped "{[/user/findByUserName],methods=[POST]}" onto public com.example.park.commonbox.Result com.example.park.controller.UserController.findByUserName(com.example.park.pojo.dto.UserNameDTO)
2019-05-06_21 21:42:20.732 INFO  [main] org.springframework.web.servlet.mvc.method.annotation.RequestMappingHandlerMapping - Mapped "{[/user/update],methods=[POST]}" onto public com.example.park.commonbox.Result com.example.park.controller.UserController.updateUser(com.example.park.pojo.dto.UpdateUserInfoDTO)
2019-05-06_21 21:42:20.733 INFO  [main] org.springframework.web.servlet.mvc.method.annotation.RequestMappingHandlerMapping - Mapped "{[/user/findAllUser],methods=[POST]}" onto public com.example.park.commonbox.Result com.example.park.controller.UserController.findAllUser()
2019-05-06_21 21:42:20.735 INFO  [main] org.springframework.web.servlet.mvc.method.annotation.RequestMappingHandlerMapping - Mapped "{[/swagger-resources/configuration/ui]}" onto public org.springframework.http.ResponseEntity<springfox.documentation.swagger.web.UiConfiguration> springfox.documentation.swagger.web.ApiResourceController.uiConfiguration()
2019-05-06_21 21:42:20.736 INFO  [main] org.springframework.web.servlet.mvc.method.annotation.RequestMappingHandlerMapping - Mapped "{[/swagger-resources/configuration/security]}" onto public org.springframework.http.ResponseEntity<springfox.documentation.swagger.web.SecurityConfiguration> springfox.documentation.swagger.web.ApiResourceController.securityConfiguration()
2019-05-06_21 21:42:20.737 INFO  [main] org.springframework.web.servlet.mvc.method.annotation.RequestMappingHandlerMapping - Mapped "{[/swagger-resources]}" onto public org.springframework.http.ResponseEntity<java.util.List<springfox.documentation.swagger.web.SwaggerResource>> springfox.documentation.swagger.web.ApiResourceController.swaggerResources()
2019-05-06_21 21:42:20.740 INFO  [main] org.springframework.web.servlet.mvc.method.annotation.RequestMappingHandlerMapping - Mapped "{[/error]}" onto public org.springframework.http.ResponseEntity<java.util.Map<java.lang.String, java.lang.Object>> org.springframework.boot.autoconfigure.web.BasicErrorController.error(javax.servlet.http.HttpServletRequest)
2019-05-06_21 21:42:20.740 INFO  [main] org.springframework.web.servlet.mvc.method.annotation.RequestMappingHandlerMapping - Mapped "{[/error],produces=[text/html]}" onto public org.springframework.web.servlet.ModelAndView org.springframework.boot.autoconfigure.web.BasicErrorController.errorHtml(javax.servlet.http.HttpServletRequest,javax.servlet.http.HttpServletResponse)
2019-05-06_21 21:42:20.829 INFO  [main] springfox.documentation.spring.web.PropertySourcedRequestMappingHandlerMapping - Mapped URL path [/v2/api-docs] onto method [public org.springframework.http.ResponseEntity<springfox.documentation.spring.web.json.Json> springfox.documentation.swagger2.web.Swagger2Controller.getDocumentation(java.lang.String,javax.servlet.http.HttpServletRequest)]
2019-05-06_21 21:42:20.985 INFO  [main] org.springframework.web.servlet.mvc.method.annotation.RequestMappingHandlerAdapter - Looking for @ControllerAdvice: org.springframework.boot.context.embedded.AnnotationConfigEmbeddedWebApplicationContext@22a637e7: startup date [Mon May 06 21:42:18 CST 2019]; root of context hierarchy
2019-05-06_21 21:42:21.038 INFO  [main] org.springframework.web.servlet.handler.SimpleUrlHandlerMapping - Mapped URL path [/webjars/**] onto handler of type [class org.springframework.web.servlet.resource.ResourceHttpRequestHandler]
2019-05-06_21 21:42:21.038 INFO  [main] org.springframework.web.servlet.handler.SimpleUrlHandlerMapping - Mapped URL path [/**] onto handler of type [class org.springframework.web.servlet.resource.ResourceHttpRequestHandler]
2019-05-06_21 21:42:21.074 INFO  [main] org.springframework.web.servlet.handler.SimpleUrlHandlerMapping - Mapped URL path [/**/favicon.ico] onto handler of type [class org.springframework.web.servlet.resource.ResourceHttpRequestHandler]
2019-05-06_21 21:42:21.398 INFO  [main] org.springframework.jmx.export.annotation.AnnotationMBeanExporter - Registering beans for JMX exposure on startup
2019-05-06_21 21:42:21.400 INFO  [main] org.springframework.jmx.export.annotation.AnnotationMBeanExporter - Bean with name 'statFilter' has been autodetected for JMX exposure
2019-05-06_21 21:42:21.400 INFO  [main] org.springframework.jmx.export.annotation.AnnotationMBeanExporter - Bean with name 'dataSource' has been autodetected for JMX exposure
2019-05-06_21 21:42:21.404 INFO  [main] org.springframework.jmx.export.annotation.AnnotationMBeanExporter - Located MBean 'dataSource': registering with JMX server as MBean [com.alibaba.druid.spring.boot.autoconfigure:name=dataSource,type=DruidDataSourceWrapper]
2019-05-06_21 21:42:21.405 INFO  [main] org.springframework.jmx.export.annotation.AnnotationMBeanExporter - Located MBean 'statFilter': registering with JMX server as MBean [com.alibaba.druid.filter.stat:name=statFilter,type=StatFilter]
2019-05-06_21 21:42:21.408 INFO  [main] org.springframework.context.support.DefaultLifecycleProcessor - Starting beans in phase 2147483647
2019-05-06_21 21:42:21.408 INFO  [main] springfox.documentation.spring.web.plugins.DocumentationPluginsBootstrapper - Context refreshed
2019-05-06_21 21:42:21.422 INFO  [main] springfox.documentation.spring.web.plugins.DocumentationPluginsBootstrapper - Found 1 custom documentation plugin(s)
2019-05-06_21 21:42:21.448 INFO  [main] springfox.documentation.spring.web.scanners.ApiListingReferenceScanner - Scanning for api listing references
2019-05-06_21 21:42:21.705 INFO  [main] springfox.documentation.spring.web.readers.operation.CachingOperationNameGenerator - Generating unique operation named: findAllUsingPOST_1
2019-05-06_21 21:42:21.727 INFO  [main] springfox.documentation.spring.web.readers.operation.CachingOperationNameGenerator - Generating unique operation named: findAllUsingPOST_2
2019-05-06_21 21:42:21.781 INFO  [main] org.apache.coyote.http11.Http11NioProtocol - Starting ProtocolHandler ["http-nio-8084"]
2019-05-06_21 21:42:21.805 INFO  [main] org.apache.tomcat.util.net.NioSelectorPool - Using a shared selector for servlet write/read
2019-05-06_21 21:42:21.817 INFO  [main] org.springframework.boot.context.embedded.tomcat.TomcatEmbeddedServletContainer - Tomcat started on port(s): 8084 (http)
2019-05-06_21 21:42:21.821 INFO  [main] com.example.park.ParkApplication - Started ParkApplication in 4.195 seconds (JVM running for 12.045)
2019-05-06_21 21:42:41.592 INFO  [http-nio-8084-exec-3] org.apache.catalina.core.ContainerBase.[Tomcat].[localhost].[/] - Initializing Spring FrameworkServlet 'dispatcherServlet'
2019-05-06_21 21:42:41.593 INFO  [http-nio-8084-exec-3] org.springframework.web.servlet.DispatcherServlet - FrameworkServlet 'dispatcherServlet': initialization started
2019-05-06_21 21:42:41.652 INFO  [http-nio-8084-exec-3] org.springframework.web.servlet.DispatcherServlet - FrameworkServlet 'dispatcherServlet': initialization completed in 58 ms
2019-05-06_21 21:42:55.656 ERROR [http-nio-8084-exec-7] org.apache.catalina.core.ContainerBase.[Tomcat].[localhost].[/].[dispatcherServlet] - Servlet.service() for servlet [dispatcherServlet] in context with path [] threw exception [Request processing failed; nested exception is org.apache.ibatis.binding.BindingException: Mapper method 'com.example.park.mapper.CarPlaceMapper.findPlaceByPlaceName attempted to return null from a method with a primitive return type (boolean).] with root cause
org.apache.ibatis.binding.BindingException: Mapper method 'com.example.park.mapper.CarPlaceMapper.findPlaceByPlaceName attempted to return null from a method with a primitive return type (boolean).
	at org.apache.ibatis.binding.MapperMethod.execute(MapperMethod.java:94)
	at org.apache.ibatis.binding.MapperProxy.invoke(MapperProxy.java:59)
	at com.sun.proxy.$Proxy87.findPlaceByPlaceName(Unknown Source)
	at sun.reflect.NativeMethodAccessorImpl.invoke0(Native Method)
	at sun.reflect.NativeMethodAccessorImpl.invoke(NativeMethodAccessorImpl.java:62)
	at sun.reflect.DelegatingMethodAccessorImpl.invoke(DelegatingMethodAccessorImpl.java:43)
	at java.lang.reflect.Method.invoke(Method.java:498)
	at org.springframework.aop.support.AopUtils.invokeJoinpointUsingReflection(AopUtils.java:333)
	at org.springframework.aop.framework.ReflectiveMethodInvocation.invokeJoinpoint(ReflectiveMethodInvocation.java:190)
	at org.springframework.aop.framework.ReflectiveMethodInvocation.proceed(ReflectiveMethodInvocation.java:157)
	at org.springframework.dao.support.PersistenceExceptionTranslationInterceptor.invoke(PersistenceExceptionTranslationInterceptor.java:136)
	at org.springframework.aop.framework.ReflectiveMethodInvocation.proceed(ReflectiveMethodInvocation.java:179)
	at org.springframework.aop.framework.JdkDynamicAopProxy.invoke(JdkDynamicAopProxy.java:213)
	at com.sun.proxy.$Proxy88.findPlaceByPlaceName(Unknown Source)
	at com.example.park.service.CarPlaceService.findPlaceByPlaceName(CarPlaceService.java:44)
	at com.example.park.controller.CarPlaceController.findPlaceByPlaceName(CarPlaceController.java:111)
	at sun.reflect.NativeMethodAccessorImpl.invoke0(Native Method)
	at sun.reflect.NativeMethodAccessorImpl.invoke(NativeMethodAccessorImpl.java:62)
	at sun.reflect.DelegatingMethodAccessorImpl.invoke(DelegatingMethodAccessorImpl.java:43)
	at java.lang.reflect.Method.invoke(Method.java:498)
	at org.springframework.web.method.support.InvocableHandlerMethod.doInvoke(InvocableHandlerMethod.java:205)
	at org.springframework.web.method.support.InvocableHandlerMethod.invokeForRequest(InvocableHandlerMethod.java:133)
	at org.springframework.web.servlet.mvc.method.annotation.ServletInvocableHandlerMethod.invokeAndHandle(ServletInvocableHandlerMethod.java:97)
	at org.springframework.web.servlet.mvc.method.annotation.RequestMappingHandlerAdapter.invokeHandlerMethod(RequestMappingHandlerAdapter.java:849)
	at org.springframework.web.servlet.mvc.method.annotation.RequestMappingHandlerAdapter.handleInternal(RequestMappingHandlerAdapter.java:760)
	at org.springframework.web.servlet.mvc.method.AbstractHandlerMethodAdapter.handle(AbstractHandlerMethodAdapter.java:85)
	at org.springframework.web.servlet.DispatcherServlet.doDispatch(DispatcherServlet.java:967)
	at org.springframework.web.servlet.DispatcherServlet.doService(DispatcherServlet.java:901)
	at org.springframework.web.servlet.FrameworkServlet.processRequest(FrameworkServlet.java:970)
	at org.springframework.web.servlet.FrameworkServlet.doPost(FrameworkServlet.java:872)
	at javax.servlet.http.HttpServlet.service(HttpServlet.java:661)
	at org.springframework.web.servlet.FrameworkServlet.service(FrameworkServlet.java:846)
	at javax.servlet.http.HttpServlet.service(HttpServlet.java:742)
	at org.apache.catalina.core.ApplicationFilterChain.internalDoFilter(ApplicationFilterChain.java:231)
	at org.apache.catalina.core.ApplicationFilterChain.doFilter(ApplicationFilterChain.java:166)
	at org.apache.tomcat.websocket.server.WsFilter.doFilter(WsFilter.java:52)
	at org.apache.catalina.core.ApplicationFilterChain.internalDoFilter(ApplicationFilterChain.java:193)
	at org.apache.catalina.core.ApplicationFilterChain.doFilter(ApplicationFilterChain.java:166)
	at org.springframework.web.filter.CorsFilter.doFilterInternal(CorsFilter.java:96)
	at org.springframework.web.filter.OncePerRequestFilter.doFilter(OncePerRequestFilter.java:107)
	at org.apache.catalina.core.ApplicationFilterChain.internalDoFilter(ApplicationFilterChain.java:193)
	at org.apache.catalina.core.ApplicationFilterChain.doFilter(ApplicationFilterChain.java:166)
	at com.alibaba.druid.support.http.WebStatFilter.doFilter(WebStatFilter.java:123)
	at org.apache.catalina.core.ApplicationFilterChain.internalDoFilter(ApplicationFilterChain.java:193)
	at org.apache.catalina.core.ApplicationFilterChain.doFilter(ApplicationFilterChain.java:166)
	at org.springframework.web.filter.RequestContextFilter.doFilterInternal(RequestContextFilter.java:99)
	at org.springframework.web.filter.OncePerRequestFilter.doFilter(OncePerRequestFilter.java:107)
	at org.apache.catalina.core.ApplicationFilterChain.internalDoFilter(ApplicationFilterChain.java:193)
	at org.apache.catalina.core.ApplicationFilterChain.doFilter(ApplicationFilterChain.java:166)
	at org.springframework.web.filter.HttpPutFormContentFilter.doFilterInternal(HttpPutFormContentFilter.java:109)
	at org.springframework.web.filter.OncePerRequestFilter.doFilter(OncePerRequestFilter.java:107)
	at org.apache.catalina.core.ApplicationFilterChain.internalDoFilter(ApplicationFilterChain.java:193)
	at org.apache.catalina.core.ApplicationFilterChain.doFilter(ApplicationFilterChain.java:166)
	at org.springframework.web.filter.HiddenHttpMethodFilter.doFilterInternal(HiddenHttpMethodFilter.java:93)
	at org.springframework.web.filter.OncePerRequestFilter.doFilter(OncePerRequestFilter.java:107)
	at org.apache.catalina.core.ApplicationFilterChain.internalDoFilter(ApplicationFilterChain.java:193)
	at org.apache.catalina.core.ApplicationFilterChain.doFilter(ApplicationFilterChain.java:166)
	at org.springframework.web.filter.CharacterEncodingFilter.doFilterInternal(CharacterEncodingFilter.java:197)
	at org.springframework.web.filter.OncePerRequestFilter.doFilter(OncePerRequestFilter.java:107)
	at org.apache.catalina.core.ApplicationFilterChain.internalDoFilter(ApplicationFilterChain.java:193)
	at org.apache.catalina.core.ApplicationFilterChain.doFilter(ApplicationFilterChain.java:166)
	at org.apache.catalina.core.StandardWrapperValve.invoke(StandardWrapperValve.java:198)
	at org.apache.catalina.core.StandardContextValve.invoke(StandardContextValve.java:96)
	at org.apache.catalina.authenticator.AuthenticatorBase.invoke(AuthenticatorBase.java:493)
	at org.apache.catalina.core.StandardHostValve.invoke(StandardHostValve.java:140)
	at org.apache.catalina.valves.ErrorReportValve.invoke(ErrorReportValve.java:81)
	at org.apache.catalina.core.StandardEngineValve.invoke(StandardEngineValve.java:87)
	at org.apache.catalina.connector.CoyoteAdapter.service(CoyoteAdapter.java:342)
	at org.apache.coyote.http11.Http11Processor.service(Http11Processor.java:800)
	at org.apache.coyote.AbstractProcessorLight.process(AbstractProcessorLight.java:66)
	at org.apache.coyote.AbstractProtocol$ConnectionHandler.process(AbstractProtocol.java:806)
	at org.apache.tomcat.util.net.NioEndpoint$SocketProcessor.doRun(NioEndpoint.java:1498)
	at org.apache.tomcat.util.net.SocketProcessorBase.run(SocketProcessorBase.java:49)
	at java.util.concurrent.ThreadPoolExecutor.runWorker(ThreadPoolExecutor.java:1149)
	at java.util.concurrent.ThreadPoolExecutor$Worker.run(ThreadPoolExecutor.java:624)
	at org.apache.tomcat.util.threads.TaskThread$WrappingRunnable.run(TaskThread.java:61)
	at java.lang.Thread.run(Thread.java:748)
2019-05-06_21 21:44:29.888 INFO  [Thread-12] org.springframework.boot.context.embedded.AnnotationConfigEmbeddedWebApplicationContext - Closing org.springframework.boot.context.embedded.AnnotationConfigEmbeddedWebApplicationContext@22a637e7: startup date [Mon May 06 21:42:18 CST 2019]; root of context hierarchy
2019-05-06_21 21:44:29.893 INFO  [Thread-12] org.springframework.context.support.DefaultLifecycleProcessor - Stopping beans in phase 2147483647
2019-05-06_21 21:44:29.897 INFO  [Thread-12] org.springframework.jmx.export.annotation.AnnotationMBeanExporter - Unregistering JMX-exposed beans on shutdown
2019-05-06_21 21:44:29.897 INFO  [Thread-12] org.springframework.jmx.export.annotation.AnnotationMBeanExporter - Unregistering JMX-exposed beans
2019-05-06_21 21:44:29.910 INFO  [Thread-12] com.alibaba.druid.pool.DruidDataSource - {dataSource-1} closed
2019-05-06_21 21:44:33.581 INFO  [main] com.example.park.ParkApplication - Starting ParkApplication on bogon with PID 8432 (/Users/liubing/Desktop/code/IdeaProjects/park/target/classes started by liubing in /Users/liubing/Desktop/code/IdeaProjects/park)
2019-05-06_21 21:44:33.583 INFO  [main] com.example.park.ParkApplication - No active profile set, falling back to default profiles: default
2019-05-06_21 21:44:33.618 INFO  [main] org.springframework.boot.context.embedded.AnnotationConfigEmbeddedWebApplicationContext - Refreshing org.springframework.boot.context.embedded.AnnotationConfigEmbeddedWebApplicationContext@22a637e7: startup date [Mon May 06 21:44:33 CST 2019]; root of context hierarchy
2019-05-06_21 21:44:33.718 INFO  [background-preinit] org.hibernate.validator.internal.util.Version - HV000001: Hibernate Validator 5.3.6.Final
2019-05-06_21 21:44:34.485 INFO  [main] org.springframework.context.support.PostProcessorRegistrationDelegate$BeanPostProcessorChecker - Bean 'org.springframework.transaction.annotation.ProxyTransactionManagementConfiguration' of type [org.springframework.transaction.annotation.ProxyTransactionManagementConfiguration$$EnhancerBySpringCGLIB$$d262ed6b] is not eligible for getting processed by all BeanPostProcessors (for example: not eligible for auto-proxying)
2019-05-06_21 21:44:34.870 INFO  [main] org.springframework.boot.context.embedded.tomcat.TomcatEmbeddedServletContainer - Tomcat initialized with port(s): 8084 (http)
2019-05-06_21 21:44:34.886 INFO  [main] org.apache.coyote.http11.Http11NioProtocol - Initializing ProtocolHandler ["http-nio-8084"]
2019-05-06_21 21:44:34.900 INFO  [main] org.apache.catalina.core.StandardService - Starting service [Tomcat]
2019-05-06_21 21:44:34.901 INFO  [main] org.apache.catalina.core.StandardEngine - Starting Servlet Engine: Apache Tomcat/8.5.34
2019-05-06_21 21:44:35.043 INFO  [localhost-startStop-1] org.apache.catalina.core.ContainerBase.[Tomcat].[localhost].[/] - Initializing Spring embedded WebApplicationContext
2019-05-06_21 21:44:35.044 INFO  [localhost-startStop-1] org.springframework.web.context.ContextLoader - Root WebApplicationContext: initialization completed in 1426 ms
2019-05-06_21 21:44:35.199 INFO  [localhost-startStop-1] org.springframework.boot.web.servlet.ServletRegistrationBean - Mapping servlet: 'dispatcherServlet' to [/]
2019-05-06_21 21:44:35.200 INFO  [localhost-startStop-1] org.springframework.boot.web.servlet.ServletRegistrationBean - Mapping servlet: 'statViewServlet' to [/druid/*]
2019-05-06_21 21:44:35.202 INFO  [localhost-startStop-1] org.springframework.boot.web.servlet.FilterRegistrationBean - Mapping filter: 'characterEncodingFilter' to: [/*]
2019-05-06_21 21:44:35.203 INFO  [localhost-startStop-1] org.springframework.boot.web.servlet.FilterRegistrationBean - Mapping filter: 'hiddenHttpMethodFilter' to: [/*]
2019-05-06_21 21:44:35.203 INFO  [localhost-startStop-1] org.springframework.boot.web.servlet.FilterRegistrationBean - Mapping filter: 'httpPutFormContentFilter' to: [/*]
2019-05-06_21 21:44:35.203 INFO  [localhost-startStop-1] org.springframework.boot.web.servlet.FilterRegistrationBean - Mapping filter: 'requestContextFilter' to: [/*]
2019-05-06_21 21:44:35.203 INFO  [localhost-startStop-1] org.springframework.boot.web.servlet.FilterRegistrationBean - Mapping filter: 'webStatFilter' to urls: [/*]
2019-05-06_21 21:44:35.203 INFO  [localhost-startStop-1] org.springframework.boot.web.servlet.FilterRegistrationBean - Mapping filter: 'corsFilter' to: [/*]
2019-05-06_21 21:44:35.299 INFO  [main] com.alibaba.druid.spring.boot.autoconfigure.DruidDataSourceAutoConfigure - Init DruidDataSource
2019-05-06_21 21:44:35.661 INFO  [main] com.alibaba.druid.pool.DruidDataSource - {dataSource-1} inited
2019-05-06_21 21:44:36.020 INFO  [main] org.springframework.web.servlet.mvc.method.annotation.RequestMappingHandlerMapping - Mapped "{[/car/addCar],methods=[POST]}" onto public com.example.park.commonbox.Result com.example.park.controller.CarController.addCar(com.example.park.pojo.dto.CarDTO)
2019-05-06_21 21:44:36.021 INFO  [main] org.springframework.web.servlet.mvc.method.annotation.RequestMappingHandlerMapping - Mapped "{[/car/deleteCar],methods=[POST]}" onto public com.example.park.commonbox.Result com.example.park.controller.CarController.deleteCar(com.example.park.pojo.dto.CarIdDTO)
2019-05-06_21 21:44:36.021 INFO  [main] org.springframework.web.servlet.mvc.method.annotation.RequestMappingHandlerMapping - Mapped "{[/car/updateCar],methods=[POST]}" onto public com.example.park.commonbox.Result com.example.park.controller.CarController.updateCar(com.example.park.pojo.dto.CarDTO)
2019-05-06_21 21:44:36.021 INFO  [main] org.springframework.web.servlet.mvc.method.annotation.RequestMappingHandlerMapping - Mapped "{[/car/findAll],methods=[POST]}" onto public com.example.park.commonbox.Result com.example.park.controller.CarController.findAll()
2019-05-06_21 21:44:36.022 INFO  [main] org.springframework.web.servlet.mvc.method.annotation.RequestMappingHandlerMapping - Mapped "{[/car/findCarByType],methods=[POST]}" onto public com.example.park.commonbox.Result com.example.park.controller.CarController.findCarByType(com.example.park.pojo.dto.CarTypeDTO)
2019-05-06_21 21:44:36.022 INFO  [main] org.springframework.web.servlet.mvc.method.annotation.RequestMappingHandlerMapping - Mapped "{[/car/findCarByCarNumber],methods=[POST]}" onto public com.example.park.commonbox.Result com.example.park.controller.CarController.findCarByCarNumber(com.example.park.pojo.dto.CarNumberDTO)
2019-05-06_21 21:44:36.023 INFO  [main] org.springframework.web.servlet.mvc.method.annotation.RequestMappingHandlerMapping - Mapped "{[/carPlace/addPlace],methods=[POST]}" onto public com.example.park.commonbox.Result com.example.park.controller.CarPlaceController.addPlace(com.example.park.pojo.dto.PlaceDTO)
2019-05-06_21 21:44:36.024 INFO  [main] org.springframework.web.servlet.mvc.method.annotation.RequestMappingHandlerMapping - Mapped "{[/carPlace/findAll],methods=[POST]}" onto public com.example.park.commonbox.Result com.example.park.controller.CarPlaceController.findAll()
2019-05-06_21 21:44:36.024 INFO  [main] org.springframework.web.servlet.mvc.method.annotation.RequestMappingHandlerMapping - Mapped "{[/carPlace/deletePlace],methods=[POST]}" onto public com.example.park.commonbox.Result com.example.park.controller.CarPlaceController.deletePlace(com.example.park.pojo.dto.CarPlactIdDTO)
2019-05-06_21 21:44:36.025 INFO  [main] org.springframework.web.servlet.mvc.method.annotation.RequestMappingHandlerMapping - Mapped "{[/carPlace/updatePlace],methods=[POST]}" onto public com.example.park.commonbox.Result com.example.park.controller.CarPlaceController.updatePlace(com.example.park.pojo.dto.PlaceDTO)
2019-05-06_21 21:44:36.025 INFO  [main] org.springframework.web.servlet.mvc.method.annotation.RequestMappingHandlerMapping - Mapped "{[/carPlace/findPlaceByStatus],methods=[POST]}" onto public com.example.park.commonbox.Result com.example.park.controller.CarPlaceController.findPlaceByStatus(com.example.park.pojo.dto.PlaceStatusDTO)
2019-05-06_21 21:44:36.025 INFO  [main] org.springframework.web.servlet.mvc.method.annotation.RequestMappingHandlerMapping - Mapped "{[/carPlace/findPlaceByPlaceName],methods=[POST]}" onto public com.example.park.commonbox.Result com.example.park.controller.CarPlaceController.findPlaceByPlaceName(com.example.park.pojo.dto.PlaceNameDTO)
2019-05-06_21 21:44:36.028 INFO  [main] org.springframework.web.servlet.mvc.method.annotation.RequestMappingHandlerMapping - Mapped "{[/park/start],methods=[POST]}" onto public com.example.park.commonbox.Result com.example.park.controller.ParkController.start(com.example.park.pojo.dto.ParkStartDTO)
2019-05-06_21 21:44:36.029 INFO  [main] org.springframework.web.servlet.mvc.method.annotation.RequestMappingHandlerMapping - Mapped "{[/park/end],methods=[POST]}" onto public com.example.park.commonbox.Result com.example.park.controller.ParkController.end(com.example.park.pojo.dto.ParkEndDTO)
2019-05-06_21 21:44:36.029 INFO  [main] org.springframework.web.servlet.mvc.method.annotation.RequestMappingHandlerMapping - Mapped "{[/park/findAll],methods=[POST]}" onto public com.example.park.commonbox.Result com.example.park.controller.ParkController.findAll()
2019-05-06_21 21:44:36.029 INFO  [main] org.springframework.web.servlet.mvc.method.annotation.RequestMappingHandlerMapping - Mapped "{[/park/findByCarNumber],methods=[POST]}" onto public com.example.park.commonbox.Result com.example.park.controller.ParkController.findByCarNumber(com.example.park.pojo.dto.CarNumberDTO)
2019-05-06_21 21:44:36.029 INFO  [main] org.springframework.web.servlet.mvc.method.annotation.RequestMappingHandlerMapping - Mapped "{[/park/findByMasterId],methods=[POST]}" onto public com.example.park.commonbox.Result com.example.park.controller.ParkController.findByMasterId(com.example.park.pojo.dto.UserIdDTO)
2019-05-06_21 21:44:36.031 INFO  [main] org.springframework.web.servlet.mvc.method.annotation.RequestMappingHandlerMapping - Mapped "{[/user/add],methods=[POST]}" onto public com.example.park.commonbox.Result com.example.park.controller.UserController.addUser(com.example.park.pojo.dto.UserDTO)
2019-05-06_21 21:44:36.031 INFO  [main] org.springframework.web.servlet.mvc.method.annotation.RequestMappingHandlerMapping - Mapped "{[/user/login],methods=[POST]}" onto public com.example.park.commonbox.Result com.example.park.controller.UserController.login(com.example.park.pojo.dto.LoginDTO)
2019-05-06_21 21:44:36.031 INFO  [main] org.springframework.web.servlet.mvc.method.annotation.RequestMappingHandlerMapping - Mapped "{[/user/delete],methods=[POST]}" onto public com.example.park.commonbox.Result com.example.park.controller.UserController.deleteUser(com.example.park.pojo.dto.UserIdDTO)
2019-05-06_21 21:44:36.031 INFO  [main] org.springframework.web.servlet.mvc.method.annotation.RequestMappingHandlerMapping - Mapped "{[/user/findByRole],methods=[POST]}" onto public com.example.park.commonbox.Result com.example.park.controller.UserController.findByRole(com.example.park.pojo.dto.UserRoleIdDTO)
2019-05-06_21 21:44:36.032 INFO  [main] org.springframework.web.servlet.mvc.method.annotation.RequestMappingHandlerMapping - Mapped "{[/user/findByUserName],methods=[POST]}" onto public com.example.park.commonbox.Result com.example.park.controller.UserController.findByUserName(com.example.park.pojo.dto.UserNameDTO)
2019-05-06_21 21:44:36.032 INFO  [main] org.springframework.web.servlet.mvc.method.annotation.RequestMappingHandlerMapping - Mapped "{[/user/update],methods=[POST]}" onto public com.example.park.commonbox.Result com.example.park.controller.UserController.updateUser(com.example.park.pojo.dto.UpdateUserInfoDTO)
2019-05-06_21 21:44:36.032 INFO  [main] org.springframework.web.servlet.mvc.method.annotation.RequestMappingHandlerMapping - Mapped "{[/user/findAllUser],methods=[POST]}" onto public com.example.park.commonbox.Result com.example.park.controller.UserController.findAllUser()
2019-05-06_21 21:44:36.035 INFO  [main] org.springframework.web.servlet.mvc.method.annotation.RequestMappingHandlerMapping - Mapped "{[/swagger-resources/configuration/ui]}" onto public org.springframework.http.ResponseEntity<springfox.documentation.swagger.web.UiConfiguration> springfox.documentation.swagger.web.ApiResourceController.uiConfiguration()
2019-05-06_21 21:44:36.035 INFO  [main] org.springframework.web.servlet.mvc.method.annotation.RequestMappingHandlerMapping - Mapped "{[/swagger-resources/configuration/security]}" onto public org.springframework.http.ResponseEntity<springfox.documentation.swagger.web.SecurityConfiguration> springfox.documentation.swagger.web.ApiResourceController.securityConfiguration()
2019-05-06_21 21:44:36.036 INFO  [main] org.springframework.web.servlet.mvc.method.annotation.RequestMappingHandlerMapping - Mapped "{[/swagger-resources]}" onto public org.springframework.http.ResponseEntity<java.util.List<springfox.documentation.swagger.web.SwaggerResource>> springfox.documentation.swagger.web.ApiResourceController.swaggerResources()
2019-05-06_21 21:44:36.061 INFO  [main] org.springframework.web.servlet.mvc.method.annotation.RequestMappingHandlerMapping - Mapped "{[/error]}" onto public org.springframework.http.ResponseEntity<java.util.Map<java.lang.String, java.lang.Object>> org.springframework.boot.autoconfigure.web.BasicErrorController.error(javax.servlet.http.HttpServletRequest)
2019-05-06_21 21:44:36.062 INFO  [main] org.springframework.web.servlet.mvc.method.annotation.RequestMappingHandlerMapping - Mapped "{[/error],produces=[text/html]}" onto public org.springframework.web.servlet.ModelAndView org.springframework.boot.autoconfigure.web.BasicErrorController.errorHtml(javax.servlet.http.HttpServletRequest,javax.servlet.http.HttpServletResponse)
2019-05-06_21 21:44:36.150 INFO  [main] springfox.documentation.spring.web.PropertySourcedRequestMappingHandlerMapping - Mapped URL path [/v2/api-docs] onto method [public org.springframework.http.ResponseEntity<springfox.documentation.spring.web.json.Json> springfox.documentation.swagger2.web.Swagger2Controller.getDocumentation(java.lang.String,javax.servlet.http.HttpServletRequest)]
2019-05-06_21 21:44:36.276 INFO  [main] org.springframework.web.servlet.mvc.method.annotation.RequestMappingHandlerAdapter - Looking for @ControllerAdvice: org.springframework.boot.context.embedded.AnnotationConfigEmbeddedWebApplicationContext@22a637e7: startup date [Mon May 06 21:44:33 CST 2019]; root of context hierarchy
2019-05-06_21 21:44:36.313 INFO  [main] org.springframework.web.servlet.handler.SimpleUrlHandlerMapping - Mapped URL path [/webjars/**] onto handler of type [class org.springframework.web.servlet.resource.ResourceHttpRequestHandler]
2019-05-06_21 21:44:36.313 INFO  [main] org.springframework.web.servlet.handler.SimpleUrlHandlerMapping - Mapped URL path [/**] onto handler of type [class org.springframework.web.servlet.resource.ResourceHttpRequestHandler]
2019-05-06_21 21:44:36.338 INFO  [main] org.springframework.web.servlet.handler.SimpleUrlHandlerMapping - Mapped URL path [/**/favicon.ico] onto handler of type [class org.springframework.web.servlet.resource.ResourceHttpRequestHandler]
2019-05-06_21 21:44:36.534 INFO  [main] org.springframework.jmx.export.annotation.AnnotationMBeanExporter - Registering beans for JMX exposure on startup
2019-05-06_21 21:44:36.536 INFO  [main] org.springframework.jmx.export.annotation.AnnotationMBeanExporter - Bean with name 'statFilter' has been autodetected for JMX exposure
2019-05-06_21 21:44:36.536 INFO  [main] org.springframework.jmx.export.annotation.AnnotationMBeanExporter - Bean with name 'dataSource' has been autodetected for JMX exposure
2019-05-06_21 21:44:36.541 INFO  [main] org.springframework.jmx.export.annotation.AnnotationMBeanExporter - Located MBean 'dataSource': registering with JMX server as MBean [com.alibaba.druid.spring.boot.autoconfigure:name=dataSource,type=DruidDataSourceWrapper]
2019-05-06_21 21:44:36.542 INFO  [main] org.springframework.jmx.export.annotation.AnnotationMBeanExporter - Located MBean 'statFilter': registering with JMX server as MBean [com.alibaba.druid.filter.stat:name=statFilter,type=StatFilter]
2019-05-06_21 21:44:36.545 INFO  [main] org.springframework.context.support.DefaultLifecycleProcessor - Starting beans in phase 2147483647
2019-05-06_21 21:44:36.545 INFO  [main] springfox.documentation.spring.web.plugins.DocumentationPluginsBootstrapper - Context refreshed
2019-05-06_21 21:44:36.555 INFO  [main] springfox.documentation.spring.web.plugins.DocumentationPluginsBootstrapper - Found 1 custom documentation plugin(s)
2019-05-06_21 21:44:36.674 INFO  [main] springfox.documentation.spring.web.scanners.ApiListingReferenceScanner - Scanning for api listing references
2019-05-06_21 21:44:36.806 INFO  [main] springfox.documentation.spring.web.readers.operation.CachingOperationNameGenerator - Generating unique operation named: findAllUsingPOST_1
2019-05-06_21 21:44:36.824 INFO  [main] springfox.documentation.spring.web.readers.operation.CachingOperationNameGenerator - Generating unique operation named: findAllUsingPOST_2
2019-05-06_21 21:44:36.873 INFO  [main] org.apache.coyote.http11.Http11NioProtocol - Starting ProtocolHandler ["http-nio-8084"]
2019-05-06_21 21:44:36.897 INFO  [main] org.apache.tomcat.util.net.NioSelectorPool - Using a shared selector for servlet write/read
2019-05-06_21 21:44:36.906 INFO  [main] org.springframework.boot.context.embedded.tomcat.TomcatEmbeddedServletContainer - Tomcat started on port(s): 8084 (http)
2019-05-06_21 21:44:36.912 INFO  [main] com.example.park.ParkApplication - Started ParkApplication in 3.57 seconds (JVM running for 4.018)
2019-05-06_21 21:44:55.531 INFO  [http-nio-8084-exec-1] org.apache.catalina.core.ContainerBase.[Tomcat].[localhost].[/] - Initializing Spring FrameworkServlet 'dispatcherServlet'
2019-05-06_21 21:44:55.532 INFO  [http-nio-8084-exec-1] org.springframework.web.servlet.DispatcherServlet - FrameworkServlet 'dispatcherServlet': initialization started
2019-05-06_21 21:44:55.545 INFO  [http-nio-8084-exec-1] org.springframework.web.servlet.DispatcherServlet - FrameworkServlet 'dispatcherServlet': initialization completed in 13 ms
