2019-05-28_16 16:00:17.858 INFO  [Thread-12] org.springframework.boot.context.embedded.AnnotationConfigEmbeddedWebApplicationContext - Closing org.springframework.boot.context.embedded.AnnotationConfigEmbeddedWebApplicationContext@22a637e7: startup date [Tue May 28 15:44:44 CST 2019]; root of context hierarchy
2019-05-28_16 16:00:17.881 INFO  [Thread-12] org.springframework.context.support.DefaultLifecycleProcessor - Stopping beans in phase 2147483647
2019-05-28_16 16:00:17.886 INFO  [Thread-12] org.springframework.jmx.export.annotation.AnnotationMBeanExporter - Unregistering JMX-exposed beans on shutdown
2019-05-28_16 16:00:17.887 INFO  [Thread-12] org.springframework.jmx.export.annotation.AnnotationMBeanExporter - Unregistering JMX-exposed beans
2019-05-28_16 16:00:17.891 INFO  [Thread-12] com.alibaba.druid.pool.DruidDataSource - {dataSource-1} closed
2019-05-28_16 16:00:21.779 INFO  [main] com.example.park.ParkApplication - Starting ParkApplication on bogon with PID 2366 (/Users/liubing/Desktop/code/IdeaProjects/park/target/classes started by liubing in /Users/liubing/Desktop/code/IdeaProjects/park)
2019-05-28_16 16:00:21.782 INFO  [main] com.example.park.ParkApplication - No active profile set, falling back to default profiles: default
2019-05-28_16 16:00:21.830 INFO  [main] org.springframework.boot.context.embedded.AnnotationConfigEmbeddedWebApplicationContext - Refreshing org.springframework.boot.context.embedded.AnnotationConfigEmbeddedWebApplicationContext@13d4992d: startup date [Tue May 28 16:00:21 CST 2019]; root of context hierarchy
2019-05-28_16 16:00:21.927 INFO  [background-preinit] org.hibernate.validator.internal.util.Version - HV000001: Hibernate Validator 5.3.6.Final
2019-05-28_16 16:00:22.880 INFO  [main] org.springframework.context.support.PostProcessorRegistrationDelegate$BeanPostProcessorChecker - Bean 'org.springframework.transaction.annotation.ProxyTransactionManagementConfiguration' of type [org.springframework.transaction.annotation.ProxyTransactionManagementConfiguration$$EnhancerBySpringCGLIB$$888773aa] is not eligible for getting processed by all BeanPostProcessors (for example: not eligible for auto-proxying)
2019-05-28_16 16:00:23.230 INFO  [main] org.springframework.boot.context.embedded.tomcat.TomcatEmbeddedServletContainer - Tomcat initialized with port(s): 8084 (http)
2019-05-28_16 16:00:23.243 INFO  [main] org.apache.coyote.http11.Http11NioProtocol - Initializing ProtocolHandler ["http-nio-8084"]
2019-05-28_16 16:00:23.254 INFO  [main] org.apache.catalina.core.StandardService - Starting service [Tomcat]
2019-05-28_16 16:00:23.254 INFO  [main] org.apache.catalina.core.StandardEngine - Starting Servlet Engine: Apache Tomcat/8.5.34
2019-05-28_16 16:00:23.361 INFO  [localhost-startStop-1] org.apache.catalina.core.ContainerBase.[Tomcat].[localhost].[/] - Initializing Spring embedded WebApplicationContext
2019-05-28_16 16:00:23.361 INFO  [localhost-startStop-1] org.springframework.web.context.ContextLoader - Root WebApplicationContext: initialization completed in 1531 ms
2019-05-28_16 16:00:23.642 INFO  [localhost-startStop-1] org.springframework.boot.web.servlet.ServletRegistrationBean - Mapping servlet: 'dispatcherServlet' to [/]
2019-05-28_16 16:00:23.644 INFO  [localhost-startStop-1] org.springframework.boot.web.servlet.ServletRegistrationBean - Mapping servlet: 'statViewServlet' to [/druid/*]
2019-05-28_16 16:00:23.649 INFO  [localhost-startStop-1] org.springframework.boot.web.servlet.FilterRegistrationBean - Mapping filter: 'characterEncodingFilter' to: [/*]
2019-05-28_16 16:00:23.650 INFO  [localhost-startStop-1] org.springframework.boot.web.servlet.FilterRegistrationBean - Mapping filter: 'hiddenHttpMethodFilter' to: [/*]
2019-05-28_16 16:00:23.650 INFO  [localhost-startStop-1] org.springframework.boot.web.servlet.FilterRegistrationBean - Mapping filter: 'httpPutFormContentFilter' to: [/*]
2019-05-28_16 16:00:23.650 INFO  [localhost-startStop-1] org.springframework.boot.web.servlet.FilterRegistrationBean - Mapping filter: 'requestContextFilter' to: [/*]
2019-05-28_16 16:00:23.650 INFO  [localhost-startStop-1] org.springframework.boot.web.servlet.FilterRegistrationBean - Mapping filter: 'webStatFilter' to urls: [/*]
2019-05-28_16 16:00:23.650 INFO  [localhost-startStop-1] org.springframework.boot.web.servlet.FilterRegistrationBean - Mapping filter: 'corsFilter' to: [/*]
2019-05-28_16 16:00:23.831 INFO  [main] com.alibaba.druid.spring.boot.autoconfigure.DruidDataSourceAutoConfigure - Init DruidDataSource
2019-05-28_16 16:00:24.322 INFO  [main] com.alibaba.druid.pool.DruidDataSource - {dataSource-1} inited
2019-05-28_16 16:00:24.695 INFO  [main] org.springframework.web.servlet.mvc.method.annotation.RequestMappingHandlerMapping - Mapped "{[/car/addCar],methods=[POST]}" onto public com.example.park.commonbox.Result com.example.park.controller.CarController.addCar(com.example.park.pojo.dto.CarDTO)
2019-05-28_16 16:00:24.696 INFO  [main] org.springframework.web.servlet.mvc.method.annotation.RequestMappingHandlerMapping - Mapped "{[/car/deleteCar],methods=[POST]}" onto public com.example.park.commonbox.Result com.example.park.controller.CarController.deleteCar(com.example.park.pojo.dto.CarIdDTO)
2019-05-28_16 16:00:24.696 INFO  [main] org.springframework.web.servlet.mvc.method.annotation.RequestMappingHandlerMapping - Mapped "{[/car/updateCar],methods=[POST]}" onto public com.example.park.commonbox.Result com.example.park.controller.CarController.updateCar(com.example.park.pojo.dto.CarDTO)
2019-05-28_16 16:00:24.696 INFO  [main] org.springframework.web.servlet.mvc.method.annotation.RequestMappingHandlerMapping - Mapped "{[/car/findAll],methods=[POST]}" onto public com.example.park.commonbox.Result com.example.park.controller.CarController.findAll()
2019-05-28_16 16:00:24.696 INFO  [main] org.springframework.web.servlet.mvc.method.annotation.RequestMappingHandlerMapping - Mapped "{[/car/findCarByType],methods=[POST]}" onto public com.example.park.commonbox.Result com.example.park.controller.CarController.findCarByType(com.example.park.pojo.dto.CarTypeDTO)
2019-05-28_16 16:00:24.697 INFO  [main] org.springframework.web.servlet.mvc.method.annotation.RequestMappingHandlerMapping - Mapped "{[/car/findCarNotPark],methods=[POST]}" onto public com.example.park.commonbox.Result com.example.park.controller.CarController.findCarNotPark()
2019-05-28_16 16:00:24.697 INFO  [main] org.springframework.web.servlet.mvc.method.annotation.RequestMappingHandlerMapping - Mapped "{[/car/findCarByCarNumber],methods=[POST]}" onto public com.example.park.commonbox.Result com.example.park.controller.CarController.findCarByCarNumber(com.example.park.pojo.dto.CarNumberDTO)
2019-05-28_16 16:00:24.698 INFO  [main] org.springframework.web.servlet.mvc.method.annotation.RequestMappingHandlerMapping - Mapped "{[/carPlace/addPlace],methods=[POST]}" onto public com.example.park.commonbox.Result com.example.park.controller.CarPlaceController.addPlace(com.example.park.pojo.dto.PlaceDTO)
2019-05-28_16 16:00:24.698 INFO  [main] org.springframework.web.servlet.mvc.method.annotation.RequestMappingHandlerMapping - Mapped "{[/carPlace/deletePlace],methods=[POST]}" onto public com.example.park.commonbox.Result com.example.park.controller.CarPlaceController.deletePlace(com.example.park.pojo.dto.CarPlactIdDTO)
2019-05-28_16 16:00:24.699 INFO  [main] org.springframework.web.servlet.mvc.method.annotation.RequestMappingHandlerMapping - Mapped "{[/carPlace/updatePlace],methods=[POST]}" onto public com.example.park.commonbox.Result com.example.park.controller.CarPlaceController.updatePlace(com.example.park.pojo.dto.PlaceDTO)
2019-05-28_16 16:00:24.699 INFO  [main] org.springframework.web.servlet.mvc.method.annotation.RequestMappingHandlerMapping - Mapped "{[/carPlace/findPlaceByStatus],methods=[POST]}" onto public com.example.park.commonbox.Result com.example.park.controller.CarPlaceController.findPlaceByStatus(com.example.park.pojo.dto.PlaceStatusDTO)
2019-05-28_16 16:00:24.699 INFO  [main] org.springframework.web.servlet.mvc.method.annotation.RequestMappingHandlerMapping - Mapped "{[/carPlace/findPlaceByPlaceName],methods=[POST]}" onto public com.example.park.commonbox.Result com.example.park.controller.CarPlaceController.findPlaceByPlaceName(com.example.park.pojo.dto.PlaceNameDTO)
2019-05-28_16 16:00:24.700 INFO  [main] org.springframework.web.servlet.mvc.method.annotation.RequestMappingHandlerMapping - Mapped "{[/carPlace/findAll],methods=[POST]}" onto public com.example.park.commonbox.Result com.example.park.controller.CarPlaceController.findAll()
2019-05-28_16 16:00:24.703 INFO  [main] org.springframework.web.servlet.mvc.method.annotation.RequestMappingHandlerMapping - Mapped "{[/park/start],methods=[POST]}" onto public com.example.park.commonbox.Result com.example.park.controller.ParkController.start(com.example.park.pojo.dto.ParkStartDTO)
2019-05-28_16 16:00:24.703 INFO  [main] org.springframework.web.servlet.mvc.method.annotation.RequestMappingHandlerMapping - Mapped "{[/park/findAll],methods=[POST]}" onto public com.example.park.commonbox.Result com.example.park.controller.ParkController.findAll(com.example.park.pojo.dto.PageDTO)
2019-05-28_16 16:00:24.704 INFO  [main] org.springframework.web.servlet.mvc.method.annotation.RequestMappingHandlerMapping - Mapped "{[/park/findByCarNumber],methods=[POST]}" onto public com.example.park.commonbox.Result com.example.park.controller.ParkController.findByCarNumber(com.example.park.pojo.dto.CarNumberPageDTO)
2019-05-28_16 16:00:24.704 INFO  [main] org.springframework.web.servlet.mvc.method.annotation.RequestMappingHandlerMapping - Mapped "{[/park/findByMasterId],methods=[POST]}" onto public com.example.park.commonbox.Result com.example.park.controller.ParkController.findByMasterId(com.example.park.pojo.dto.UserIdPageDTO)
2019-05-28_16 16:00:24.704 INFO  [main] org.springframework.web.servlet.mvc.method.annotation.RequestMappingHandlerMapping - Mapped "{[/park/end],methods=[POST]}" onto public com.example.park.commonbox.Result com.example.park.controller.ParkController.end(com.example.park.pojo.dto.ParkEndDTO)
2019-05-28_16 16:00:24.705 INFO  [main] org.springframework.web.servlet.mvc.method.annotation.RequestMappingHandlerMapping - Mapped "{[/user/add],methods=[POST]}" onto public com.example.park.commonbox.Result com.example.park.controller.UserController.addUser(com.example.park.pojo.dto.UserDTO)
2019-05-28_16 16:00:24.705 INFO  [main] org.springframework.web.servlet.mvc.method.annotation.RequestMappingHandlerMapping - Mapped "{[/user/login],methods=[POST]}" onto public com.example.park.commonbox.Result com.example.park.controller.UserController.login(com.example.park.pojo.dto.LoginDTO)
2019-05-28_16 16:00:24.706 INFO  [main] org.springframework.web.servlet.mvc.method.annotation.RequestMappingHandlerMapping - Mapped "{[/user/delete],methods=[POST]}" onto public com.example.park.commonbox.Result com.example.park.controller.UserController.deleteUser(com.example.park.pojo.dto.UserIdDTO)
2019-05-28_16 16:00:24.706 INFO  [main] org.springframework.web.servlet.mvc.method.annotation.RequestMappingHandlerMapping - Mapped "{[/user/findByRole],methods=[POST]}" onto public com.example.park.commonbox.Result com.example.park.controller.UserController.findByRole(com.example.park.pojo.dto.UserRoleIdDTO)
2019-05-28_16 16:00:24.706 INFO  [main] org.springframework.web.servlet.mvc.method.annotation.RequestMappingHandlerMapping - Mapped "{[/user/findByUserName],methods=[POST]}" onto public com.example.park.commonbox.Result com.example.park.controller.UserController.findByUserName(com.example.park.pojo.dto.UserNameDTO)
2019-05-28_16 16:00:24.706 INFO  [main] org.springframework.web.servlet.mvc.method.annotation.RequestMappingHandlerMapping - Mapped "{[/user/update],methods=[POST]}" onto public com.example.park.commonbox.Result com.example.park.controller.UserController.updateUser(com.example.park.pojo.dto.UpdateUserInfoDTO)
2019-05-28_16 16:00:24.706 INFO  [main] org.springframework.web.servlet.mvc.method.annotation.RequestMappingHandlerMapping - Mapped "{[/user/findAllUser],methods=[POST]}" onto public com.example.park.commonbox.Result com.example.park.controller.UserController.findAllUser()
2019-05-28_16 16:00:24.708 INFO  [main] org.springframework.web.servlet.mvc.method.annotation.RequestMappingHandlerMapping - Mapped "{[/swagger-resources/configuration/security]}" onto public org.springframework.http.ResponseEntity<springfox.documentation.swagger.web.SecurityConfiguration> springfox.documentation.swagger.web.ApiResourceController.securityConfiguration()
2019-05-28_16 16:00:24.709 INFO  [main] org.springframework.web.servlet.mvc.method.annotation.RequestMappingHandlerMapping - Mapped "{[/swagger-resources/configuration/ui]}" onto public org.springframework.http.ResponseEntity<springfox.documentation.swagger.web.UiConfiguration> springfox.documentation.swagger.web.ApiResourceController.uiConfiguration()
2019-05-28_16 16:00:24.710 INFO  [main] org.springframework.web.servlet.mvc.method.annotation.RequestMappingHandlerMapping - Mapped "{[/swagger-resources]}" onto public org.springframework.http.ResponseEntity<java.util.List<springfox.documentation.swagger.web.SwaggerResource>> springfox.documentation.swagger.web.ApiResourceController.swaggerResources()
2019-05-28_16 16:00:24.712 INFO  [main] org.springframework.web.servlet.mvc.method.annotation.RequestMappingHandlerMapping - Mapped "{[/error]}" onto public org.springframework.http.ResponseEntity<java.util.Map<java.lang.String, java.lang.Object>> org.springframework.boot.autoconfigure.web.BasicErrorController.error(javax.servlet.http.HttpServletRequest)
2019-05-28_16 16:00:24.712 INFO  [main] org.springframework.web.servlet.mvc.method.annotation.RequestMappingHandlerMapping - Mapped "{[/error],produces=[text/html]}" onto public org.springframework.web.servlet.ModelAndView org.springframework.boot.autoconfigure.web.BasicErrorController.errorHtml(javax.servlet.http.HttpServletRequest,javax.servlet.http.HttpServletResponse)
2019-05-28_16 16:00:24.826 INFO  [main] springfox.documentation.spring.web.PropertySourcedRequestMappingHandlerMapping - Mapped URL path [/v2/api-docs] onto method [public org.springframework.http.ResponseEntity<springfox.documentation.spring.web.json.Json> springfox.documentation.swagger2.web.Swagger2Controller.getDocumentation(java.lang.String,javax.servlet.http.HttpServletRequest)]
2019-05-28_16 16:00:25.027 INFO  [main] org.springframework.web.servlet.mvc.method.annotation.RequestMappingHandlerAdapter - Looking for @ControllerAdvice: org.springframework.boot.context.embedded.AnnotationConfigEmbeddedWebApplicationContext@13d4992d: startup date [Tue May 28 16:00:21 CST 2019]; root of context hierarchy
2019-05-28_16 16:00:25.088 INFO  [main] org.springframework.web.servlet.handler.SimpleUrlHandlerMapping - Mapped URL path [/webjars/**] onto handler of type [class org.springframework.web.servlet.resource.ResourceHttpRequestHandler]
2019-05-28_16 16:00:25.088 INFO  [main] org.springframework.web.servlet.handler.SimpleUrlHandlerMapping - Mapped URL path [/**] onto handler of type [class org.springframework.web.servlet.resource.ResourceHttpRequestHandler]
2019-05-28_16 16:00:25.131 INFO  [main] org.springframework.web.servlet.handler.SimpleUrlHandlerMapping - Mapped URL path [/**/favicon.ico] onto handler of type [class org.springframework.web.servlet.resource.ResourceHttpRequestHandler]
2019-05-28_16 16:00:25.658 INFO  [main] org.springframework.jmx.export.annotation.AnnotationMBeanExporter - Registering beans for JMX exposure on startup
2019-05-28_16 16:00:25.660 INFO  [main] org.springframework.jmx.export.annotation.AnnotationMBeanExporter - Bean with name 'statFilter' has been autodetected for JMX exposure
2019-05-28_16 16:00:25.660 INFO  [main] org.springframework.jmx.export.annotation.AnnotationMBeanExporter - Bean with name 'dataSource' has been autodetected for JMX exposure
2019-05-28_16 16:00:25.666 INFO  [main] org.springframework.jmx.export.annotation.AnnotationMBeanExporter - Located MBean 'dataSource': registering with JMX server as MBean [com.alibaba.druid.spring.boot.autoconfigure:name=dataSource,type=DruidDataSourceWrapper]
2019-05-28_16 16:00:25.666 INFO  [main] org.springframework.jmx.export.annotation.AnnotationMBeanExporter - Located MBean 'statFilter': registering with JMX server as MBean [com.alibaba.druid.filter.stat:name=statFilter,type=StatFilter]
2019-05-28_16 16:00:25.669 INFO  [main] org.springframework.context.support.DefaultLifecycleProcessor - Starting beans in phase 2147483647
2019-05-28_16 16:00:25.669 INFO  [main] springfox.documentation.spring.web.plugins.DocumentationPluginsBootstrapper - Context refreshed
2019-05-28_16 16:00:25.681 INFO  [main] springfox.documentation.spring.web.plugins.DocumentationPluginsBootstrapper - Found 1 custom documentation plugin(s)
2019-05-28_16 16:00:25.710 INFO  [main] springfox.documentation.spring.web.scanners.ApiListingReferenceScanner - Scanning for api listing references
2019-05-28_16 16:00:25.899 INFO  [main] springfox.documentation.spring.web.readers.operation.CachingOperationNameGenerator - Generating unique operation named: findAllUsingPOST_1
2019-05-28_16 16:00:25.918 INFO  [main] springfox.documentation.spring.web.readers.operation.CachingOperationNameGenerator - Generating unique operation named: findAllUsingPOST_2
2019-05-28_16 16:00:25.970 INFO  [main] org.apache.coyote.http11.Http11NioProtocol - Starting ProtocolHandler ["http-nio-8084"]
2019-05-28_16 16:00:25.994 INFO  [main] org.apache.tomcat.util.net.NioSelectorPool - Using a shared selector for servlet write/read
2019-05-28_16 16:00:26.008 INFO  [main] org.springframework.boot.context.embedded.tomcat.TomcatEmbeddedServletContainer - Tomcat started on port(s): 8084 (http)
2019-05-28_16 16:00:26.015 INFO  [main] com.example.park.ParkApplication - Started ParkApplication in 4.695 seconds (JVM running for 6.263)
2019-05-28_16 16:00:26.902 INFO  [http-nio-8084-exec-1] org.apache.catalina.core.ContainerBase.[Tomcat].[localhost].[/] - Initializing Spring FrameworkServlet 'dispatcherServlet'
2019-05-28_16 16:00:26.902 INFO  [http-nio-8084-exec-1] org.springframework.web.servlet.DispatcherServlet - FrameworkServlet 'dispatcherServlet': initialization started
2019-05-28_16 16:00:26.923 INFO  [http-nio-8084-exec-1] org.springframework.web.servlet.DispatcherServlet - FrameworkServlet 'dispatcherServlet': initialization completed in 20 ms
2019-05-28_16 16:01:38.005 INFO  [Thread-13] org.springframework.boot.context.embedded.AnnotationConfigEmbeddedWebApplicationContext - Closing org.springframework.boot.context.embedded.AnnotationConfigEmbeddedWebApplicationContext@13d4992d: startup date [Tue May 28 16:00:21 CST 2019]; root of context hierarchy
2019-05-28_16 16:01:38.008 INFO  [Thread-13] org.springframework.context.support.DefaultLifecycleProcessor - Stopping beans in phase 2147483647
2019-05-28_16 16:01:38.009 INFO  [Thread-13] org.springframework.jmx.export.annotation.AnnotationMBeanExporter - Unregistering JMX-exposed beans on shutdown
2019-05-28_16 16:01:38.009 INFO  [Thread-13] org.springframework.jmx.export.annotation.AnnotationMBeanExporter - Unregistering JMX-exposed beans
2019-05-28_16 16:01:38.016 INFO  [Thread-13] com.alibaba.druid.pool.DruidDataSource - {dataSource-1} closed
2019-05-28_16 16:03:14.650 INFO  [main] com.example.park.ParkApplication - Starting ParkApplication on bogon with PID 2383 (/Users/liubing/Desktop/code/IdeaProjects/park/target/classes started by liubing in /Users/liubing/Desktop/code/IdeaProjects/park)
2019-05-28_16 16:03:14.653 INFO  [main] com.example.park.ParkApplication - No active profile set, falling back to default profiles: default
2019-05-28_16 16:03:14.698 INFO  [main] org.springframework.boot.context.embedded.AnnotationConfigEmbeddedWebApplicationContext - Refreshing org.springframework.boot.context.embedded.AnnotationConfigEmbeddedWebApplicationContext@1c93f6e1: startup date [Tue May 28 16:03:14 CST 2019]; root of context hierarchy
2019-05-28_16 16:03:14.851 INFO  [background-preinit] org.hibernate.validator.internal.util.Version - HV000001: Hibernate Validator 5.3.6.Final
2019-05-28_16 16:03:15.798 INFO  [main] org.springframework.context.support.PostProcessorRegistrationDelegate$BeanPostProcessorChecker - Bean 'org.springframework.transaction.annotation.ProxyTransactionManagementConfiguration' of type [org.springframework.transaction.annotation.ProxyTransactionManagementConfiguration$$EnhancerBySpringCGLIB$$5fa1cd84] is not eligible for getting processed by all BeanPostProcessors (for example: not eligible for auto-proxying)
2019-05-28_16 16:03:16.253 INFO  [main] org.springframework.boot.context.embedded.tomcat.TomcatEmbeddedServletContainer - Tomcat initialized with port(s): 8084 (http)
2019-05-28_16 16:03:16.271 INFO  [main] org.apache.coyote.http11.Http11NioProtocol - Initializing ProtocolHandler ["http-nio-8084"]
2019-05-28_16 16:03:16.287 INFO  [main] org.apache.catalina.core.StandardService - Starting service [Tomcat]
2019-05-28_16 16:03:16.287 INFO  [main] org.apache.catalina.core.StandardEngine - Starting Servlet Engine: Apache Tomcat/8.5.34
2019-05-28_16 16:03:16.437 INFO  [localhost-startStop-1] org.apache.catalina.core.ContainerBase.[Tomcat].[localhost].[/] - Initializing Spring embedded WebApplicationContext
2019-05-28_16 16:03:16.437 INFO  [localhost-startStop-1] org.springframework.web.context.ContextLoader - Root WebApplicationContext: initialization completed in 1739 ms
2019-05-28_16 16:03:16.649 INFO  [localhost-startStop-1] org.springframework.boot.web.servlet.ServletRegistrationBean - Mapping servlet: 'dispatcherServlet' to [/]
2019-05-28_16 16:03:16.650 INFO  [localhost-startStop-1] org.springframework.boot.web.servlet.ServletRegistrationBean - Mapping servlet: 'statViewServlet' to [/druid/*]
2019-05-28_16 16:03:16.654 INFO  [localhost-startStop-1] org.springframework.boot.web.servlet.FilterRegistrationBean - Mapping filter: 'characterEncodingFilter' to: [/*]
2019-05-28_16 16:03:16.654 INFO  [localhost-startStop-1] org.springframework.boot.web.servlet.FilterRegistrationBean - Mapping filter: 'hiddenHttpMethodFilter' to: [/*]
2019-05-28_16 16:03:16.654 INFO  [localhost-startStop-1] org.springframework.boot.web.servlet.FilterRegistrationBean - Mapping filter: 'httpPutFormContentFilter' to: [/*]
2019-05-28_16 16:03:16.654 INFO  [localhost-startStop-1] org.springframework.boot.web.servlet.FilterRegistrationBean - Mapping filter: 'requestContextFilter' to: [/*]
2019-05-28_16 16:03:16.655 INFO  [localhost-startStop-1] org.springframework.boot.web.servlet.FilterRegistrationBean - Mapping filter: 'webStatFilter' to urls: [/*]
2019-05-28_16 16:03:16.655 INFO  [localhost-startStop-1] org.springframework.boot.web.servlet.FilterRegistrationBean - Mapping filter: 'corsFilter' to: [/*]
2019-05-28_16 16:03:16.828 INFO  [main] com.alibaba.druid.spring.boot.autoconfigure.DruidDataSourceAutoConfigure - Init DruidDataSource
2019-05-28_16 16:03:17.307 INFO  [main] com.alibaba.druid.pool.DruidDataSource - {dataSource-1} inited
2019-05-28_16 16:03:17.686 INFO  [main] org.springframework.web.servlet.mvc.method.annotation.RequestMappingHandlerMapping - Mapped "{[/car/findAll],methods=[POST]}" onto public com.example.park.commonbox.Result com.example.park.controller.CarController.findAll()
2019-05-28_16 16:03:17.689 INFO  [main] org.springframework.web.servlet.mvc.method.annotation.RequestMappingHandlerMapping - Mapped "{[/car/addCar],methods=[POST]}" onto public com.example.park.commonbox.Result com.example.park.controller.CarController.addCar(com.example.park.pojo.dto.CarDTO)
2019-05-28_16 16:03:17.689 INFO  [main] org.springframework.web.servlet.mvc.method.annotation.RequestMappingHandlerMapping - Mapped "{[/car/deleteCar],methods=[POST]}" onto public com.example.park.commonbox.Result com.example.park.controller.CarController.deleteCar(com.example.park.pojo.dto.CarIdDTO)
2019-05-28_16 16:03:17.689 INFO  [main] org.springframework.web.servlet.mvc.method.annotation.RequestMappingHandlerMapping - Mapped "{[/car/updateCar],methods=[POST]}" onto public com.example.park.commonbox.Result com.example.park.controller.CarController.updateCar(com.example.park.pojo.dto.CarDTO)
2019-05-28_16 16:03:17.689 INFO  [main] org.springframework.web.servlet.mvc.method.annotation.RequestMappingHandlerMapping - Mapped "{[/car/findCarByType],methods=[POST]}" onto public com.example.park.commonbox.Result com.example.park.controller.CarController.findCarByType(com.example.park.pojo.dto.CarTypeDTO)
2019-05-28_16 16:03:17.690 INFO  [main] org.springframework.web.servlet.mvc.method.annotation.RequestMappingHandlerMapping - Mapped "{[/car/findCarNotPark],methods=[POST]}" onto public com.example.park.commonbox.Result com.example.park.controller.CarController.findCarNotPark()
2019-05-28_16 16:03:17.690 INFO  [main] org.springframework.web.servlet.mvc.method.annotation.RequestMappingHandlerMapping - Mapped "{[/car/findCarByCarNumber],methods=[POST]}" onto public com.example.park.commonbox.Result com.example.park.controller.CarController.findCarByCarNumber(com.example.park.pojo.dto.CarNumberDTO)
2019-05-28_16 16:03:17.691 INFO  [main] org.springframework.web.servlet.mvc.method.annotation.RequestMappingHandlerMapping - Mapped "{[/carPlace/findAll],methods=[POST]}" onto public com.example.park.commonbox.Result com.example.park.controller.CarPlaceController.findAll()
2019-05-28_16 16:03:17.692 INFO  [main] org.springframework.web.servlet.mvc.method.annotation.RequestMappingHandlerMapping - Mapped "{[/carPlace/addPlace],methods=[POST]}" onto public com.example.park.commonbox.Result com.example.park.controller.CarPlaceController.addPlace(com.example.park.pojo.dto.PlaceDTO)
2019-05-28_16 16:03:17.692 INFO  [main] org.springframework.web.servlet.mvc.method.annotation.RequestMappingHandlerMapping - Mapped "{[/carPlace/deletePlace],methods=[POST]}" onto public com.example.park.commonbox.Result com.example.park.controller.CarPlaceController.deletePlace(com.example.park.pojo.dto.CarPlactIdDTO)
2019-05-28_16 16:03:17.692 INFO  [main] org.springframework.web.servlet.mvc.method.annotation.RequestMappingHandlerMapping - Mapped "{[/carPlace/updatePlace],methods=[POST]}" onto public com.example.park.commonbox.Result com.example.park.controller.CarPlaceController.updatePlace(com.example.park.pojo.dto.PlaceDTO)
2019-05-28_16 16:03:17.692 INFO  [main] org.springframework.web.servlet.mvc.method.annotation.RequestMappingHandlerMapping - Mapped "{[/carPlace/findPlaceByStatus],methods=[POST]}" onto public com.example.park.commonbox.Result com.example.park.controller.CarPlaceController.findPlaceByStatus(com.example.park.pojo.dto.PlaceStatusDTO)
2019-05-28_16 16:03:17.693 INFO  [main] org.springframework.web.servlet.mvc.method.annotation.RequestMappingHandlerMapping - Mapped "{[/carPlace/findPlaceByPlaceName],methods=[POST]}" onto public com.example.park.commonbox.Result com.example.park.controller.CarPlaceController.findPlaceByPlaceName(com.example.park.pojo.dto.PlaceNameDTO)
2019-05-28_16 16:03:17.696 INFO  [main] org.springframework.web.servlet.mvc.method.annotation.RequestMappingHandlerMapping - Mapped "{[/park/start],methods=[POST]}" onto public com.example.park.commonbox.Result com.example.park.controller.ParkController.start(com.example.park.pojo.dto.ParkStartDTO)
2019-05-28_16 16:03:17.696 INFO  [main] org.springframework.web.servlet.mvc.method.annotation.RequestMappingHandlerMapping - Mapped "{[/park/findAll],methods=[POST]}" onto public com.example.park.commonbox.Result com.example.park.controller.ParkController.findAll(com.example.park.pojo.dto.PageDTO)
2019-05-28_16 16:03:17.696 INFO  [main] org.springframework.web.servlet.mvc.method.annotation.RequestMappingHandlerMapping - Mapped "{[/park/findByCarNumber],methods=[POST]}" onto public com.example.park.commonbox.Result com.example.park.controller.ParkController.findByCarNumber(com.example.park.pojo.dto.CarNumberPageDTO)
2019-05-28_16 16:03:17.697 INFO  [main] org.springframework.web.servlet.mvc.method.annotation.RequestMappingHandlerMapping - Mapped "{[/park/findByMasterId],methods=[POST]}" onto public com.example.park.commonbox.Result com.example.park.controller.ParkController.findByMasterId(com.example.park.pojo.dto.UserIdPageDTO)
2019-05-28_16 16:03:17.697 INFO  [main] org.springframework.web.servlet.mvc.method.annotation.RequestMappingHandlerMapping - Mapped "{[/park/end],methods=[POST]}" onto public com.example.park.commonbox.Result com.example.park.controller.ParkController.end(com.example.park.pojo.dto.ParkEndDTO)
2019-05-28_16 16:03:17.698 INFO  [main] org.springframework.web.servlet.mvc.method.annotation.RequestMappingHandlerMapping - Mapped "{[/user/add],methods=[POST]}" onto public com.example.park.commonbox.Result com.example.park.controller.UserController.addUser(com.example.park.pojo.dto.UserDTO)
2019-05-28_16 16:03:17.698 INFO  [main] org.springframework.web.servlet.mvc.method.annotation.RequestMappingHandlerMapping - Mapped "{[/user/login],methods=[POST]}" onto public com.example.park.commonbox.Result com.example.park.controller.UserController.login(com.example.park.pojo.dto.LoginDTO)
2019-05-28_16 16:03:17.699 INFO  [main] org.springframework.web.servlet.mvc.method.annotation.RequestMappingHandlerMapping - Mapped "{[/user/delete],methods=[POST]}" onto public com.example.park.commonbox.Result com.example.park.controller.UserController.deleteUser(com.example.park.pojo.dto.UserIdDTO)
2019-05-28_16 16:03:17.699 INFO  [main] org.springframework.web.servlet.mvc.method.annotation.RequestMappingHandlerMapping - Mapped "{[/user/findByRole],methods=[POST]}" onto public com.example.park.commonbox.Result com.example.park.controller.UserController.findByRole(com.example.park.pojo.dto.UserRoleIdDTO)
2019-05-28_16 16:03:17.699 INFO  [main] org.springframework.web.servlet.mvc.method.annotation.RequestMappingHandlerMapping - Mapped "{[/user/findByUserName],methods=[POST]}" onto public com.example.park.commonbox.Result com.example.park.controller.UserController.findByUserName(com.example.park.pojo.dto.UserNameDTO)
2019-05-28_16 16:03:17.699 INFO  [main] org.springframework.web.servlet.mvc.method.annotation.RequestMappingHandlerMapping - Mapped "{[/user/update],methods=[POST]}" onto public com.example.park.commonbox.Result com.example.park.controller.UserController.updateUser(com.example.park.pojo.dto.UpdateUserInfoDTO)
2019-05-28_16 16:03:17.700 INFO  [main] org.springframework.web.servlet.mvc.method.annotation.RequestMappingHandlerMapping - Mapped "{[/user/findAllUser],methods=[POST]}" onto public com.example.park.commonbox.Result com.example.park.controller.UserController.findAllUser()
2019-05-28_16 16:03:17.702 INFO  [main] org.springframework.web.servlet.mvc.method.annotation.RequestMappingHandlerMapping - Mapped "{[/swagger-resources/configuration/security]}" onto public org.springframework.http.ResponseEntity<springfox.documentation.swagger.web.SecurityConfiguration> springfox.documentation.swagger.web.ApiResourceController.securityConfiguration()
2019-05-28_16 16:03:17.702 INFO  [main] org.springframework.web.servlet.mvc.method.annotation.RequestMappingHandlerMapping - Mapped "{[/swagger-resources/configuration/ui]}" onto public org.springframework.http.ResponseEntity<springfox.documentation.swagger.web.UiConfiguration> springfox.documentation.swagger.web.ApiResourceController.uiConfiguration()
2019-05-28_16 16:03:17.703 INFO  [main] org.springframework.web.servlet.mvc.method.annotation.RequestMappingHandlerMapping - Mapped "{[/swagger-resources]}" onto public org.springframework.http.ResponseEntity<java.util.List<springfox.documentation.swagger.web.SwaggerResource>> springfox.documentation.swagger.web.ApiResourceController.swaggerResources()
2019-05-28_16 16:03:17.705 INFO  [main] org.springframework.web.servlet.mvc.method.annotation.RequestMappingHandlerMapping - Mapped "{[/error]}" onto public org.springframework.http.ResponseEntity<java.util.Map<java.lang.String, java.lang.Object>> org.springframework.boot.autoconfigure.web.BasicErrorController.error(javax.servlet.http.HttpServletRequest)
2019-05-28_16 16:03:17.706 INFO  [main] org.springframework.web.servlet.mvc.method.annotation.RequestMappingHandlerMapping - Mapped "{[/error],produces=[text/html]}" onto public org.springframework.web.servlet.ModelAndView org.springframework.boot.autoconfigure.web.BasicErrorController.errorHtml(javax.servlet.http.HttpServletRequest,javax.servlet.http.HttpServletResponse)
2019-05-28_16 16:03:17.825 INFO  [main] springfox.documentation.spring.web.PropertySourcedRequestMappingHandlerMapping - Mapped URL path [/v2/api-docs] onto method [public org.springframework.http.ResponseEntity<springfox.documentation.spring.web.json.Json> springfox.documentation.swagger2.web.Swagger2Controller.getDocumentation(java.lang.String,javax.servlet.http.HttpServletRequest)]
2019-05-28_16 16:03:18.050 INFO  [main] org.springframework.web.servlet.mvc.method.annotation.RequestMappingHandlerAdapter - Looking for @ControllerAdvice: org.springframework.boot.context.embedded.AnnotationConfigEmbeddedWebApplicationContext@1c93f6e1: startup date [Tue May 28 16:03:14 CST 2019]; root of context hierarchy
2019-05-28_16 16:03:18.119 INFO  [main] org.springframework.web.servlet.handler.SimpleUrlHandlerMapping - Mapped URL path [/webjars/**] onto handler of type [class org.springframework.web.servlet.resource.ResourceHttpRequestHandler]
2019-05-28_16 16:03:18.119 INFO  [main] org.springframework.web.servlet.handler.SimpleUrlHandlerMapping - Mapped URL path [/**] onto handler of type [class org.springframework.web.servlet.resource.ResourceHttpRequestHandler]
2019-05-28_16 16:03:18.166 INFO  [main] org.springframework.web.servlet.handler.SimpleUrlHandlerMapping - Mapped URL path [/**/favicon.ico] onto handler of type [class org.springframework.web.servlet.resource.ResourceHttpRequestHandler]
2019-05-28_16 16:03:18.666 INFO  [main] org.springframework.jmx.export.annotation.AnnotationMBeanExporter - Registering beans for JMX exposure on startup
2019-05-28_16 16:03:18.668 INFO  [main] org.springframework.jmx.export.annotation.AnnotationMBeanExporter - Bean with name 'statFilter' has been autodetected for JMX exposure
2019-05-28_16 16:03:18.668 INFO  [main] org.springframework.jmx.export.annotation.AnnotationMBeanExporter - Bean with name 'dataSource' has been autodetected for JMX exposure
2019-05-28_16 16:03:18.674 INFO  [main] org.springframework.jmx.export.annotation.AnnotationMBeanExporter - Located MBean 'dataSource': registering with JMX server as MBean [com.alibaba.druid.spring.boot.autoconfigure:name=dataSource,type=DruidDataSourceWrapper]
2019-05-28_16 16:03:18.675 INFO  [main] org.springframework.jmx.export.annotation.AnnotationMBeanExporter - Located MBean 'statFilter': registering with JMX server as MBean [com.alibaba.druid.filter.stat:name=statFilter,type=StatFilter]
2019-05-28_16 16:03:18.677 INFO  [main] org.springframework.context.support.DefaultLifecycleProcessor - Starting beans in phase 2147483647
2019-05-28_16 16:03:18.677 INFO  [main] springfox.documentation.spring.web.plugins.DocumentationPluginsBootstrapper - Context refreshed
2019-05-28_16 16:03:18.693 INFO  [main] springfox.documentation.spring.web.plugins.DocumentationPluginsBootstrapper - Found 1 custom documentation plugin(s)
2019-05-28_16 16:03:18.722 INFO  [main] springfox.documentation.spring.web.scanners.ApiListingReferenceScanner - Scanning for api listing references
2019-05-28_16 16:03:18.903 INFO  [main] springfox.documentation.spring.web.readers.operation.CachingOperationNameGenerator - Generating unique operation named: findAllUsingPOST_1
2019-05-28_16 16:03:18.924 INFO  [main] springfox.documentation.spring.web.readers.operation.CachingOperationNameGenerator - Generating unique operation named: findAllUsingPOST_2
2019-05-28_16 16:03:18.977 INFO  [main] org.apache.coyote.http11.Http11NioProtocol - Starting ProtocolHandler ["http-nio-8084"]
2019-05-28_16 16:03:19.001 INFO  [main] org.apache.tomcat.util.net.NioSelectorPool - Using a shared selector for servlet write/read
2019-05-28_16 16:03:19.013 INFO  [main] org.springframework.boot.context.embedded.tomcat.TomcatEmbeddedServletContainer - Tomcat started on port(s): 8084 (http)
2019-05-28_16 16:03:19.019 INFO  [main] com.example.park.ParkApplication - Started ParkApplication in 4.79 seconds (JVM running for 5.573)
2019-05-28_16 16:03:57.931 INFO  [http-nio-8084-exec-1] org.apache.catalina.core.ContainerBase.[Tomcat].[localhost].[/] - Initializing Spring FrameworkServlet 'dispatcherServlet'
2019-05-28_16 16:03:57.932 INFO  [http-nio-8084-exec-1] org.springframework.web.servlet.DispatcherServlet - FrameworkServlet 'dispatcherServlet': initialization started
2019-05-28_16 16:03:57.951 INFO  [http-nio-8084-exec-1] org.springframework.web.servlet.DispatcherServlet - FrameworkServlet 'dispatcherServlet': initialization completed in 19 ms
2019-05-28_16 16:04:11.919 INFO  [Thread-13] org.springframework.boot.context.embedded.AnnotationConfigEmbeddedWebApplicationContext - Closing org.springframework.boot.context.embedded.AnnotationConfigEmbeddedWebApplicationContext@1c93f6e1: startup date [Tue May 28 16:03:14 CST 2019]; root of context hierarchy
2019-05-28_16 16:04:11.921 INFO  [Thread-13] org.springframework.context.support.DefaultLifecycleProcessor - Stopping beans in phase 2147483647
2019-05-28_16 16:04:11.922 INFO  [Thread-13] org.springframework.jmx.export.annotation.AnnotationMBeanExporter - Unregistering JMX-exposed beans on shutdown
2019-05-28_16 16:04:11.922 INFO  [Thread-13] org.springframework.jmx.export.annotation.AnnotationMBeanExporter - Unregistering JMX-exposed beans
2019-05-28_16 16:04:11.927 INFO  [Thread-13] com.alibaba.druid.pool.DruidDataSource - {dataSource-1} closed
2019-05-28_16 16:06:03.830 INFO  [main] com.example.park.ParkApplication - Starting ParkApplication on bogon with PID 2418 (/Users/liubing/Desktop/code/IdeaProjects/park/target/classes started by liubing in /Users/liubing/Desktop/code/IdeaProjects/park)
2019-05-28_16 16:06:03.833 INFO  [main] com.example.park.ParkApplication - No active profile set, falling back to default profiles: default
2019-05-28_16 16:06:03.881 INFO  [main] org.springframework.boot.context.embedded.AnnotationConfigEmbeddedWebApplicationContext - Refreshing org.springframework.boot.context.embedded.AnnotationConfigEmbeddedWebApplicationContext@130e116b: startup date [Tue May 28 16:06:03 CST 2019]; root of context hierarchy
2019-05-28_16 16:06:04.024 INFO  [background-preinit] org.hibernate.validator.internal.util.Version - HV000001: Hibernate Validator 5.3.6.Final
2019-05-28_16 16:06:04.955 INFO  [main] org.springframework.context.support.PostProcessorRegistrationDelegate$BeanPostProcessorChecker - Bean 'org.springframework.transaction.annotation.ProxyTransactionManagementConfiguration' of type [org.springframework.transaction.annotation.ProxyTransactionManagementConfiguration$$EnhancerBySpringCGLIB$$5fed7384] is not eligible for getting processed by all BeanPostProcessors (for example: not eligible for auto-proxying)
2019-05-28_16 16:06:05.368 INFO  [main] org.springframework.boot.context.embedded.tomcat.TomcatEmbeddedServletContainer - Tomcat initialized with port(s): 8084 (http)
2019-05-28_16 16:06:05.383 INFO  [main] org.apache.coyote.http11.Http11NioProtocol - Initializing ProtocolHandler ["http-nio-8084"]
2019-05-28_16 16:06:05.394 INFO  [main] org.apache.catalina.core.StandardService - Starting service [Tomcat]
2019-05-28_16 16:06:05.394 INFO  [main] org.apache.catalina.core.StandardEngine - Starting Servlet Engine: Apache Tomcat/8.5.34
2019-05-28_16 16:06:05.494 INFO  [localhost-startStop-1] org.apache.catalina.core.ContainerBase.[Tomcat].[localhost].[/] - Initializing Spring embedded WebApplicationContext
2019-05-28_16 16:06:05.495 INFO  [localhost-startStop-1] org.springframework.web.context.ContextLoader - Root WebApplicationContext: initialization completed in 1614 ms
2019-05-28_16 16:06:05.681 INFO  [localhost-startStop-1] org.springframework.boot.web.servlet.ServletRegistrationBean - Mapping servlet: 'dispatcherServlet' to [/]
2019-05-28_16 16:06:05.683 INFO  [localhost-startStop-1] org.springframework.boot.web.servlet.ServletRegistrationBean - Mapping servlet: 'statViewServlet' to [/druid/*]
2019-05-28_16 16:06:05.686 INFO  [localhost-startStop-1] org.springframework.boot.web.servlet.FilterRegistrationBean - Mapping filter: 'characterEncodingFilter' to: [/*]
2019-05-28_16 16:06:05.687 INFO  [localhost-startStop-1] org.springframework.boot.web.servlet.FilterRegistrationBean - Mapping filter: 'hiddenHttpMethodFilter' to: [/*]
2019-05-28_16 16:06:05.687 INFO  [localhost-startStop-1] org.springframework.boot.web.servlet.FilterRegistrationBean - Mapping filter: 'httpPutFormContentFilter' to: [/*]
2019-05-28_16 16:06:05.687 INFO  [localhost-startStop-1] org.springframework.boot.web.servlet.FilterRegistrationBean - Mapping filter: 'requestContextFilter' to: [/*]
2019-05-28_16 16:06:05.687 INFO  [localhost-startStop-1] org.springframework.boot.web.servlet.FilterRegistrationBean - Mapping filter: 'webStatFilter' to urls: [/*]
2019-05-28_16 16:06:05.687 INFO  [localhost-startStop-1] org.springframework.boot.web.servlet.FilterRegistrationBean - Mapping filter: 'corsFilter' to: [/*]
2019-05-28_16 16:06:05.837 INFO  [main] com.alibaba.druid.spring.boot.autoconfigure.DruidDataSourceAutoConfigure - Init DruidDataSource
2019-05-28_16 16:06:06.310 INFO  [main] com.alibaba.druid.pool.DruidDataSource - {dataSource-1} inited
2019-05-28_16 16:06:06.683 INFO  [main] org.springframework.web.servlet.mvc.method.annotation.RequestMappingHandlerMapping - Mapped "{[/car/addCar],methods=[POST]}" onto public com.example.park.commonbox.Result com.example.park.controller.CarController.addCar(com.example.park.pojo.dto.CarDTO)
2019-05-28_16 16:06:06.684 INFO  [main] org.springframework.web.servlet.mvc.method.annotation.RequestMappingHandlerMapping - Mapped "{[/car/findAll],methods=[POST]}" onto public com.example.park.commonbox.Result com.example.park.controller.CarController.findAll()
2019-05-28_16 16:06:06.685 INFO  [main] org.springframework.web.servlet.mvc.method.annotation.RequestMappingHandlerMapping - Mapped "{[/car/deleteCar],methods=[POST]}" onto public com.example.park.commonbox.Result com.example.park.controller.CarController.deleteCar(com.example.park.pojo.dto.CarIdDTO)
2019-05-28_16 16:06:06.685 INFO  [main] org.springframework.web.servlet.mvc.method.annotation.RequestMappingHandlerMapping - Mapped "{[/car/updateCar],methods=[POST]}" onto public com.example.park.commonbox.Result com.example.park.controller.CarController.updateCar(com.example.park.pojo.dto.CarDTO)
2019-05-28_16 16:06:06.685 INFO  [main] org.springframework.web.servlet.mvc.method.annotation.RequestMappingHandlerMapping - Mapped "{[/car/findCarByType],methods=[POST]}" onto public com.example.park.commonbox.Result com.example.park.controller.CarController.findCarByType(com.example.park.pojo.dto.CarTypeDTO)
2019-05-28_16 16:06:06.685 INFO  [main] org.springframework.web.servlet.mvc.method.annotation.RequestMappingHandlerMapping - Mapped "{[/car/findCarNotPark],methods=[POST]}" onto public com.example.park.commonbox.Result com.example.park.controller.CarController.findCarNotPark()
2019-05-28_16 16:06:06.686 INFO  [main] org.springframework.web.servlet.mvc.method.annotation.RequestMappingHandlerMapping - Mapped "{[/car/findCarByCarNumber],methods=[POST]}" onto public com.example.park.commonbox.Result com.example.park.controller.CarController.findCarByCarNumber(com.example.park.pojo.dto.CarNumberDTO)
2019-05-28_16 16:06:06.687 INFO  [main] org.springframework.web.servlet.mvc.method.annotation.RequestMappingHandlerMapping - Mapped "{[/carPlace/findAll],methods=[POST]}" onto public com.example.park.commonbox.Result com.example.park.controller.CarPlaceController.findAll()
2019-05-28_16 16:06:06.687 INFO  [main] org.springframework.web.servlet.mvc.method.annotation.RequestMappingHandlerMapping - Mapped "{[/carPlace/addPlace],methods=[POST]}" onto public com.example.park.commonbox.Result com.example.park.controller.CarPlaceController.addPlace(com.example.park.pojo.dto.PlaceDTO)
2019-05-28_16 16:06:06.688 INFO  [main] org.springframework.web.servlet.mvc.method.annotation.RequestMappingHandlerMapping - Mapped "{[/carPlace/deletePlace],methods=[POST]}" onto public com.example.park.commonbox.Result com.example.park.controller.CarPlaceController.deletePlace(com.example.park.pojo.dto.CarPlactIdDTO)
2019-05-28_16 16:06:06.688 INFO  [main] org.springframework.web.servlet.mvc.method.annotation.RequestMappingHandlerMapping - Mapped "{[/carPlace/updatePlace],methods=[POST]}" onto public com.example.park.commonbox.Result com.example.park.controller.CarPlaceController.updatePlace(com.example.park.pojo.dto.PlaceDTO)
2019-05-28_16 16:06:06.688 INFO  [main] org.springframework.web.servlet.mvc.method.annotation.RequestMappingHandlerMapping - Mapped "{[/carPlace/findPlaceByStatus],methods=[POST]}" onto public com.example.park.commonbox.Result com.example.park.controller.CarPlaceController.findPlaceByStatus(com.example.park.pojo.dto.PlaceStatusDTO)
2019-05-28_16 16:06:06.689 INFO  [main] org.springframework.web.servlet.mvc.method.annotation.RequestMappingHandlerMapping - Mapped "{[/carPlace/findPlaceByPlaceName],methods=[POST]}" onto public com.example.park.commonbox.Result com.example.park.controller.CarPlaceController.findPlaceByPlaceName(com.example.park.pojo.dto.PlaceNameDTO)
2019-05-28_16 16:06:06.692 INFO  [main] org.springframework.web.servlet.mvc.method.annotation.RequestMappingHandlerMapping - Mapped "{[/park/start],methods=[POST]}" onto public com.example.park.commonbox.Result com.example.park.controller.ParkController.start(com.example.park.pojo.dto.ParkStartDTO)
2019-05-28_16 16:06:06.692 INFO  [main] org.springframework.web.servlet.mvc.method.annotation.RequestMappingHandlerMapping - Mapped "{[/park/end],methods=[POST]}" onto public com.example.park.commonbox.Result com.example.park.controller.ParkController.end(com.example.park.pojo.dto.ParkEndDTO)
2019-05-28_16 16:06:06.692 INFO  [main] org.springframework.web.servlet.mvc.method.annotation.RequestMappingHandlerMapping - Mapped "{[/park/findByCarNumber],methods=[POST]}" onto public com.example.park.commonbox.Result com.example.park.controller.ParkController.findByCarNumber(com.example.park.pojo.dto.CarNumberPageDTO)
2019-05-28_16 16:06:06.692 INFO  [main] org.springframework.web.servlet.mvc.method.annotation.RequestMappingHandlerMapping - Mapped "{[/park/findByMasterId],methods=[POST]}" onto public com.example.park.commonbox.Result com.example.park.controller.ParkController.findByMasterId(com.example.park.pojo.dto.UserIdPageDTO)
2019-05-28_16 16:06:06.692 INFO  [main] org.springframework.web.servlet.mvc.method.annotation.RequestMappingHandlerMapping - Mapped "{[/park/findAll],methods=[POST]}" onto public com.example.park.commonbox.Result com.example.park.controller.ParkController.findAll(com.example.park.pojo.dto.PageDTO)
2019-05-28_16 16:06:06.694 INFO  [main] org.springframework.web.servlet.mvc.method.annotation.RequestMappingHandlerMapping - Mapped "{[/user/add],methods=[POST]}" onto public com.example.park.commonbox.Result com.example.park.controller.UserController.addUser(com.example.park.pojo.dto.UserDTO)
2019-05-28_16 16:06:06.694 INFO  [main] org.springframework.web.servlet.mvc.method.annotation.RequestMappingHandlerMapping - Mapped "{[/user/login],methods=[POST]}" onto public com.example.park.commonbox.Result com.example.park.controller.UserController.login(com.example.park.pojo.dto.LoginDTO)
2019-05-28_16 16:06:06.694 INFO  [main] org.springframework.web.servlet.mvc.method.annotation.RequestMappingHandlerMapping - Mapped "{[/user/delete],methods=[POST]}" onto public com.example.park.commonbox.Result com.example.park.controller.UserController.deleteUser(com.example.park.pojo.dto.UserIdDTO)
2019-05-28_16 16:06:06.694 INFO  [main] org.springframework.web.servlet.mvc.method.annotation.RequestMappingHandlerMapping - Mapped "{[/user/findByRole],methods=[POST]}" onto public com.example.park.commonbox.Result com.example.park.controller.UserController.findByRole(com.example.park.pojo.dto.UserRoleIdDTO)
2019-05-28_16 16:06:06.694 INFO  [main] org.springframework.web.servlet.mvc.method.annotation.RequestMappingHandlerMapping - Mapped "{[/user/findByUserName],methods=[POST]}" onto public com.example.park.commonbox.Result com.example.park.controller.UserController.findByUserName(com.example.park.pojo.dto.UserNameDTO)
2019-05-28_16 16:06:06.695 INFO  [main] org.springframework.web.servlet.mvc.method.annotation.RequestMappingHandlerMapping - Mapped "{[/user/update],methods=[POST]}" onto public com.example.park.commonbox.Result com.example.park.controller.UserController.updateUser(com.example.park.pojo.dto.UpdateUserInfoDTO)
2019-05-28_16 16:06:06.695 INFO  [main] org.springframework.web.servlet.mvc.method.annotation.RequestMappingHandlerMapping - Mapped "{[/user/findAllUser],methods=[POST]}" onto public com.example.park.commonbox.Result com.example.park.controller.UserController.findAllUser()
2019-05-28_16 16:06:06.697 INFO  [main] org.springframework.web.servlet.mvc.method.annotation.RequestMappingHandlerMapping - Mapped "{[/swagger-resources/configuration/security]}" onto public org.springframework.http.ResponseEntity<springfox.documentation.swagger.web.SecurityConfiguration> springfox.documentation.swagger.web.ApiResourceController.securityConfiguration()
2019-05-28_16 16:06:06.697 INFO  [main] org.springframework.web.servlet.mvc.method.annotation.RequestMappingHandlerMapping - Mapped "{[/swagger-resources/configuration/ui]}" onto public org.springframework.http.ResponseEntity<springfox.documentation.swagger.web.UiConfiguration> springfox.documentation.swagger.web.ApiResourceController.uiConfiguration()
2019-05-28_16 16:06:06.698 INFO  [main] org.springframework.web.servlet.mvc.method.annotation.RequestMappingHandlerMapping - Mapped "{[/swagger-resources]}" onto public org.springframework.http.ResponseEntity<java.util.List<springfox.documentation.swagger.web.SwaggerResource>> springfox.documentation.swagger.web.ApiResourceController.swaggerResources()
2019-05-28_16 16:06:06.700 INFO  [main] org.springframework.web.servlet.mvc.method.annotation.RequestMappingHandlerMapping - Mapped "{[/error]}" onto public org.springframework.http.ResponseEntity<java.util.Map<java.lang.String, java.lang.Object>> org.springframework.boot.autoconfigure.web.BasicErrorController.error(javax.servlet.http.HttpServletRequest)
2019-05-28_16 16:06:06.700 INFO  [main] org.springframework.web.servlet.mvc.method.annotation.RequestMappingHandlerMapping - Mapped "{[/error],produces=[text/html]}" onto public org.springframework.web.servlet.ModelAndView org.springframework.boot.autoconfigure.web.BasicErrorController.errorHtml(javax.servlet.http.HttpServletRequest,javax.servlet.http.HttpServletResponse)
2019-05-28_16 16:06:06.821 INFO  [main] springfox.documentation.spring.web.PropertySourcedRequestMappingHandlerMapping - Mapped URL path [/v2/api-docs] onto method [public org.springframework.http.ResponseEntity<springfox.documentation.spring.web.json.Json> springfox.documentation.swagger2.web.Swagger2Controller.getDocumentation(java.lang.String,javax.servlet.http.HttpServletRequest)]
2019-05-28_16 16:06:07.025 INFO  [main] org.springframework.web.servlet.mvc.method.annotation.RequestMappingHandlerAdapter - Looking for @ControllerAdvice: org.springframework.boot.context.embedded.AnnotationConfigEmbeddedWebApplicationContext@130e116b: startup date [Tue May 28 16:06:03 CST 2019]; root of context hierarchy
2019-05-28_16 16:06:07.084 INFO  [main] org.springframework.web.servlet.handler.SimpleUrlHandlerMapping - Mapped URL path [/webjars/**] onto handler of type [class org.springframework.web.servlet.resource.ResourceHttpRequestHandler]
2019-05-28_16 16:06:07.084 INFO  [main] org.springframework.web.servlet.handler.SimpleUrlHandlerMapping - Mapped URL path [/**] onto handler of type [class org.springframework.web.servlet.resource.ResourceHttpRequestHandler]
2019-05-28_16 16:06:07.126 INFO  [main] org.springframework.web.servlet.handler.SimpleUrlHandlerMapping - Mapped URL path [/**/favicon.ico] onto handler of type [class org.springframework.web.servlet.resource.ResourceHttpRequestHandler]
2019-05-28_16 16:06:07.590 INFO  [main] org.springframework.jmx.export.annotation.AnnotationMBeanExporter - Registering beans for JMX exposure on startup
2019-05-28_16 16:06:07.592 INFO  [main] org.springframework.jmx.export.annotation.AnnotationMBeanExporter - Bean with name 'statFilter' has been autodetected for JMX exposure
2019-05-28_16 16:06:07.592 INFO  [main] org.springframework.jmx.export.annotation.AnnotationMBeanExporter - Bean with name 'dataSource' has been autodetected for JMX exposure
2019-05-28_16 16:06:07.597 INFO  [main] org.springframework.jmx.export.annotation.AnnotationMBeanExporter - Located MBean 'dataSource': registering with JMX server as MBean [com.alibaba.druid.spring.boot.autoconfigure:name=dataSource,type=DruidDataSourceWrapper]
2019-05-28_16 16:06:07.598 INFO  [main] org.springframework.jmx.export.annotation.AnnotationMBeanExporter - Located MBean 'statFilter': registering with JMX server as MBean [com.alibaba.druid.filter.stat:name=statFilter,type=StatFilter]
2019-05-28_16 16:06:07.600 INFO  [main] org.springframework.context.support.DefaultLifecycleProcessor - Starting beans in phase 2147483647
2019-05-28_16 16:06:07.600 INFO  [main] springfox.documentation.spring.web.plugins.DocumentationPluginsBootstrapper - Context refreshed
2019-05-28_16 16:06:07.617 INFO  [main] springfox.documentation.spring.web.plugins.DocumentationPluginsBootstrapper - Found 1 custom documentation plugin(s)
2019-05-28_16 16:06:07.646 INFO  [main] springfox.documentation.spring.web.scanners.ApiListingReferenceScanner - Scanning for api listing references
2019-05-28_16 16:06:07.828 INFO  [main] springfox.documentation.spring.web.readers.operation.CachingOperationNameGenerator - Generating unique operation named: findAllUsingPOST_1
2019-05-28_16 16:06:07.847 INFO  [main] springfox.documentation.spring.web.readers.operation.CachingOperationNameGenerator - Generating unique operation named: findAllUsingPOST_2
2019-05-28_16 16:06:07.899 INFO  [main] org.apache.coyote.http11.Http11NioProtocol - Starting ProtocolHandler ["http-nio-8084"]
2019-05-28_16 16:06:07.923 INFO  [main] org.apache.tomcat.util.net.NioSelectorPool - Using a shared selector for servlet write/read
2019-05-28_16 16:06:07.935 INFO  [main] org.springframework.boot.context.embedded.tomcat.TomcatEmbeddedServletContainer - Tomcat started on port(s): 8084 (http)
2019-05-28_16 16:06:07.940 INFO  [main] com.example.park.ParkApplication - Started ParkApplication in 4.478 seconds (JVM running for 5.126)
2019-05-28_16 16:06:18.040 INFO  [http-nio-8084-exec-1] org.apache.catalina.core.ContainerBase.[Tomcat].[localhost].[/] - Initializing Spring FrameworkServlet 'dispatcherServlet'
2019-05-28_16 16:06:18.040 INFO  [http-nio-8084-exec-1] org.springframework.web.servlet.DispatcherServlet - FrameworkServlet 'dispatcherServlet': initialization started
2019-05-28_16 16:06:18.057 INFO  [http-nio-8084-exec-1] org.springframework.web.servlet.DispatcherServlet - FrameworkServlet 'dispatcherServlet': initialization completed in 17 ms
2019-05-28_16 16:09:12.471 INFO  [Thread-12] org.springframework.boot.context.embedded.AnnotationConfigEmbeddedWebApplicationContext - Closing org.springframework.boot.context.embedded.AnnotationConfigEmbeddedWebApplicationContext@130e116b: startup date [Tue May 28 16:06:03 CST 2019]; root of context hierarchy
2019-05-28_16 16:09:12.473 INFO  [Thread-12] org.springframework.context.support.DefaultLifecycleProcessor - Stopping beans in phase 2147483647
2019-05-28_16 16:09:12.474 INFO  [Thread-12] org.springframework.jmx.export.annotation.AnnotationMBeanExporter - Unregistering JMX-exposed beans on shutdown
2019-05-28_16 16:09:12.474 INFO  [Thread-12] org.springframework.jmx.export.annotation.AnnotationMBeanExporter - Unregistering JMX-exposed beans
2019-05-28_16 16:09:12.482 INFO  [Thread-12] com.alibaba.druid.pool.DruidDataSource - {dataSource-1} closed
2019-05-28_16 16:09:15.089 INFO  [main] com.example.park.ParkApplication - Starting ParkApplication on bogon with PID 2491 (/Users/liubing/Desktop/code/IdeaProjects/park/target/classes started by liubing in /Users/liubing/Desktop/code/IdeaProjects/park)
2019-05-28_16 16:09:15.092 INFO  [main] com.example.park.ParkApplication - No active profile set, falling back to default profiles: default
2019-05-28_16 16:09:15.137 INFO  [main] org.springframework.boot.context.embedded.AnnotationConfigEmbeddedWebApplicationContext - Refreshing org.springframework.boot.context.embedded.AnnotationConfigEmbeddedWebApplicationContext@10a9d961: startup date [Tue May 28 16:09:15 CST 2019]; root of context hierarchy
2019-05-28_16 16:09:15.266 INFO  [background-preinit] org.hibernate.validator.internal.util.Version - HV000001: Hibernate Validator 5.3.6.Final
2019-05-28_16 16:09:16.186 INFO  [main] org.springframework.context.support.PostProcessorRegistrationDelegate$BeanPostProcessorChecker - Bean 'org.springframework.transaction.annotation.ProxyTransactionManagementConfiguration' of type [org.springframework.transaction.annotation.ProxyTransactionManagementConfiguration$$EnhancerBySpringCGLIB$$ae16bcc2] is not eligible for getting processed by all BeanPostProcessors (for example: not eligible for auto-proxying)
2019-05-28_16 16:09:16.548 INFO  [main] org.springframework.boot.context.embedded.tomcat.TomcatEmbeddedServletContainer - Tomcat initialized with port(s): 8084 (http)
2019-05-28_16 16:09:16.570 INFO  [main] org.apache.coyote.http11.Http11NioProtocol - Initializing ProtocolHandler ["http-nio-8084"]
2019-05-28_16 16:09:16.588 INFO  [main] org.apache.catalina.core.StandardService - Starting service [Tomcat]
2019-05-28_16 16:09:16.588 INFO  [main] org.apache.catalina.core.StandardEngine - Starting Servlet Engine: Apache Tomcat/8.5.34
2019-05-28_16 16:09:16.702 INFO  [localhost-startStop-1] org.apache.catalina.core.ContainerBase.[Tomcat].[localhost].[/] - Initializing Spring embedded WebApplicationContext
2019-05-28_16 16:09:16.702 INFO  [localhost-startStop-1] org.springframework.web.context.ContextLoader - Root WebApplicationContext: initialization completed in 1565 ms
2019-05-28_16 16:09:16.897 INFO  [localhost-startStop-1] org.springframework.boot.web.servlet.ServletRegistrationBean - Mapping servlet: 'dispatcherServlet' to [/]
2019-05-28_16 16:09:16.898 INFO  [localhost-startStop-1] org.springframework.boot.web.servlet.ServletRegistrationBean - Mapping servlet: 'statViewServlet' to [/druid/*]
2019-05-28_16 16:09:16.901 INFO  [localhost-startStop-1] org.springframework.boot.web.servlet.FilterRegistrationBean - Mapping filter: 'characterEncodingFilter' to: [/*]
2019-05-28_16 16:09:16.902 INFO  [localhost-startStop-1] org.springframework.boot.web.servlet.FilterRegistrationBean - Mapping filter: 'hiddenHttpMethodFilter' to: [/*]
2019-05-28_16 16:09:16.902 INFO  [localhost-startStop-1] org.springframework.boot.web.servlet.FilterRegistrationBean - Mapping filter: 'httpPutFormContentFilter' to: [/*]
2019-05-28_16 16:09:16.902 INFO  [localhost-startStop-1] org.springframework.boot.web.servlet.FilterRegistrationBean - Mapping filter: 'requestContextFilter' to: [/*]
2019-05-28_16 16:09:16.902 INFO  [localhost-startStop-1] org.springframework.boot.web.servlet.FilterRegistrationBean - Mapping filter: 'webStatFilter' to urls: [/*]
2019-05-28_16 16:09:16.902 INFO  [localhost-startStop-1] org.springframework.boot.web.servlet.FilterRegistrationBean - Mapping filter: 'corsFilter' to: [/*]
2019-05-28_16 16:09:17.019 INFO  [main] com.alibaba.druid.spring.boot.autoconfigure.DruidDataSourceAutoConfigure - Init DruidDataSource
2019-05-28_16 16:09:17.566 INFO  [main] com.alibaba.druid.pool.DruidDataSource - {dataSource-1} inited
2019-05-28_16 16:09:17.957 INFO  [main] org.springframework.web.servlet.mvc.method.annotation.RequestMappingHandlerMapping - Mapped "{[/car/addCar],methods=[POST]}" onto public com.example.park.commonbox.Result com.example.park.controller.CarController.addCar(com.example.park.pojo.dto.CarDTO)
2019-05-28_16 16:09:17.958 INFO  [main] org.springframework.web.servlet.mvc.method.annotation.RequestMappingHandlerMapping - Mapped "{[/car/deleteCar],methods=[POST]}" onto public com.example.park.commonbox.Result com.example.park.controller.CarController.deleteCar(com.example.park.pojo.dto.CarIdDTO)
2019-05-28_16 16:09:17.958 INFO  [main] org.springframework.web.servlet.mvc.method.annotation.RequestMappingHandlerMapping - Mapped "{[/car/updateCar],methods=[POST]}" onto public com.example.park.commonbox.Result com.example.park.controller.CarController.updateCar(com.example.park.pojo.dto.CarDTO)
2019-05-28_16 16:09:17.958 INFO  [main] org.springframework.web.servlet.mvc.method.annotation.RequestMappingHandlerMapping - Mapped "{[/car/findAll],methods=[POST]}" onto public com.example.park.commonbox.Result com.example.park.controller.CarController.findAll()
2019-05-28_16 16:09:17.959 INFO  [main] org.springframework.web.servlet.mvc.method.annotation.RequestMappingHandlerMapping - Mapped "{[/car/findCarByType],methods=[POST]}" onto public com.example.park.commonbox.Result com.example.park.controller.CarController.findCarByType(com.example.park.pojo.dto.CarTypeDTO)
2019-05-28_16 16:09:17.959 INFO  [main] org.springframework.web.servlet.mvc.method.annotation.RequestMappingHandlerMapping - Mapped "{[/car/findCarNotPark],methods=[POST]}" onto public com.example.park.commonbox.Result com.example.park.controller.CarController.findCarNotPark()
2019-05-28_16 16:09:17.959 INFO  [main] org.springframework.web.servlet.mvc.method.annotation.RequestMappingHandlerMapping - Mapped "{[/car/findCarByCarNumber],methods=[POST]}" onto public com.example.park.commonbox.Result com.example.park.controller.CarController.findCarByCarNumber(com.example.park.pojo.dto.CarNumberDTO)
2019-05-28_16 16:09:17.961 INFO  [main] org.springframework.web.servlet.mvc.method.annotation.RequestMappingHandlerMapping - Mapped "{[/carPlace/addPlace],methods=[POST]}" onto public com.example.park.commonbox.Result com.example.park.controller.CarPlaceController.addPlace(com.example.park.pojo.dto.PlaceDTO)
2019-05-28_16 16:09:17.961 INFO  [main] org.springframework.web.servlet.mvc.method.annotation.RequestMappingHandlerMapping - Mapped "{[/carPlace/findAll],methods=[POST]}" onto public com.example.park.commonbox.Result com.example.park.controller.CarPlaceController.findAll()
2019-05-28_16 16:09:17.961 INFO  [main] org.springframework.web.servlet.mvc.method.annotation.RequestMappingHandlerMapping - Mapped "{[/carPlace/deletePlace],methods=[POST]}" onto public com.example.park.commonbox.Result com.example.park.controller.CarPlaceController.deletePlace(com.example.park.pojo.dto.CarPlactIdDTO)
2019-05-28_16 16:09:17.961 INFO  [main] org.springframework.web.servlet.mvc.method.annotation.RequestMappingHandlerMapping - Mapped "{[/carPlace/updatePlace],methods=[POST]}" onto public com.example.park.commonbox.Result com.example.park.controller.CarPlaceController.updatePlace(com.example.park.pojo.dto.PlaceDTO)
2019-05-28_16 16:09:17.962 INFO  [main] org.springframework.web.servlet.mvc.method.annotation.RequestMappingHandlerMapping - Mapped "{[/carPlace/findPlaceByStatus],methods=[POST]}" onto public com.example.park.commonbox.Result com.example.park.controller.CarPlaceController.findPlaceByStatus(com.example.park.pojo.dto.PlaceStatusDTO)
2019-05-28_16 16:09:17.962 INFO  [main] org.springframework.web.servlet.mvc.method.annotation.RequestMappingHandlerMapping - Mapped "{[/carPlace/findPlaceByPlaceName],methods=[POST]}" onto public com.example.park.commonbox.Result com.example.park.controller.CarPlaceController.findPlaceByPlaceName(com.example.park.pojo.dto.PlaceNameDTO)
2019-05-28_16 16:09:17.966 INFO  [main] org.springframework.web.servlet.mvc.method.annotation.RequestMappingHandlerMapping - Mapped "{[/park/start],methods=[POST]}" onto public com.example.park.commonbox.Result com.example.park.controller.ParkController.start(com.example.park.pojo.dto.ParkStartDTO)
2019-05-28_16 16:09:17.966 INFO  [main] org.springframework.web.servlet.mvc.method.annotation.RequestMappingHandlerMapping - Mapped "{[/park/end],methods=[POST]}" onto public com.example.park.commonbox.Result com.example.park.controller.ParkController.end(com.example.park.pojo.dto.ParkEndDTO)
2019-05-28_16 16:09:17.966 INFO  [main] org.springframework.web.servlet.mvc.method.annotation.RequestMappingHandlerMapping - Mapped "{[/park/findAll],methods=[POST]}" onto public com.example.park.commonbox.Result com.example.park.controller.ParkController.findAll(com.example.park.pojo.dto.PageDTO)
2019-05-28_16 16:09:17.966 INFO  [main] org.springframework.web.servlet.mvc.method.annotation.RequestMappingHandlerMapping - Mapped "{[/park/findByCarNumber],methods=[POST]}" onto public com.example.park.commonbox.Result com.example.park.controller.ParkController.findByCarNumber(com.example.park.pojo.dto.CarNumberPageDTO)
2019-05-28_16 16:09:17.967 INFO  [main] org.springframework.web.servlet.mvc.method.annotation.RequestMappingHandlerMapping - Mapped "{[/park/findByMasterId],methods=[POST]}" onto public com.example.park.commonbox.Result com.example.park.controller.ParkController.findByMasterId(com.example.park.pojo.dto.UserIdPageDTO)
2019-05-28_16 16:09:17.968 INFO  [main] org.springframework.web.servlet.mvc.method.annotation.RequestMappingHandlerMapping - Mapped "{[/user/add],methods=[POST]}" onto public com.example.park.commonbox.Result com.example.park.controller.UserController.addUser(com.example.park.pojo.dto.UserDTO)
2019-05-28_16 16:09:17.968 INFO  [main] org.springframework.web.servlet.mvc.method.annotation.RequestMappingHandlerMapping - Mapped "{[/user/login],methods=[POST]}" onto public com.example.park.commonbox.Result com.example.park.controller.UserController.login(com.example.park.pojo.dto.LoginDTO)
2019-05-28_16 16:09:17.968 INFO  [main] org.springframework.web.servlet.mvc.method.annotation.RequestMappingHandlerMapping - Mapped "{[/user/delete],methods=[POST]}" onto public com.example.park.commonbox.Result com.example.park.controller.UserController.deleteUser(com.example.park.pojo.dto.UserIdDTO)
2019-05-28_16 16:09:17.969 INFO  [main] org.springframework.web.servlet.mvc.method.annotation.RequestMappingHandlerMapping - Mapped "{[/user/findByRole],methods=[POST]}" onto public com.example.park.commonbox.Result com.example.park.controller.UserController.findByRole(com.example.park.pojo.dto.UserRoleIdDTO)
2019-05-28_16 16:09:17.969 INFO  [main] org.springframework.web.servlet.mvc.method.annotation.RequestMappingHandlerMapping - Mapped "{[/user/findByUserName],methods=[POST]}" onto public com.example.park.commonbox.Result com.example.park.controller.UserController.findByUserName(com.example.park.pojo.dto.UserNameDTO)
2019-05-28_16 16:09:17.969 INFO  [main] org.springframework.web.servlet.mvc.method.annotation.RequestMappingHandlerMapping - Mapped "{[/user/update],methods=[POST]}" onto public com.example.park.commonbox.Result com.example.park.controller.UserController.updateUser(com.example.park.pojo.dto.UpdateUserInfoDTO)
2019-05-28_16 16:09:17.969 INFO  [main] org.springframework.web.servlet.mvc.method.annotation.RequestMappingHandlerMapping - Mapped "{[/user/findAllUser],methods=[POST]}" onto public com.example.park.commonbox.Result com.example.park.controller.UserController.findAllUser()
2019-05-28_16 16:09:17.972 INFO  [main] org.springframework.web.servlet.mvc.method.annotation.RequestMappingHandlerMapping - Mapped "{[/swagger-resources/configuration/security]}" onto public org.springframework.http.ResponseEntity<springfox.documentation.swagger.web.SecurityConfiguration> springfox.documentation.swagger.web.ApiResourceController.securityConfiguration()
2019-05-28_16 16:09:17.972 INFO  [main] org.springframework.web.servlet.mvc.method.annotation.RequestMappingHandlerMapping - Mapped "{[/swagger-resources/configuration/ui]}" onto public org.springframework.http.ResponseEntity<springfox.documentation.swagger.web.UiConfiguration> springfox.documentation.swagger.web.ApiResourceController.uiConfiguration()
2019-05-28_16 16:09:17.973 INFO  [main] org.springframework.web.servlet.mvc.method.annotation.RequestMappingHandlerMapping - Mapped "{[/swagger-resources]}" onto public org.springframework.http.ResponseEntity<java.util.List<springfox.documentation.swagger.web.SwaggerResource>> springfox.documentation.swagger.web.ApiResourceController.swaggerResources()
2019-05-28_16 16:09:17.976 INFO  [main] org.springframework.web.servlet.mvc.method.annotation.RequestMappingHandlerMapping - Mapped "{[/error]}" onto public org.springframework.http.ResponseEntity<java.util.Map<java.lang.String, java.lang.Object>> org.springframework.boot.autoconfigure.web.BasicErrorController.error(javax.servlet.http.HttpServletRequest)
2019-05-28_16 16:09:17.976 INFO  [main] org.springframework.web.servlet.mvc.method.annotation.RequestMappingHandlerMapping - Mapped "{[/error],produces=[text/html]}" onto public org.springframework.web.servlet.ModelAndView org.springframework.boot.autoconfigure.web.BasicErrorController.errorHtml(javax.servlet.http.HttpServletRequest,javax.servlet.http.HttpServletResponse)
2019-05-28_16 16:09:18.090 INFO  [main] springfox.documentation.spring.web.PropertySourcedRequestMappingHandlerMapping - Mapped URL path [/v2/api-docs] onto method [public org.springframework.http.ResponseEntity<springfox.documentation.spring.web.json.Json> springfox.documentation.swagger2.web.Swagger2Controller.getDocumentation(java.lang.String,javax.servlet.http.HttpServletRequest)]
2019-05-28_16 16:09:18.302 INFO  [main] org.springframework.web.servlet.mvc.method.annotation.RequestMappingHandlerAdapter - Looking for @ControllerAdvice: org.springframework.boot.context.embedded.AnnotationConfigEmbeddedWebApplicationContext@10a9d961: startup date [Tue May 28 16:09:15 CST 2019]; root of context hierarchy
2019-05-28_16 16:09:18.363 INFO  [main] org.springframework.web.servlet.handler.SimpleUrlHandlerMapping - Mapped URL path [/webjars/**] onto handler of type [class org.springframework.web.servlet.resource.ResourceHttpRequestHandler]
2019-05-28_16 16:09:18.363 INFO  [main] org.springframework.web.servlet.handler.SimpleUrlHandlerMapping - Mapped URL path [/**] onto handler of type [class org.springframework.web.servlet.resource.ResourceHttpRequestHandler]
2019-05-28_16 16:09:18.412 INFO  [main] org.springframework.web.servlet.handler.SimpleUrlHandlerMapping - Mapped URL path [/**/favicon.ico] onto handler of type [class org.springframework.web.servlet.resource.ResourceHttpRequestHandler]
2019-05-28_16 16:09:18.943 INFO  [main] org.springframework.jmx.export.annotation.AnnotationMBeanExporter - Registering beans for JMX exposure on startup
2019-05-28_16 16:09:18.944 INFO  [main] org.springframework.jmx.export.annotation.AnnotationMBeanExporter - Bean with name 'statFilter' has been autodetected for JMX exposure
2019-05-28_16 16:09:18.945 INFO  [main] org.springframework.jmx.export.annotation.AnnotationMBeanExporter - Bean with name 'dataSource' has been autodetected for JMX exposure
2019-05-28_16 16:09:18.951 INFO  [main] org.springframework.jmx.export.annotation.AnnotationMBeanExporter - Located MBean 'dataSource': registering with JMX server as MBean [com.alibaba.druid.spring.boot.autoconfigure:name=dataSource,type=DruidDataSourceWrapper]
2019-05-28_16 16:09:18.952 INFO  [main] org.springframework.jmx.export.annotation.AnnotationMBeanExporter - Located MBean 'statFilter': registering with JMX server as MBean [com.alibaba.druid.filter.stat:name=statFilter,type=StatFilter]
2019-05-28_16 16:09:18.954 INFO  [main] org.springframework.context.support.DefaultLifecycleProcessor - Starting beans in phase 2147483647
2019-05-28_16 16:09:18.954 INFO  [main] springfox.documentation.spring.web.plugins.DocumentationPluginsBootstrapper - Context refreshed
2019-05-28_16 16:09:18.968 INFO  [main] springfox.documentation.spring.web.plugins.DocumentationPluginsBootstrapper - Found 1 custom documentation plugin(s)
2019-05-28_16 16:09:18.995 INFO  [main] springfox.documentation.spring.web.scanners.ApiListingReferenceScanner - Scanning for api listing references
2019-05-28_16 16:09:19.207 INFO  [main] springfox.documentation.spring.web.readers.operation.CachingOperationNameGenerator - Generating unique operation named: findAllUsingPOST_1
2019-05-28_16 16:09:19.231 INFO  [main] springfox.documentation.spring.web.readers.operation.CachingOperationNameGenerator - Generating unique operation named: findAllUsingPOST_2
2019-05-28_16 16:09:19.305 INFO  [main] org.apache.coyote.http11.Http11NioProtocol - Starting ProtocolHandler ["http-nio-8084"]
2019-05-28_16 16:09:19.335 INFO  [main] org.apache.tomcat.util.net.NioSelectorPool - Using a shared selector for servlet write/read
2019-05-28_16 16:09:19.347 INFO  [main] org.springframework.boot.context.embedded.tomcat.TomcatEmbeddedServletContainer - Tomcat started on port(s): 8084 (http)
2019-05-28_16 16:09:19.353 INFO  [main] com.example.park.ParkApplication - Started ParkApplication in 4.576 seconds (JVM running for 5.187)
2019-05-28_16 16:10:22.291 INFO  [http-nio-8084-exec-1] org.apache.catalina.core.ContainerBase.[Tomcat].[localhost].[/] - Initializing Spring FrameworkServlet 'dispatcherServlet'
2019-05-28_16 16:10:22.292 INFO  [http-nio-8084-exec-1] org.springframework.web.servlet.DispatcherServlet - FrameworkServlet 'dispatcherServlet': initialization started
2019-05-28_16 16:10:22.319 INFO  [http-nio-8084-exec-1] org.springframework.web.servlet.DispatcherServlet - FrameworkServlet 'dispatcherServlet': initialization completed in 27 ms
2019-05-28_16 16:14:23.800 INFO  [Thread-13] org.springframework.boot.context.embedded.AnnotationConfigEmbeddedWebApplicationContext - Closing org.springframework.boot.context.embedded.AnnotationConfigEmbeddedWebApplicationContext@10a9d961: startup date [Tue May 28 16:09:15 CST 2019]; root of context hierarchy
2019-05-28_16 16:14:23.845 INFO  [Thread-13] org.springframework.context.support.DefaultLifecycleProcessor - Stopping beans in phase 2147483647
2019-05-28_16 16:14:23.857 INFO  [Thread-13] org.springframework.jmx.export.annotation.AnnotationMBeanExporter - Unregistering JMX-exposed beans on shutdown
2019-05-28_16 16:14:23.858 INFO  [Thread-13] org.springframework.jmx.export.annotation.AnnotationMBeanExporter - Unregistering JMX-exposed beans
2019-05-28_16 16:14:23.881 INFO  [Thread-13] com.alibaba.druid.pool.DruidDataSource - {dataSource-1} closed
