2019-05-07_21 21:19:34.489 INFO  [main] com.example.park.ParkApplication - Starting ParkApplication on liudeMBP with PID 10907 (/Users/liubing/Desktop/code/IdeaProjects/park/target/classes started by liubing in /Users/liubing/Desktop/code/IdeaProjects/park)
2019-05-07_21 21:19:34.493 INFO  [main] com.example.park.ParkApplication - No active profile set, falling back to default profiles: default
2019-05-07_21 21:19:34.549 INFO  [main] org.springframework.boot.context.embedded.AnnotationConfigEmbeddedWebApplicationContext - Refreshing org.springframework.boot.context.embedded.AnnotationConfigEmbeddedWebApplicationContext@22a637e7: startup date [Tue May 07 21:19:34 CST 2019]; root of context hierarchy
2019-05-07_21 21:19:34.681 INFO  [background-preinit] org.hibernate.validator.internal.util.Version - HV000001: Hibernate Validator 5.3.6.Final
2019-05-07_21 21:19:35.925 INFO  [main] org.springframework.context.support.PostProcessorRegistrationDelegate$BeanPostProcessorChecker - Bean 'org.springframework.transaction.annotation.ProxyTransactionManagementConfiguration' of type [org.springframework.transaction.annotation.ProxyTransactionManagementConfiguration$$EnhancerBySpringCGLIB$$aa33c2d8] is not eligible for getting processed by all BeanPostProcessors (for example: not eligible for auto-proxying)
2019-05-07_21 21:19:36.311 INFO  [main] org.springframework.boot.context.embedded.tomcat.TomcatEmbeddedServletContainer - Tomcat initialized with port(s): 8084 (http)
2019-05-07_21 21:19:36.329 INFO  [main] org.apache.coyote.http11.Http11NioProtocol - Initializing ProtocolHandler ["http-nio-8084"]
2019-05-07_21 21:19:36.342 INFO  [main] org.apache.catalina.core.StandardService - Starting service [Tomcat]
2019-05-07_21 21:19:36.342 INFO  [main] org.apache.catalina.core.StandardEngine - Starting Servlet Engine: Apache Tomcat/8.5.34
2019-05-07_21 21:19:36.452 INFO  [localhost-startStop-1] org.apache.catalina.core.ContainerBase.[Tomcat].[localhost].[/] - Initializing Spring embedded WebApplicationContext
2019-05-07_21 21:19:36.453 INFO  [localhost-startStop-1] org.springframework.web.context.ContextLoader - Root WebApplicationContext: initialization completed in 1904 ms
2019-05-07_21 21:19:36.622 INFO  [localhost-startStop-1] org.springframework.boot.web.servlet.ServletRegistrationBean - Mapping servlet: 'dispatcherServlet' to [/]
2019-05-07_21 21:19:36.624 INFO  [localhost-startStop-1] org.springframework.boot.web.servlet.ServletRegistrationBean - Mapping servlet: 'statViewServlet' to [/druid/*]
2019-05-07_21 21:19:36.629 INFO  [localhost-startStop-1] org.springframework.boot.web.servlet.FilterRegistrationBean - Mapping filter: 'characterEncodingFilter' to: [/*]
2019-05-07_21 21:19:36.629 INFO  [localhost-startStop-1] org.springframework.boot.web.servlet.FilterRegistrationBean - Mapping filter: 'hiddenHttpMethodFilter' to: [/*]
2019-05-07_21 21:19:36.629 INFO  [localhost-startStop-1] org.springframework.boot.web.servlet.FilterRegistrationBean - Mapping filter: 'httpPutFormContentFilter' to: [/*]
2019-05-07_21 21:19:36.630 INFO  [localhost-startStop-1] org.springframework.boot.web.servlet.FilterRegistrationBean - Mapping filter: 'requestContextFilter' to: [/*]
2019-05-07_21 21:19:36.630 INFO  [localhost-startStop-1] org.springframework.boot.web.servlet.FilterRegistrationBean - Mapping filter: 'webStatFilter' to urls: [/*]
2019-05-07_21 21:19:36.630 INFO  [localhost-startStop-1] org.springframework.boot.web.servlet.FilterRegistrationBean - Mapping filter: 'corsFilter' to: [/*]
2019-05-07_21 21:19:36.763 INFO  [main] com.alibaba.druid.spring.boot.autoconfigure.DruidDataSourceAutoConfigure - Init DruidDataSource
2019-05-07_21 21:19:37.176 INFO  [main] com.alibaba.druid.pool.DruidDataSource - {dataSource-1} inited
2019-05-07_21 21:19:37.506 INFO  [main] org.springframework.web.servlet.mvc.method.annotation.RequestMappingHandlerMapping - Mapped "{[/car/addCar],methods=[POST]}" onto public com.example.park.commonbox.Result com.example.park.controller.CarController.addCar(com.example.park.pojo.dto.CarDTO)
2019-05-07_21 21:19:37.507 INFO  [main] org.springframework.web.servlet.mvc.method.annotation.RequestMappingHandlerMapping - Mapped "{[/car/deleteCar],methods=[POST]}" onto public com.example.park.commonbox.Result com.example.park.controller.CarController.deleteCar(com.example.park.pojo.dto.CarIdDTO)
2019-05-07_21 21:19:37.507 INFO  [main] org.springframework.web.servlet.mvc.method.annotation.RequestMappingHandlerMapping - Mapped "{[/car/updateCar],methods=[POST]}" onto public com.example.park.commonbox.Result com.example.park.controller.CarController.updateCar(com.example.park.pojo.dto.CarDTO)
2019-05-07_21 21:19:37.507 INFO  [main] org.springframework.web.servlet.mvc.method.annotation.RequestMappingHandlerMapping - Mapped "{[/car/findAll],methods=[POST]}" onto public com.example.park.commonbox.Result com.example.park.controller.CarController.findAll()
2019-05-07_21 21:19:37.507 INFO  [main] org.springframework.web.servlet.mvc.method.annotation.RequestMappingHandlerMapping - Mapped "{[/car/findCarByType],methods=[POST]}" onto public com.example.park.commonbox.Result com.example.park.controller.CarController.findCarByType(com.example.park.pojo.dto.CarTypeDTO)
2019-05-07_21 21:19:37.507 INFO  [main] org.springframework.web.servlet.mvc.method.annotation.RequestMappingHandlerMapping - Mapped "{[/car/findCarNotPark],methods=[POST]}" onto public com.example.park.commonbox.Result com.example.park.controller.CarController.findCarNotPark()
2019-05-07_21 21:19:37.508 INFO  [main] org.springframework.web.servlet.mvc.method.annotation.RequestMappingHandlerMapping - Mapped "{[/car/findCarByCarNumber],methods=[POST]}" onto public com.example.park.commonbox.Result com.example.park.controller.CarController.findCarByCarNumber(com.example.park.pojo.dto.CarNumberDTO)
2019-05-07_21 21:19:37.509 INFO  [main] org.springframework.web.servlet.mvc.method.annotation.RequestMappingHandlerMapping - Mapped "{[/carPlace/addPlace],methods=[POST]}" onto public com.example.park.commonbox.Result com.example.park.controller.CarPlaceController.addPlace(com.example.park.pojo.dto.PlaceDTO)
2019-05-07_21 21:19:37.509 INFO  [main] org.springframework.web.servlet.mvc.method.annotation.RequestMappingHandlerMapping - Mapped "{[/carPlace/deletePlace],methods=[POST]}" onto public com.example.park.commonbox.Result com.example.park.controller.CarPlaceController.deletePlace(com.example.park.pojo.dto.CarPlactIdDTO)
2019-05-07_21 21:19:37.510 INFO  [main] org.springframework.web.servlet.mvc.method.annotation.RequestMappingHandlerMapping - Mapped "{[/carPlace/updatePlace],methods=[POST]}" onto public com.example.park.commonbox.Result com.example.park.controller.CarPlaceController.updatePlace(com.example.park.pojo.dto.PlaceDTO)
2019-05-07_21 21:19:37.510 INFO  [main] org.springframework.web.servlet.mvc.method.annotation.RequestMappingHandlerMapping - Mapped "{[/carPlace/findPlaceByStatus],methods=[POST]}" onto public com.example.park.commonbox.Result com.example.park.controller.CarPlaceController.findPlaceByStatus(com.example.park.pojo.dto.PlaceStatusDTO)
2019-05-07_21 21:19:37.510 INFO  [main] org.springframework.web.servlet.mvc.method.annotation.RequestMappingHandlerMapping - Mapped "{[/carPlace/findPlaceByPlaceName],methods=[POST]}" onto public com.example.park.commonbox.Result com.example.park.controller.CarPlaceController.findPlaceByPlaceName(com.example.park.pojo.dto.PlaceNameDTO)
2019-05-07_21 21:19:37.510 INFO  [main] org.springframework.web.servlet.mvc.method.annotation.RequestMappingHandlerMapping - Mapped "{[/carPlace/findAll],methods=[POST]}" onto public com.example.park.commonbox.Result com.example.park.controller.CarPlaceController.findAll()
2019-05-07_21 21:19:37.513 INFO  [main] org.springframework.web.servlet.mvc.method.annotation.RequestMappingHandlerMapping - Mapped "{[/park/start],methods=[POST]}" onto public com.example.park.commonbox.Result com.example.park.controller.ParkController.start(com.example.park.pojo.dto.ParkStartDTO)
2019-05-07_21 21:19:37.513 INFO  [main] org.springframework.web.servlet.mvc.method.annotation.RequestMappingHandlerMapping - Mapped "{[/park/findByCarNumber],methods=[POST]}" onto public com.example.park.commonbox.Result com.example.park.controller.ParkController.findByCarNumber(com.example.park.pojo.dto.CarNumberDTO)
2019-05-07_21 21:19:37.513 INFO  [main] org.springframework.web.servlet.mvc.method.annotation.RequestMappingHandlerMapping - Mapped "{[/park/findByMasterId],methods=[POST]}" onto public com.example.park.commonbox.Result com.example.park.controller.ParkController.findByMasterId(com.example.park.pojo.dto.UserIdDTO)
2019-05-07_21 21:19:37.514 INFO  [main] org.springframework.web.servlet.mvc.method.annotation.RequestMappingHandlerMapping - Mapped "{[/park/findAll],methods=[POST]}" onto public com.example.park.commonbox.Result com.example.park.controller.ParkController.findAll()
2019-05-07_21 21:19:37.514 INFO  [main] org.springframework.web.servlet.mvc.method.annotation.RequestMappingHandlerMapping - Mapped "{[/park/end],methods=[POST]}" onto public com.example.park.commonbox.Result com.example.park.controller.ParkController.end(com.example.park.pojo.dto.ParkEndDTO)
2019-05-07_21 21:19:37.515 INFO  [main] org.springframework.web.servlet.mvc.method.annotation.RequestMappingHandlerMapping - Mapped "{[/user/login],methods=[POST]}" onto public com.example.park.commonbox.Result com.example.park.controller.UserController.login(com.example.park.pojo.dto.LoginDTO)
2019-05-07_21 21:19:37.515 INFO  [main] org.springframework.web.servlet.mvc.method.annotation.RequestMappingHandlerMapping - Mapped "{[/user/delete],methods=[POST]}" onto public com.example.park.commonbox.Result com.example.park.controller.UserController.deleteUser(com.example.park.pojo.dto.UserIdDTO)
2019-05-07_21 21:19:37.516 INFO  [main] org.springframework.web.servlet.mvc.method.annotation.RequestMappingHandlerMapping - Mapped "{[/user/findByRole],methods=[POST]}" onto public com.example.park.commonbox.Result com.example.park.controller.UserController.findByRole(com.example.park.pojo.dto.UserRoleIdDTO)
2019-05-07_21 21:19:37.516 INFO  [main] org.springframework.web.servlet.mvc.method.annotation.RequestMappingHandlerMapping - Mapped "{[/user/findByUserName],methods=[POST]}" onto public com.example.park.commonbox.Result com.example.park.controller.UserController.findByUserName(com.example.park.pojo.dto.UserNameDTO)
2019-05-07_21 21:19:37.516 INFO  [main] org.springframework.web.servlet.mvc.method.annotation.RequestMappingHandlerMapping - Mapped "{[/user/update],methods=[POST]}" onto public com.example.park.commonbox.Result com.example.park.controller.UserController.updateUser(com.example.park.pojo.dto.UpdateUserInfoDTO)
2019-05-07_21 21:19:37.516 INFO  [main] org.springframework.web.servlet.mvc.method.annotation.RequestMappingHandlerMapping - Mapped "{[/user/findAllUser],methods=[POST]}" onto public com.example.park.commonbox.Result com.example.park.controller.UserController.findAllUser()
2019-05-07_21 21:19:37.516 INFO  [main] org.springframework.web.servlet.mvc.method.annotation.RequestMappingHandlerMapping - Mapped "{[/user/add],methods=[POST]}" onto public com.example.park.commonbox.Result com.example.park.controller.UserController.addUser(com.example.park.pojo.dto.UserDTO)
2019-05-07_21 21:19:37.518 INFO  [main] org.springframework.web.servlet.mvc.method.annotation.RequestMappingHandlerMapping - Mapped "{[/swagger-resources/configuration/ui]}" onto public org.springframework.http.ResponseEntity<springfox.documentation.swagger.web.UiConfiguration> springfox.documentation.swagger.web.ApiResourceController.uiConfiguration()
2019-05-07_21 21:19:37.519 INFO  [main] org.springframework.web.servlet.mvc.method.annotation.RequestMappingHandlerMapping - Mapped "{[/swagger-resources/configuration/security]}" onto public org.springframework.http.ResponseEntity<springfox.documentation.swagger.web.SecurityConfiguration> springfox.documentation.swagger.web.ApiResourceController.securityConfiguration()
2019-05-07_21 21:19:37.519 INFO  [main] org.springframework.web.servlet.mvc.method.annotation.RequestMappingHandlerMapping - Mapped "{[/swagger-resources]}" onto public org.springframework.http.ResponseEntity<java.util.List<springfox.documentation.swagger.web.SwaggerResource>> springfox.documentation.swagger.web.ApiResourceController.swaggerResources()
2019-05-07_21 21:19:37.521 INFO  [main] org.springframework.web.servlet.mvc.method.annotation.RequestMappingHandlerMapping - Mapped "{[/error]}" onto public org.springframework.http.ResponseEntity<java.util.Map<java.lang.String, java.lang.Object>> org.springframework.boot.autoconfigure.web.BasicErrorController.error(javax.servlet.http.HttpServletRequest)
2019-05-07_21 21:19:37.521 INFO  [main] org.springframework.web.servlet.mvc.method.annotation.RequestMappingHandlerMapping - Mapped "{[/error],produces=[text/html]}" onto public org.springframework.web.servlet.ModelAndView org.springframework.boot.autoconfigure.web.BasicErrorController.errorHtml(javax.servlet.http.HttpServletRequest,javax.servlet.http.HttpServletResponse)
2019-05-07_21 21:19:37.611 INFO  [main] springfox.documentation.spring.web.PropertySourcedRequestMappingHandlerMapping - Mapped URL path [/v2/api-docs] onto method [public org.springframework.http.ResponseEntity<springfox.documentation.spring.web.json.Json> springfox.documentation.swagger2.web.Swagger2Controller.getDocumentation(java.lang.String,javax.servlet.http.HttpServletRequest)]
2019-05-07_21 21:19:37.767 INFO  [main] org.springframework.web.servlet.mvc.method.annotation.RequestMappingHandlerAdapter - Looking for @ControllerAdvice: org.springframework.boot.context.embedded.AnnotationConfigEmbeddedWebApplicationContext@22a637e7: startup date [Tue May 07 21:19:34 CST 2019]; root of context hierarchy
2019-05-07_21 21:19:37.819 INFO  [main] org.springframework.web.servlet.handler.SimpleUrlHandlerMapping - Mapped URL path [/webjars/**] onto handler of type [class org.springframework.web.servlet.resource.ResourceHttpRequestHandler]
2019-05-07_21 21:19:37.819 INFO  [main] org.springframework.web.servlet.handler.SimpleUrlHandlerMapping - Mapped URL path [/**] onto handler of type [class org.springframework.web.servlet.resource.ResourceHttpRequestHandler]
2019-05-07_21 21:19:37.854 INFO  [main] org.springframework.web.servlet.handler.SimpleUrlHandlerMapping - Mapped URL path [/**/favicon.ico] onto handler of type [class org.springframework.web.servlet.resource.ResourceHttpRequestHandler]
2019-05-07_21 21:19:38.141 INFO  [main] org.springframework.jmx.export.annotation.AnnotationMBeanExporter - Registering beans for JMX exposure on startup
2019-05-07_21 21:19:38.143 INFO  [main] org.springframework.jmx.export.annotation.AnnotationMBeanExporter - Bean with name 'statFilter' has been autodetected for JMX exposure
2019-05-07_21 21:19:38.143 INFO  [main] org.springframework.jmx.export.annotation.AnnotationMBeanExporter - Bean with name 'dataSource' has been autodetected for JMX exposure
2019-05-07_21 21:19:38.148 INFO  [main] org.springframework.jmx.export.annotation.AnnotationMBeanExporter - Located MBean 'dataSource': registering with JMX server as MBean [com.alibaba.druid.spring.boot.autoconfigure:name=dataSource,type=DruidDataSourceWrapper]
2019-05-07_21 21:19:38.149 INFO  [main] org.springframework.jmx.export.annotation.AnnotationMBeanExporter - Located MBean 'statFilter': registering with JMX server as MBean [com.alibaba.druid.filter.stat:name=statFilter,type=StatFilter]
2019-05-07_21 21:19:38.152 INFO  [main] org.springframework.context.support.DefaultLifecycleProcessor - Starting beans in phase 2147483647
2019-05-07_21 21:19:38.152 INFO  [main] springfox.documentation.spring.web.plugins.DocumentationPluginsBootstrapper - Context refreshed
2019-05-07_21 21:19:38.171 INFO  [main] springfox.documentation.spring.web.plugins.DocumentationPluginsBootstrapper - Found 1 custom documentation plugin(s)
2019-05-07_21 21:19:38.200 INFO  [main] springfox.documentation.spring.web.scanners.ApiListingReferenceScanner - Scanning for api listing references
2019-05-07_21 21:19:38.440 INFO  [main] springfox.documentation.spring.web.readers.operation.CachingOperationNameGenerator - Generating unique operation named: findAllUsingPOST_1
2019-05-07_21 21:19:38.456 INFO  [main] springfox.documentation.spring.web.readers.operation.CachingOperationNameGenerator - Generating unique operation named: findAllUsingPOST_2
2019-05-07_21 21:19:38.503 INFO  [main] org.apache.coyote.http11.Http11NioProtocol - Starting ProtocolHandler ["http-nio-8084"]
2019-05-07_21 21:19:38.528 INFO  [main] org.apache.tomcat.util.net.NioSelectorPool - Using a shared selector for servlet write/read
2019-05-07_21 21:19:38.539 INFO  [main] org.springframework.boot.context.embedded.tomcat.TomcatEmbeddedServletContainer - Tomcat started on port(s): 8084 (http)
2019-05-07_21 21:19:38.544 INFO  [main] com.example.park.ParkApplication - Started ParkApplication in 4.55 seconds (JVM running for 5.492)
2019-05-07_21 21:57:22.460 INFO  [http-nio-8084-exec-4] org.apache.catalina.core.ContainerBase.[Tomcat].[localhost].[/] - Initializing Spring FrameworkServlet 'dispatcherServlet'
2019-05-07_21 21:57:22.461 INFO  [http-nio-8084-exec-4] org.springframework.web.servlet.DispatcherServlet - FrameworkServlet 'dispatcherServlet': initialization started
2019-05-07_21 21:57:22.496 INFO  [http-nio-8084-exec-4] org.springframework.web.servlet.DispatcherServlet - FrameworkServlet 'dispatcherServlet': initialization completed in 34 ms
2019-05-07_21 21:57:32.672 ERROR [http-nio-8084-exec-6] org.apache.catalina.core.ContainerBase.[Tomcat].[localhost].[/].[dispatcherServlet] - Servlet.service() for servlet [dispatcherServlet] in context with path [] threw exception [Request processing failed; nested exception is java.util.ConcurrentModificationException] with root cause
java.util.ConcurrentModificationException: null
	at java.util.ArrayList.forEach(ArrayList.java:1260)
	at com.example.park.service.CarService.findCarNotPark(CarService.java:53)
	at com.example.park.controller.CarController.findCarNotPark(CarController.java:111)
	at sun.reflect.NativeMethodAccessorImpl.invoke0(Native Method)
	at sun.reflect.NativeMethodAccessorImpl.invoke(NativeMethodAccessorImpl.java:62)
	at sun.reflect.DelegatingMethodAccessorImpl.invoke(DelegatingMethodAccessorImpl.java:43)
	at java.lang.reflect.Method.invoke(Method.java:498)
	at org.springframework.web.method.support.InvocableHandlerMethod.doInvoke(InvocableHandlerMethod.java:205)
	at org.springframework.web.method.support.InvocableHandlerMethod.invokeForRequest(InvocableHandlerMethod.java:133)
	at org.springframework.web.servlet.mvc.method.annotation.ServletInvocableHandlerMethod.invokeAndHandle(ServletInvocableHandlerMethod.java:97)
	at org.springframework.web.servlet.mvc.method.annotation.RequestMappingHandlerAdapter.invokeHandlerMethod(RequestMappingHandlerAdapter.java:849)
	at org.springframework.web.servlet.mvc.method.annotation.RequestMappingHandlerAdapter.handleInternal(RequestMappingHandlerAdapter.java:760)
	at org.springframework.web.servlet.mvc.method.AbstractHandlerMethodAdapter.handle(AbstractHandlerMethodAdapter.java:85)
	at org.springframework.web.servlet.DispatcherServlet.doDispatch(DispatcherServlet.java:967)
	at org.springframework.web.servlet.DispatcherServlet.doService(DispatcherServlet.java:901)
	at org.springframework.web.servlet.FrameworkServlet.processRequest(FrameworkServlet.java:970)
	at org.springframework.web.servlet.FrameworkServlet.doPost(FrameworkServlet.java:872)
	at javax.servlet.http.HttpServlet.service(HttpServlet.java:661)
	at org.springframework.web.servlet.FrameworkServlet.service(FrameworkServlet.java:846)
	at javax.servlet.http.HttpServlet.service(HttpServlet.java:742)
	at org.apache.catalina.core.ApplicationFilterChain.internalDoFilter(ApplicationFilterChain.java:231)
	at org.apache.catalina.core.ApplicationFilterChain.doFilter(ApplicationFilterChain.java:166)
	at org.apache.tomcat.websocket.server.WsFilter.doFilter(WsFilter.java:52)
	at org.apache.catalina.core.ApplicationFilterChain.internalDoFilter(ApplicationFilterChain.java:193)
	at org.apache.catalina.core.ApplicationFilterChain.doFilter(ApplicationFilterChain.java:166)
	at org.springframework.web.filter.CorsFilter.doFilterInternal(CorsFilter.java:96)
	at org.springframework.web.filter.OncePerRequestFilter.doFilter(OncePerRequestFilter.java:107)
	at org.apache.catalina.core.ApplicationFilterChain.internalDoFilter(ApplicationFilterChain.java:193)
	at org.apache.catalina.core.ApplicationFilterChain.doFilter(ApplicationFilterChain.java:166)
	at com.alibaba.druid.support.http.WebStatFilter.doFilter(WebStatFilter.java:123)
	at org.apache.catalina.core.ApplicationFilterChain.internalDoFilter(ApplicationFilterChain.java:193)
	at org.apache.catalina.core.ApplicationFilterChain.doFilter(ApplicationFilterChain.java:166)
	at org.springframework.web.filter.RequestContextFilter.doFilterInternal(RequestContextFilter.java:99)
	at org.springframework.web.filter.OncePerRequestFilter.doFilter(OncePerRequestFilter.java:107)
	at org.apache.catalina.core.ApplicationFilterChain.internalDoFilter(ApplicationFilterChain.java:193)
	at org.apache.catalina.core.ApplicationFilterChain.doFilter(ApplicationFilterChain.java:166)
	at org.springframework.web.filter.HttpPutFormContentFilter.doFilterInternal(HttpPutFormContentFilter.java:109)
	at org.springframework.web.filter.OncePerRequestFilter.doFilter(OncePerRequestFilter.java:107)
	at org.apache.catalina.core.ApplicationFilterChain.internalDoFilter(ApplicationFilterChain.java:193)
	at org.apache.catalina.core.ApplicationFilterChain.doFilter(ApplicationFilterChain.java:166)
	at org.springframework.web.filter.HiddenHttpMethodFilter.doFilterInternal(HiddenHttpMethodFilter.java:93)
	at org.springframework.web.filter.OncePerRequestFilter.doFilter(OncePerRequestFilter.java:107)
	at org.apache.catalina.core.ApplicationFilterChain.internalDoFilter(ApplicationFilterChain.java:193)
	at org.apache.catalina.core.ApplicationFilterChain.doFilter(ApplicationFilterChain.java:166)
	at org.springframework.web.filter.CharacterEncodingFilter.doFilterInternal(CharacterEncodingFilter.java:197)
	at org.springframework.web.filter.OncePerRequestFilter.doFilter(OncePerRequestFilter.java:107)
	at org.apache.catalina.core.ApplicationFilterChain.internalDoFilter(ApplicationFilterChain.java:193)
	at org.apache.catalina.core.ApplicationFilterChain.doFilter(ApplicationFilterChain.java:166)
	at org.apache.catalina.core.StandardWrapperValve.invoke(StandardWrapperValve.java:198)
	at org.apache.catalina.core.StandardContextValve.invoke(StandardContextValve.java:96)
	at org.apache.catalina.authenticator.AuthenticatorBase.invoke(AuthenticatorBase.java:493)
	at org.apache.catalina.core.StandardHostValve.invoke(StandardHostValve.java:140)
	at org.apache.catalina.valves.ErrorReportValve.invoke(ErrorReportValve.java:81)
	at org.apache.catalina.core.StandardEngineValve.invoke(StandardEngineValve.java:87)
	at org.apache.catalina.connector.CoyoteAdapter.service(CoyoteAdapter.java:342)
	at org.apache.coyote.http11.Http11Processor.service(Http11Processor.java:800)
	at org.apache.coyote.AbstractProcessorLight.process(AbstractProcessorLight.java:66)
	at org.apache.coyote.AbstractProtocol$ConnectionHandler.process(AbstractProtocol.java:806)
	at org.apache.tomcat.util.net.NioEndpoint$SocketProcessor.doRun(NioEndpoint.java:1498)
	at org.apache.tomcat.util.net.SocketProcessorBase.run(SocketProcessorBase.java:49)
	at java.util.concurrent.ThreadPoolExecutor.runWorker(ThreadPoolExecutor.java:1149)
	at java.util.concurrent.ThreadPoolExecutor$Worker.run(ThreadPoolExecutor.java:624)
	at org.apache.tomcat.util.threads.TaskThread$WrappingRunnable.run(TaskThread.java:61)
	at java.lang.Thread.run(Thread.java:748)
2019-05-07_21 21:59:39.435 INFO  [Thread-12] org.springframework.boot.context.embedded.AnnotationConfigEmbeddedWebApplicationContext - Closing org.springframework.boot.context.embedded.AnnotationConfigEmbeddedWebApplicationContext@22a637e7: startup date [Tue May 07 21:19:34 CST 2019]; root of context hierarchy
2019-05-07_21 21:59:39.438 INFO  [Thread-12] org.springframework.context.support.DefaultLifecycleProcessor - Stopping beans in phase 2147483647
2019-05-07_21 21:59:39.442 INFO  [Thread-12] org.springframework.jmx.export.annotation.AnnotationMBeanExporter - Unregistering JMX-exposed beans on shutdown
2019-05-07_21 21:59:39.442 INFO  [Thread-12] org.springframework.jmx.export.annotation.AnnotationMBeanExporter - Unregistering JMX-exposed beans
2019-05-07_21 21:59:39.449 INFO  [Thread-12] com.alibaba.druid.pool.DruidDataSource - {dataSource-1} closed
2019-05-07_21 21:59:41.923 INFO  [main] com.example.park.ParkApplication - Starting ParkApplication on liudeMBP with PID 10979 (/Users/liubing/Desktop/code/IdeaProjects/park/target/classes started by liubing in /Users/liubing/Desktop/code/IdeaProjects/park)
2019-05-07_21 21:59:41.925 INFO  [main] com.example.park.ParkApplication - No active profile set, falling back to default profiles: default
2019-05-07_21 21:59:41.961 INFO  [main] org.springframework.boot.context.embedded.AnnotationConfigEmbeddedWebApplicationContext - Refreshing org.springframework.boot.context.embedded.AnnotationConfigEmbeddedWebApplicationContext@22a637e7: startup date [Tue May 07 21:59:41 CST 2019]; root of context hierarchy
2019-05-07_21 21:59:42.071 INFO  [background-preinit] org.hibernate.validator.internal.util.Version - HV000001: Hibernate Validator 5.3.6.Final
2019-05-07_21 21:59:42.811 INFO  [main] org.springframework.context.support.PostProcessorRegistrationDelegate$BeanPostProcessorChecker - Bean 'org.springframework.transaction.annotation.ProxyTransactionManagementConfiguration' of type [org.springframework.transaction.annotation.ProxyTransactionManagementConfiguration$$EnhancerBySpringCGLIB$$4035af7] is not eligible for getting processed by all BeanPostProcessors (for example: not eligible for auto-proxying)
2019-05-07_21 21:59:43.095 INFO  [main] org.springframework.boot.context.embedded.tomcat.TomcatEmbeddedServletContainer - Tomcat initialized with port(s): 8084 (http)
2019-05-07_21 21:59:43.105 INFO  [main] org.apache.coyote.http11.Http11NioProtocol - Initializing ProtocolHandler ["http-nio-8084"]
2019-05-07_21 21:59:43.115 INFO  [main] org.apache.catalina.core.StandardService - Starting service [Tomcat]
2019-05-07_21 21:59:43.115 INFO  [main] org.apache.catalina.core.StandardEngine - Starting Servlet Engine: Apache Tomcat/8.5.34
2019-05-07_21 21:59:43.202 INFO  [localhost-startStop-1] org.apache.catalina.core.ContainerBase.[Tomcat].[localhost].[/] - Initializing Spring embedded WebApplicationContext
2019-05-07_21 21:59:43.202 INFO  [localhost-startStop-1] org.springframework.web.context.ContextLoader - Root WebApplicationContext: initialization completed in 1241 ms
2019-05-07_21 21:59:43.348 INFO  [localhost-startStop-1] org.springframework.boot.web.servlet.ServletRegistrationBean - Mapping servlet: 'dispatcherServlet' to [/]
2019-05-07_21 21:59:43.350 INFO  [localhost-startStop-1] org.springframework.boot.web.servlet.ServletRegistrationBean - Mapping servlet: 'statViewServlet' to [/druid/*]
2019-05-07_21 21:59:43.352 INFO  [localhost-startStop-1] org.springframework.boot.web.servlet.FilterRegistrationBean - Mapping filter: 'characterEncodingFilter' to: [/*]
2019-05-07_21 21:59:43.352 INFO  [localhost-startStop-1] org.springframework.boot.web.servlet.FilterRegistrationBean - Mapping filter: 'hiddenHttpMethodFilter' to: [/*]
2019-05-07_21 21:59:43.352 INFO  [localhost-startStop-1] org.springframework.boot.web.servlet.FilterRegistrationBean - Mapping filter: 'httpPutFormContentFilter' to: [/*]
2019-05-07_21 21:59:43.352 INFO  [localhost-startStop-1] org.springframework.boot.web.servlet.FilterRegistrationBean - Mapping filter: 'requestContextFilter' to: [/*]
2019-05-07_21 21:59:43.352 INFO  [localhost-startStop-1] org.springframework.boot.web.servlet.FilterRegistrationBean - Mapping filter: 'webStatFilter' to urls: [/*]
2019-05-07_21 21:59:43.352 INFO  [localhost-startStop-1] org.springframework.boot.web.servlet.FilterRegistrationBean - Mapping filter: 'corsFilter' to: [/*]
2019-05-07_21 21:59:43.443 INFO  [main] com.alibaba.druid.spring.boot.autoconfigure.DruidDataSourceAutoConfigure - Init DruidDataSource
2019-05-07_21 21:59:43.806 INFO  [main] com.alibaba.druid.pool.DruidDataSource - {dataSource-1} inited
2019-05-07_21 21:59:44.086 INFO  [main] org.springframework.web.servlet.mvc.method.annotation.RequestMappingHandlerMapping - Mapped "{[/car/addCar],methods=[POST]}" onto public com.example.park.commonbox.Result com.example.park.controller.CarController.addCar(com.example.park.pojo.dto.CarDTO)
2019-05-07_21 21:59:44.087 INFO  [main] org.springframework.web.servlet.mvc.method.annotation.RequestMappingHandlerMapping - Mapped "{[/car/deleteCar],methods=[POST]}" onto public com.example.park.commonbox.Result com.example.park.controller.CarController.deleteCar(com.example.park.pojo.dto.CarIdDTO)
2019-05-07_21 21:59:44.088 INFO  [main] org.springframework.web.servlet.mvc.method.annotation.RequestMappingHandlerMapping - Mapped "{[/car/updateCar],methods=[POST]}" onto public com.example.park.commonbox.Result com.example.park.controller.CarController.updateCar(com.example.park.pojo.dto.CarDTO)
2019-05-07_21 21:59:44.088 INFO  [main] org.springframework.web.servlet.mvc.method.annotation.RequestMappingHandlerMapping - Mapped "{[/car/findAll],methods=[POST]}" onto public com.example.park.commonbox.Result com.example.park.controller.CarController.findAll()
2019-05-07_21 21:59:44.088 INFO  [main] org.springframework.web.servlet.mvc.method.annotation.RequestMappingHandlerMapping - Mapped "{[/car/findCarByType],methods=[POST]}" onto public com.example.park.commonbox.Result com.example.park.controller.CarController.findCarByType(com.example.park.pojo.dto.CarTypeDTO)
2019-05-07_21 21:59:44.089 INFO  [main] org.springframework.web.servlet.mvc.method.annotation.RequestMappingHandlerMapping - Mapped "{[/car/findCarNotPark],methods=[POST]}" onto public com.example.park.commonbox.Result com.example.park.controller.CarController.findCarNotPark()
2019-05-07_21 21:59:44.089 INFO  [main] org.springframework.web.servlet.mvc.method.annotation.RequestMappingHandlerMapping - Mapped "{[/car/findCarByCarNumber],methods=[POST]}" onto public com.example.park.commonbox.Result com.example.park.controller.CarController.findCarByCarNumber(com.example.park.pojo.dto.CarNumberDTO)
2019-05-07_21 21:59:44.090 INFO  [main] org.springframework.web.servlet.mvc.method.annotation.RequestMappingHandlerMapping - Mapped "{[/carPlace/addPlace],methods=[POST]}" onto public com.example.park.commonbox.Result com.example.park.controller.CarPlaceController.addPlace(com.example.park.pojo.dto.PlaceDTO)
2019-05-07_21 21:59:44.091 INFO  [main] org.springframework.web.servlet.mvc.method.annotation.RequestMappingHandlerMapping - Mapped "{[/carPlace/findAll],methods=[POST]}" onto public com.example.park.commonbox.Result com.example.park.controller.CarPlaceController.findAll()
2019-05-07_21 21:59:44.091 INFO  [main] org.springframework.web.servlet.mvc.method.annotation.RequestMappingHandlerMapping - Mapped "{[/carPlace/deletePlace],methods=[POST]}" onto public com.example.park.commonbox.Result com.example.park.controller.CarPlaceController.deletePlace(com.example.park.pojo.dto.CarPlactIdDTO)
2019-05-07_21 21:59:44.091 INFO  [main] org.springframework.web.servlet.mvc.method.annotation.RequestMappingHandlerMapping - Mapped "{[/carPlace/updatePlace],methods=[POST]}" onto public com.example.park.commonbox.Result com.example.park.controller.CarPlaceController.updatePlace(com.example.park.pojo.dto.PlaceDTO)
2019-05-07_21 21:59:44.092 INFO  [main] org.springframework.web.servlet.mvc.method.annotation.RequestMappingHandlerMapping - Mapped "{[/carPlace/findPlaceByStatus],methods=[POST]}" onto public com.example.park.commonbox.Result com.example.park.controller.CarPlaceController.findPlaceByStatus(com.example.park.pojo.dto.PlaceStatusDTO)
2019-05-07_21 21:59:44.092 INFO  [main] org.springframework.web.servlet.mvc.method.annotation.RequestMappingHandlerMapping - Mapped "{[/carPlace/findPlaceByPlaceName],methods=[POST]}" onto public com.example.park.commonbox.Result com.example.park.controller.CarPlaceController.findPlaceByPlaceName(com.example.park.pojo.dto.PlaceNameDTO)
2019-05-07_21 21:59:44.095 INFO  [main] org.springframework.web.servlet.mvc.method.annotation.RequestMappingHandlerMapping - Mapped "{[/park/start],methods=[POST]}" onto public com.example.park.commonbox.Result com.example.park.controller.ParkController.start(com.example.park.pojo.dto.ParkStartDTO)
2019-05-07_21 21:59:44.095 INFO  [main] org.springframework.web.servlet.mvc.method.annotation.RequestMappingHandlerMapping - Mapped "{[/park/end],methods=[POST]}" onto public com.example.park.commonbox.Result com.example.park.controller.ParkController.end(com.example.park.pojo.dto.ParkEndDTO)
2019-05-07_21 21:59:44.095 INFO  [main] org.springframework.web.servlet.mvc.method.annotation.RequestMappingHandlerMapping - Mapped "{[/park/findAll],methods=[POST]}" onto public com.example.park.commonbox.Result com.example.park.controller.ParkController.findAll()
2019-05-07_21 21:59:44.096 INFO  [main] org.springframework.web.servlet.mvc.method.annotation.RequestMappingHandlerMapping - Mapped "{[/park/findByCarNumber],methods=[POST]}" onto public com.example.park.commonbox.Result com.example.park.controller.ParkController.findByCarNumber(com.example.park.pojo.dto.CarNumberDTO)
2019-05-07_21 21:59:44.096 INFO  [main] org.springframework.web.servlet.mvc.method.annotation.RequestMappingHandlerMapping - Mapped "{[/park/findByMasterId],methods=[POST]}" onto public com.example.park.commonbox.Result com.example.park.controller.ParkController.findByMasterId(com.example.park.pojo.dto.UserIdDTO)
2019-05-07_21 21:59:44.097 INFO  [main] org.springframework.web.servlet.mvc.method.annotation.RequestMappingHandlerMapping - Mapped "{[/user/add],methods=[POST]}" onto public com.example.park.commonbox.Result com.example.park.controller.UserController.addUser(com.example.park.pojo.dto.UserDTO)
2019-05-07_21 21:59:44.097 INFO  [main] org.springframework.web.servlet.mvc.method.annotation.RequestMappingHandlerMapping - Mapped "{[/user/login],methods=[POST]}" onto public com.example.park.commonbox.Result com.example.park.controller.UserController.login(com.example.park.pojo.dto.LoginDTO)
2019-05-07_21 21:59:44.098 INFO  [main] org.springframework.web.servlet.mvc.method.annotation.RequestMappingHandlerMapping - Mapped "{[/user/delete],methods=[POST]}" onto public com.example.park.commonbox.Result com.example.park.controller.UserController.deleteUser(com.example.park.pojo.dto.UserIdDTO)
2019-05-07_21 21:59:44.098 INFO  [main] org.springframework.web.servlet.mvc.method.annotation.RequestMappingHandlerMapping - Mapped "{[/user/findByRole],methods=[POST]}" onto public com.example.park.commonbox.Result com.example.park.controller.UserController.findByRole(com.example.park.pojo.dto.UserRoleIdDTO)
2019-05-07_21 21:59:44.098 INFO  [main] org.springframework.web.servlet.mvc.method.annotation.RequestMappingHandlerMapping - Mapped "{[/user/findByUserName],methods=[POST]}" onto public com.example.park.commonbox.Result com.example.park.controller.UserController.findByUserName(com.example.park.pojo.dto.UserNameDTO)
2019-05-07_21 21:59:44.098 INFO  [main] org.springframework.web.servlet.mvc.method.annotation.RequestMappingHandlerMapping - Mapped "{[/user/update],methods=[POST]}" onto public com.example.park.commonbox.Result com.example.park.controller.UserController.updateUser(com.example.park.pojo.dto.UpdateUserInfoDTO)
2019-05-07_21 21:59:44.098 INFO  [main] org.springframework.web.servlet.mvc.method.annotation.RequestMappingHandlerMapping - Mapped "{[/user/findAllUser],methods=[POST]}" onto public com.example.park.commonbox.Result com.example.park.controller.UserController.findAllUser()
2019-05-07_21 21:59:44.100 INFO  [main] org.springframework.web.servlet.mvc.method.annotation.RequestMappingHandlerMapping - Mapped "{[/swagger-resources/configuration/ui]}" onto public org.springframework.http.ResponseEntity<springfox.documentation.swagger.web.UiConfiguration> springfox.documentation.swagger.web.ApiResourceController.uiConfiguration()
2019-05-07_21 21:59:44.101 INFO  [main] org.springframework.web.servlet.mvc.method.annotation.RequestMappingHandlerMapping - Mapped "{[/swagger-resources/configuration/security]}" onto public org.springframework.http.ResponseEntity<springfox.documentation.swagger.web.SecurityConfiguration> springfox.documentation.swagger.web.ApiResourceController.securityConfiguration()
2019-05-07_21 21:59:44.101 INFO  [main] org.springframework.web.servlet.mvc.method.annotation.RequestMappingHandlerMapping - Mapped "{[/swagger-resources]}" onto public org.springframework.http.ResponseEntity<java.util.List<springfox.documentation.swagger.web.SwaggerResource>> springfox.documentation.swagger.web.ApiResourceController.swaggerResources()
2019-05-07_21 21:59:44.103 INFO  [main] org.springframework.web.servlet.mvc.method.annotation.RequestMappingHandlerMapping - Mapped "{[/error]}" onto public org.springframework.http.ResponseEntity<java.util.Map<java.lang.String, java.lang.Object>> org.springframework.boot.autoconfigure.web.BasicErrorController.error(javax.servlet.http.HttpServletRequest)
2019-05-07_21 21:59:44.103 INFO  [main] org.springframework.web.servlet.mvc.method.annotation.RequestMappingHandlerMapping - Mapped "{[/error],produces=[text/html]}" onto public org.springframework.web.servlet.ModelAndView org.springframework.boot.autoconfigure.web.BasicErrorController.errorHtml(javax.servlet.http.HttpServletRequest,javax.servlet.http.HttpServletResponse)
2019-05-07_21 21:59:44.185 INFO  [main] springfox.documentation.spring.web.PropertySourcedRequestMappingHandlerMapping - Mapped URL path [/v2/api-docs] onto method [public org.springframework.http.ResponseEntity<springfox.documentation.spring.web.json.Json> springfox.documentation.swagger2.web.Swagger2Controller.getDocumentation(java.lang.String,javax.servlet.http.HttpServletRequest)]
2019-05-07_21 21:59:44.320 INFO  [main] org.springframework.web.servlet.mvc.method.annotation.RequestMappingHandlerAdapter - Looking for @ControllerAdvice: org.springframework.boot.context.embedded.AnnotationConfigEmbeddedWebApplicationContext@22a637e7: startup date [Tue May 07 21:59:41 CST 2019]; root of context hierarchy
2019-05-07_21 21:59:44.365 INFO  [main] org.springframework.web.servlet.handler.SimpleUrlHandlerMapping - Mapped URL path [/webjars/**] onto handler of type [class org.springframework.web.servlet.resource.ResourceHttpRequestHandler]
2019-05-07_21 21:59:44.365 INFO  [main] org.springframework.web.servlet.handler.SimpleUrlHandlerMapping - Mapped URL path [/**] onto handler of type [class org.springframework.web.servlet.resource.ResourceHttpRequestHandler]
2019-05-07_21 21:59:44.397 INFO  [main] org.springframework.web.servlet.handler.SimpleUrlHandlerMapping - Mapped URL path [/**/favicon.ico] onto handler of type [class org.springframework.web.servlet.resource.ResourceHttpRequestHandler]
2019-05-07_21 21:59:44.646 INFO  [main] org.springframework.jmx.export.annotation.AnnotationMBeanExporter - Registering beans for JMX exposure on startup
2019-05-07_21 21:59:44.647 INFO  [main] org.springframework.jmx.export.annotation.AnnotationMBeanExporter - Bean with name 'statFilter' has been autodetected for JMX exposure
2019-05-07_21 21:59:44.648 INFO  [main] org.springframework.jmx.export.annotation.AnnotationMBeanExporter - Bean with name 'dataSource' has been autodetected for JMX exposure
2019-05-07_21 21:59:44.651 INFO  [main] org.springframework.jmx.export.annotation.AnnotationMBeanExporter - Located MBean 'dataSource': registering with JMX server as MBean [com.alibaba.druid.spring.boot.autoconfigure:name=dataSource,type=DruidDataSourceWrapper]
2019-05-07_21 21:59:44.652 INFO  [main] org.springframework.jmx.export.annotation.AnnotationMBeanExporter - Located MBean 'statFilter': registering with JMX server as MBean [com.alibaba.druid.filter.stat:name=statFilter,type=StatFilter]
2019-05-07_21 21:59:44.654 INFO  [main] org.springframework.context.support.DefaultLifecycleProcessor - Starting beans in phase 2147483647
2019-05-07_21 21:59:44.654 INFO  [main] springfox.documentation.spring.web.plugins.DocumentationPluginsBootstrapper - Context refreshed
2019-05-07_21 21:59:44.663 INFO  [main] springfox.documentation.spring.web.plugins.DocumentationPluginsBootstrapper - Found 1 custom documentation plugin(s)
2019-05-07_21 21:59:44.781 INFO  [main] springfox.documentation.spring.web.scanners.ApiListingReferenceScanner - Scanning for api listing references
2019-05-07_21 21:59:44.909 INFO  [main] springfox.documentation.spring.web.readers.operation.CachingOperationNameGenerator - Generating unique operation named: findAllUsingPOST_1
2019-05-07_21 21:59:44.926 INFO  [main] springfox.documentation.spring.web.readers.operation.CachingOperationNameGenerator - Generating unique operation named: findAllUsingPOST_2
2019-05-07_21 21:59:44.972 INFO  [main] org.apache.coyote.http11.Http11NioProtocol - Starting ProtocolHandler ["http-nio-8084"]
2019-05-07_21 21:59:44.997 INFO  [main] org.apache.tomcat.util.net.NioSelectorPool - Using a shared selector for servlet write/read
2019-05-07_21 21:59:45.006 INFO  [main] org.springframework.boot.context.embedded.tomcat.TomcatEmbeddedServletContainer - Tomcat started on port(s): 8084 (http)
2019-05-07_21 21:59:45.011 INFO  [main] com.example.park.ParkApplication - Started ParkApplication in 3.329 seconds (JVM running for 3.802)
2019-05-07_21 21:59:55.675 INFO  [http-nio-8084-exec-1] org.apache.catalina.core.ContainerBase.[Tomcat].[localhost].[/] - Initializing Spring FrameworkServlet 'dispatcherServlet'
2019-05-07_21 21:59:55.676 INFO  [http-nio-8084-exec-1] org.springframework.web.servlet.DispatcherServlet - FrameworkServlet 'dispatcherServlet': initialization started
2019-05-07_21 21:59:55.690 INFO  [http-nio-8084-exec-1] org.springframework.web.servlet.DispatcherServlet - FrameworkServlet 'dispatcherServlet': initialization completed in 14 ms
2019-05-07_21 21:59:55.927 ERROR [http-nio-8084-exec-1] org.apache.catalina.core.ContainerBase.[Tomcat].[localhost].[/].[dispatcherServlet] - Servlet.service() for servlet [dispatcherServlet] in context with path [] threw exception [Request processing failed; nested exception is java.util.ConcurrentModificationException] with root cause
java.util.ConcurrentModificationException: null
	at java.util.ArrayList.forEach(ArrayList.java:1260)
	at com.example.park.service.CarService.findCarNotPark(CarService.java:56)
	at com.example.park.controller.CarController.findCarNotPark(CarController.java:111)
	at sun.reflect.NativeMethodAccessorImpl.invoke0(Native Method)
	at sun.reflect.NativeMethodAccessorImpl.invoke(NativeMethodAccessorImpl.java:62)
	at sun.reflect.DelegatingMethodAccessorImpl.invoke(DelegatingMethodAccessorImpl.java:43)
	at java.lang.reflect.Method.invoke(Method.java:498)
	at org.springframework.web.method.support.InvocableHandlerMethod.doInvoke(InvocableHandlerMethod.java:205)
	at org.springframework.web.method.support.InvocableHandlerMethod.invokeForRequest(InvocableHandlerMethod.java:133)
	at org.springframework.web.servlet.mvc.method.annotation.ServletInvocableHandlerMethod.invokeAndHandle(ServletInvocableHandlerMethod.java:97)
	at org.springframework.web.servlet.mvc.method.annotation.RequestMappingHandlerAdapter.invokeHandlerMethod(RequestMappingHandlerAdapter.java:849)
	at org.springframework.web.servlet.mvc.method.annotation.RequestMappingHandlerAdapter.handleInternal(RequestMappingHandlerAdapter.java:760)
	at org.springframework.web.servlet.mvc.method.AbstractHandlerMethodAdapter.handle(AbstractHandlerMethodAdapter.java:85)
	at org.springframework.web.servlet.DispatcherServlet.doDispatch(DispatcherServlet.java:967)
	at org.springframework.web.servlet.DispatcherServlet.doService(DispatcherServlet.java:901)
	at org.springframework.web.servlet.FrameworkServlet.processRequest(FrameworkServlet.java:970)
	at org.springframework.web.servlet.FrameworkServlet.doPost(FrameworkServlet.java:872)
	at javax.servlet.http.HttpServlet.service(HttpServlet.java:661)
	at org.springframework.web.servlet.FrameworkServlet.service(FrameworkServlet.java:846)
	at javax.servlet.http.HttpServlet.service(HttpServlet.java:742)
	at org.apache.catalina.core.ApplicationFilterChain.internalDoFilter(ApplicationFilterChain.java:231)
	at org.apache.catalina.core.ApplicationFilterChain.doFilter(ApplicationFilterChain.java:166)
	at org.apache.tomcat.websocket.server.WsFilter.doFilter(WsFilter.java:52)
	at org.apache.catalina.core.ApplicationFilterChain.internalDoFilter(ApplicationFilterChain.java:193)
	at org.apache.catalina.core.ApplicationFilterChain.doFilter(ApplicationFilterChain.java:166)
	at org.springframework.web.filter.CorsFilter.doFilterInternal(CorsFilter.java:96)
	at org.springframework.web.filter.OncePerRequestFilter.doFilter(OncePerRequestFilter.java:107)
	at org.apache.catalina.core.ApplicationFilterChain.internalDoFilter(ApplicationFilterChain.java:193)
	at org.apache.catalina.core.ApplicationFilterChain.doFilter(ApplicationFilterChain.java:166)
	at com.alibaba.druid.support.http.WebStatFilter.doFilter(WebStatFilter.java:123)
	at org.apache.catalina.core.ApplicationFilterChain.internalDoFilter(ApplicationFilterChain.java:193)
	at org.apache.catalina.core.ApplicationFilterChain.doFilter(ApplicationFilterChain.java:166)
	at org.springframework.web.filter.RequestContextFilter.doFilterInternal(RequestContextFilter.java:99)
	at org.springframework.web.filter.OncePerRequestFilter.doFilter(OncePerRequestFilter.java:107)
	at org.apache.catalina.core.ApplicationFilterChain.internalDoFilter(ApplicationFilterChain.java:193)
	at org.apache.catalina.core.ApplicationFilterChain.doFilter(ApplicationFilterChain.java:166)
	at org.springframework.web.filter.HttpPutFormContentFilter.doFilterInternal(HttpPutFormContentFilter.java:109)
	at org.springframework.web.filter.OncePerRequestFilter.doFilter(OncePerRequestFilter.java:107)
	at org.apache.catalina.core.ApplicationFilterChain.internalDoFilter(ApplicationFilterChain.java:193)
	at org.apache.catalina.core.ApplicationFilterChain.doFilter(ApplicationFilterChain.java:166)
	at org.springframework.web.filter.HiddenHttpMethodFilter.doFilterInternal(HiddenHttpMethodFilter.java:93)
	at org.springframework.web.filter.OncePerRequestFilter.doFilter(OncePerRequestFilter.java:107)
	at org.apache.catalina.core.ApplicationFilterChain.internalDoFilter(ApplicationFilterChain.java:193)
	at org.apache.catalina.core.ApplicationFilterChain.doFilter(ApplicationFilterChain.java:166)
	at org.springframework.web.filter.CharacterEncodingFilter.doFilterInternal(CharacterEncodingFilter.java:197)
	at org.springframework.web.filter.OncePerRequestFilter.doFilter(OncePerRequestFilter.java:107)
	at org.apache.catalina.core.ApplicationFilterChain.internalDoFilter(ApplicationFilterChain.java:193)
	at org.apache.catalina.core.ApplicationFilterChain.doFilter(ApplicationFilterChain.java:166)
	at org.apache.catalina.core.StandardWrapperValve.invoke(StandardWrapperValve.java:198)
	at org.apache.catalina.core.StandardContextValve.invoke(StandardContextValve.java:96)
	at org.apache.catalina.authenticator.AuthenticatorBase.invoke(AuthenticatorBase.java:493)
	at org.apache.catalina.core.StandardHostValve.invoke(StandardHostValve.java:140)
	at org.apache.catalina.valves.ErrorReportValve.invoke(ErrorReportValve.java:81)
	at org.apache.catalina.core.StandardEngineValve.invoke(StandardEngineValve.java:87)
	at org.apache.catalina.connector.CoyoteAdapter.service(CoyoteAdapter.java:342)
	at org.apache.coyote.http11.Http11Processor.service(Http11Processor.java:800)
	at org.apache.coyote.AbstractProcessorLight.process(AbstractProcessorLight.java:66)
	at org.apache.coyote.AbstractProtocol$ConnectionHandler.process(AbstractProtocol.java:806)
	at org.apache.tomcat.util.net.NioEndpoint$SocketProcessor.doRun(NioEndpoint.java:1498)
	at org.apache.tomcat.util.net.SocketProcessorBase.run(SocketProcessorBase.java:49)
	at java.util.concurrent.ThreadPoolExecutor.runWorker(ThreadPoolExecutor.java:1149)
	at java.util.concurrent.ThreadPoolExecutor$Worker.run(ThreadPoolExecutor.java:624)
	at org.apache.tomcat.util.threads.TaskThread$WrappingRunnable.run(TaskThread.java:61)
	at java.lang.Thread.run(Thread.java:748)
