2019-05-07_22 22:02:20.036 INFO  [Thread-10] org.springframework.boot.context.embedded.AnnotationConfigEmbeddedWebApplicationContext - Closing org.springframework.boot.context.embedded.AnnotationConfigEmbeddedWebApplicationContext@22a637e7: startup date [Tue May 07 21:59:41 CST 2019]; root of context hierarchy
2019-05-07_22 22:02:20.041 INFO  [Thread-10] org.springframework.context.support.DefaultLifecycleProcessor - Stopping beans in phase 2147483647
2019-05-07_22 22:02:20.043 INFO  [Thread-10] org.springframework.jmx.export.annotation.AnnotationMBeanExporter - Unregistering JMX-exposed beans on shutdown
2019-05-07_22 22:02:20.043 INFO  [Thread-10] org.springframework.jmx.export.annotation.AnnotationMBeanExporter - Unregistering JMX-exposed beans
2019-05-07_22 22:02:20.050 INFO  [Thread-10] com.alibaba.druid.pool.DruidDataSource - {dataSource-1} closed
2019-05-07_22 22:02:22.526 INFO  [main] com.example.park.ParkApplication - Starting ParkApplication on liudeMBP with PID 10983 (/Users/liubing/Desktop/code/IdeaProjects/park/target/classes started by liubing in /Users/liubing/Desktop/code/IdeaProjects/park)
2019-05-07_22 22:02:22.529 INFO  [main] com.example.park.ParkApplication - No active profile set, falling back to default profiles: default
2019-05-07_22 22:02:22.565 INFO  [main] org.springframework.boot.context.embedded.AnnotationConfigEmbeddedWebApplicationContext - Refreshing org.springframework.boot.context.embedded.AnnotationConfigEmbeddedWebApplicationContext@22a637e7: startup date [Tue May 07 22:02:22 CST 2019]; root of context hierarchy
2019-05-07_22 22:02:22.676 INFO  [background-preinit] org.hibernate.validator.internal.util.Version - HV000001: Hibernate Validator 5.3.6.Final
2019-05-07_22 22:02:23.409 INFO  [main] org.springframework.context.support.PostProcessorRegistrationDelegate$BeanPostProcessorChecker - Bean 'org.springframework.transaction.annotation.ProxyTransactionManagementConfiguration' of type [org.springframework.transaction.annotation.ProxyTransactionManagementConfiguration$$EnhancerBySpringCGLIB$$35ad20e4] is not eligible for getting processed by all BeanPostProcessors (for example: not eligible for auto-proxying)
2019-05-07_22 22:02:23.685 INFO  [main] org.springframework.boot.context.embedded.tomcat.TomcatEmbeddedServletContainer - Tomcat initialized with port(s): 8084 (http)
2019-05-07_22 22:02:23.695 INFO  [main] org.apache.coyote.http11.Http11NioProtocol - Initializing ProtocolHandler ["http-nio-8084"]
2019-05-07_22 22:02:23.704 INFO  [main] org.apache.catalina.core.StandardService - Starting service [Tomcat]
2019-05-07_22 22:02:23.705 INFO  [main] org.apache.catalina.core.StandardEngine - Starting Servlet Engine: Apache Tomcat/8.5.34
2019-05-07_22 22:02:23.783 INFO  [localhost-startStop-1] org.apache.catalina.core.ContainerBase.[Tomcat].[localhost].[/] - Initializing Spring embedded WebApplicationContext
2019-05-07_22 22:02:23.784 INFO  [localhost-startStop-1] org.springframework.web.context.ContextLoader - Root WebApplicationContext: initialization completed in 1219 ms
2019-05-07_22 22:02:23.921 INFO  [localhost-startStop-1] org.springframework.boot.web.servlet.ServletRegistrationBean - Mapping servlet: 'dispatcherServlet' to [/]
2019-05-07_22 22:02:23.922 INFO  [localhost-startStop-1] org.springframework.boot.web.servlet.ServletRegistrationBean - Mapping servlet: 'statViewServlet' to [/druid/*]
2019-05-07_22 22:02:23.924 INFO  [localhost-startStop-1] org.springframework.boot.web.servlet.FilterRegistrationBean - Mapping filter: 'characterEncodingFilter' to: [/*]
2019-05-07_22 22:02:23.925 INFO  [localhost-startStop-1] org.springframework.boot.web.servlet.FilterRegistrationBean - Mapping filter: 'hiddenHttpMethodFilter' to: [/*]
2019-05-07_22 22:02:23.925 INFO  [localhost-startStop-1] org.springframework.boot.web.servlet.FilterRegistrationBean - Mapping filter: 'httpPutFormContentFilter' to: [/*]
2019-05-07_22 22:02:23.925 INFO  [localhost-startStop-1] org.springframework.boot.web.servlet.FilterRegistrationBean - Mapping filter: 'requestContextFilter' to: [/*]
2019-05-07_22 22:02:23.925 INFO  [localhost-startStop-1] org.springframework.boot.web.servlet.FilterRegistrationBean - Mapping filter: 'webStatFilter' to urls: [/*]
2019-05-07_22 22:02:23.925 INFO  [localhost-startStop-1] org.springframework.boot.web.servlet.FilterRegistrationBean - Mapping filter: 'corsFilter' to: [/*]
2019-05-07_22 22:02:24.018 INFO  [main] com.alibaba.druid.spring.boot.autoconfigure.DruidDataSourceAutoConfigure - Init DruidDataSource
2019-05-07_22 22:02:24.374 INFO  [main] com.alibaba.druid.pool.DruidDataSource - {dataSource-1} inited
2019-05-07_22 22:02:24.642 INFO  [main] org.springframework.web.servlet.mvc.method.annotation.RequestMappingHandlerMapping - Mapped "{[/car/addCar],methods=[POST]}" onto public com.example.park.commonbox.Result com.example.park.controller.CarController.addCar(com.example.park.pojo.dto.CarDTO)
2019-05-07_22 22:02:24.643 INFO  [main] org.springframework.web.servlet.mvc.method.annotation.RequestMappingHandlerMapping - Mapped "{[/car/findAll],methods=[POST]}" onto public com.example.park.commonbox.Result com.example.park.controller.CarController.findAll()
2019-05-07_22 22:02:24.643 INFO  [main] org.springframework.web.servlet.mvc.method.annotation.RequestMappingHandlerMapping - Mapped "{[/car/deleteCar],methods=[POST]}" onto public com.example.park.commonbox.Result com.example.park.controller.CarController.deleteCar(com.example.park.pojo.dto.CarIdDTO)
2019-05-07_22 22:02:24.643 INFO  [main] org.springframework.web.servlet.mvc.method.annotation.RequestMappingHandlerMapping - Mapped "{[/car/updateCar],methods=[POST]}" onto public com.example.park.commonbox.Result com.example.park.controller.CarController.updateCar(com.example.park.pojo.dto.CarDTO)
2019-05-07_22 22:02:24.643 INFO  [main] org.springframework.web.servlet.mvc.method.annotation.RequestMappingHandlerMapping - Mapped "{[/car/findCarByType],methods=[POST]}" onto public com.example.park.commonbox.Result com.example.park.controller.CarController.findCarByType(com.example.park.pojo.dto.CarTypeDTO)
2019-05-07_22 22:02:24.644 INFO  [main] org.springframework.web.servlet.mvc.method.annotation.RequestMappingHandlerMapping - Mapped "{[/car/findCarNotPark],methods=[POST]}" onto public com.example.park.commonbox.Result com.example.park.controller.CarController.findCarNotPark()
2019-05-07_22 22:02:24.644 INFO  [main] org.springframework.web.servlet.mvc.method.annotation.RequestMappingHandlerMapping - Mapped "{[/car/findCarByCarNumber],methods=[POST]}" onto public com.example.park.commonbox.Result com.example.park.controller.CarController.findCarByCarNumber(com.example.park.pojo.dto.CarNumberDTO)
2019-05-07_22 22:02:24.645 INFO  [main] org.springframework.web.servlet.mvc.method.annotation.RequestMappingHandlerMapping - Mapped "{[/carPlace/addPlace],methods=[POST]}" onto public com.example.park.commonbox.Result com.example.park.controller.CarPlaceController.addPlace(com.example.park.pojo.dto.PlaceDTO)
2019-05-07_22 22:02:24.646 INFO  [main] org.springframework.web.servlet.mvc.method.annotation.RequestMappingHandlerMapping - Mapped "{[/carPlace/deletePlace],methods=[POST]}" onto public com.example.park.commonbox.Result com.example.park.controller.CarPlaceController.deletePlace(com.example.park.pojo.dto.CarPlactIdDTO)
2019-05-07_22 22:02:24.646 INFO  [main] org.springframework.web.servlet.mvc.method.annotation.RequestMappingHandlerMapping - Mapped "{[/carPlace/updatePlace],methods=[POST]}" onto public com.example.park.commonbox.Result com.example.park.controller.CarPlaceController.updatePlace(com.example.park.pojo.dto.PlaceDTO)
2019-05-07_22 22:02:24.646 INFO  [main] org.springframework.web.servlet.mvc.method.annotation.RequestMappingHandlerMapping - Mapped "{[/carPlace/findPlaceByStatus],methods=[POST]}" onto public com.example.park.commonbox.Result com.example.park.controller.CarPlaceController.findPlaceByStatus(com.example.park.pojo.dto.PlaceStatusDTO)
2019-05-07_22 22:02:24.647 INFO  [main] org.springframework.web.servlet.mvc.method.annotation.RequestMappingHandlerMapping - Mapped "{[/carPlace/findPlaceByPlaceName],methods=[POST]}" onto public com.example.park.commonbox.Result com.example.park.controller.CarPlaceController.findPlaceByPlaceName(com.example.park.pojo.dto.PlaceNameDTO)
2019-05-07_22 22:02:24.647 INFO  [main] org.springframework.web.servlet.mvc.method.annotation.RequestMappingHandlerMapping - Mapped "{[/carPlace/findAll],methods=[POST]}" onto public com.example.park.commonbox.Result com.example.park.controller.CarPlaceController.findAll()
2019-05-07_22 22:02:24.650 INFO  [main] org.springframework.web.servlet.mvc.method.annotation.RequestMappingHandlerMapping - Mapped "{[/park/start],methods=[POST]}" onto public com.example.park.commonbox.Result com.example.park.controller.ParkController.start(com.example.park.pojo.dto.ParkStartDTO)
2019-05-07_22 22:02:24.650 INFO  [main] org.springframework.web.servlet.mvc.method.annotation.RequestMappingHandlerMapping - Mapped "{[/park/findByCarNumber],methods=[POST]}" onto public com.example.park.commonbox.Result com.example.park.controller.ParkController.findByCarNumber(com.example.park.pojo.dto.CarNumberDTO)
2019-05-07_22 22:02:24.650 INFO  [main] org.springframework.web.servlet.mvc.method.annotation.RequestMappingHandlerMapping - Mapped "{[/park/findByMasterId],methods=[POST]}" onto public com.example.park.commonbox.Result com.example.park.controller.ParkController.findByMasterId(com.example.park.pojo.dto.UserIdDTO)
2019-05-07_22 22:02:24.651 INFO  [main] org.springframework.web.servlet.mvc.method.annotation.RequestMappingHandlerMapping - Mapped "{[/park/end],methods=[POST]}" onto public com.example.park.commonbox.Result com.example.park.controller.ParkController.end(com.example.park.pojo.dto.ParkEndDTO)
2019-05-07_22 22:02:24.651 INFO  [main] org.springframework.web.servlet.mvc.method.annotation.RequestMappingHandlerMapping - Mapped "{[/park/findAll],methods=[POST]}" onto public com.example.park.commonbox.Result com.example.park.controller.ParkController.findAll()
2019-05-07_22 22:02:24.652 INFO  [main] org.springframework.web.servlet.mvc.method.annotation.RequestMappingHandlerMapping - Mapped "{[/user/login],methods=[POST]}" onto public com.example.park.commonbox.Result com.example.park.controller.UserController.login(com.example.park.pojo.dto.LoginDTO)
2019-05-07_22 22:02:24.652 INFO  [main] org.springframework.web.servlet.mvc.method.annotation.RequestMappingHandlerMapping - Mapped "{[/user/delete],methods=[POST]}" onto public com.example.park.commonbox.Result com.example.park.controller.UserController.deleteUser(com.example.park.pojo.dto.UserIdDTO)
2019-05-07_22 22:02:24.653 INFO  [main] org.springframework.web.servlet.mvc.method.annotation.RequestMappingHandlerMapping - Mapped "{[/user/findByRole],methods=[POST]}" onto public com.example.park.commonbox.Result com.example.park.controller.UserController.findByRole(com.example.park.pojo.dto.UserRoleIdDTO)
2019-05-07_22 22:02:24.653 INFO  [main] org.springframework.web.servlet.mvc.method.annotation.RequestMappingHandlerMapping - Mapped "{[/user/findByUserName],methods=[POST]}" onto public com.example.park.commonbox.Result com.example.park.controller.UserController.findByUserName(com.example.park.pojo.dto.UserNameDTO)
2019-05-07_22 22:02:24.653 INFO  [main] org.springframework.web.servlet.mvc.method.annotation.RequestMappingHandlerMapping - Mapped "{[/user/update],methods=[POST]}" onto public com.example.park.commonbox.Result com.example.park.controller.UserController.updateUser(com.example.park.pojo.dto.UpdateUserInfoDTO)
2019-05-07_22 22:02:24.653 INFO  [main] org.springframework.web.servlet.mvc.method.annotation.RequestMappingHandlerMapping - Mapped "{[/user/findAllUser],methods=[POST]}" onto public com.example.park.commonbox.Result com.example.park.controller.UserController.findAllUser()
2019-05-07_22 22:02:24.654 INFO  [main] org.springframework.web.servlet.mvc.method.annotation.RequestMappingHandlerMapping - Mapped "{[/user/add],methods=[POST]}" onto public com.example.park.commonbox.Result com.example.park.controller.UserController.addUser(com.example.park.pojo.dto.UserDTO)
2019-05-07_22 22:02:24.655 INFO  [main] org.springframework.web.servlet.mvc.method.annotation.RequestMappingHandlerMapping - Mapped "{[/swagger-resources/configuration/ui]}" onto public org.springframework.http.ResponseEntity<springfox.documentation.swagger.web.UiConfiguration> springfox.documentation.swagger.web.ApiResourceController.uiConfiguration()
2019-05-07_22 22:02:24.656 INFO  [main] org.springframework.web.servlet.mvc.method.annotation.RequestMappingHandlerMapping - Mapped "{[/swagger-resources/configuration/security]}" onto public org.springframework.http.ResponseEntity<springfox.documentation.swagger.web.SecurityConfiguration> springfox.documentation.swagger.web.ApiResourceController.securityConfiguration()
2019-05-07_22 22:02:24.657 INFO  [main] org.springframework.web.servlet.mvc.method.annotation.RequestMappingHandlerMapping - Mapped "{[/swagger-resources]}" onto public org.springframework.http.ResponseEntity<java.util.List<springfox.documentation.swagger.web.SwaggerResource>> springfox.documentation.swagger.web.ApiResourceController.swaggerResources()
2019-05-07_22 22:02:24.658 INFO  [main] org.springframework.web.servlet.mvc.method.annotation.RequestMappingHandlerMapping - Mapped "{[/error]}" onto public org.springframework.http.ResponseEntity<java.util.Map<java.lang.String, java.lang.Object>> org.springframework.boot.autoconfigure.web.BasicErrorController.error(javax.servlet.http.HttpServletRequest)
2019-05-07_22 22:02:24.658 INFO  [main] org.springframework.web.servlet.mvc.method.annotation.RequestMappingHandlerMapping - Mapped "{[/error],produces=[text/html]}" onto public org.springframework.web.servlet.ModelAndView org.springframework.boot.autoconfigure.web.BasicErrorController.errorHtml(javax.servlet.http.HttpServletRequest,javax.servlet.http.HttpServletResponse)
2019-05-07_22 22:02:24.735 INFO  [main] springfox.documentation.spring.web.PropertySourcedRequestMappingHandlerMapping - Mapped URL path [/v2/api-docs] onto method [public org.springframework.http.ResponseEntity<springfox.documentation.spring.web.json.Json> springfox.documentation.swagger2.web.Swagger2Controller.getDocumentation(java.lang.String,javax.servlet.http.HttpServletRequest)]
2019-05-07_22 22:02:24.867 INFO  [main] org.springframework.web.servlet.mvc.method.annotation.RequestMappingHandlerAdapter - Looking for @ControllerAdvice: org.springframework.boot.context.embedded.AnnotationConfigEmbeddedWebApplicationContext@22a637e7: startup date [Tue May 07 22:02:22 CST 2019]; root of context hierarchy
2019-05-07_22 22:02:24.911 INFO  [main] org.springframework.web.servlet.handler.SimpleUrlHandlerMapping - Mapped URL path [/webjars/**] onto handler of type [class org.springframework.web.servlet.resource.ResourceHttpRequestHandler]
2019-05-07_22 22:02:24.911 INFO  [main] org.springframework.web.servlet.handler.SimpleUrlHandlerMapping - Mapped URL path [/**] onto handler of type [class org.springframework.web.servlet.resource.ResourceHttpRequestHandler]
2019-05-07_22 22:02:24.943 INFO  [main] org.springframework.web.servlet.handler.SimpleUrlHandlerMapping - Mapped URL path [/**/favicon.ico] onto handler of type [class org.springframework.web.servlet.resource.ResourceHttpRequestHandler]
2019-05-07_22 22:02:25.190 INFO  [main] org.springframework.jmx.export.annotation.AnnotationMBeanExporter - Registering beans for JMX exposure on startup
2019-05-07_22 22:02:25.191 INFO  [main] org.springframework.jmx.export.annotation.AnnotationMBeanExporter - Bean with name 'statFilter' has been autodetected for JMX exposure
2019-05-07_22 22:02:25.191 INFO  [main] org.springframework.jmx.export.annotation.AnnotationMBeanExporter - Bean with name 'dataSource' has been autodetected for JMX exposure
2019-05-07_22 22:02:25.195 INFO  [main] org.springframework.jmx.export.annotation.AnnotationMBeanExporter - Located MBean 'dataSource': registering with JMX server as MBean [com.alibaba.druid.spring.boot.autoconfigure:name=dataSource,type=DruidDataSourceWrapper]
2019-05-07_22 22:02:25.196 INFO  [main] org.springframework.jmx.export.annotation.AnnotationMBeanExporter - Located MBean 'statFilter': registering with JMX server as MBean [com.alibaba.druid.filter.stat:name=statFilter,type=StatFilter]
2019-05-07_22 22:02:25.198 INFO  [main] org.springframework.context.support.DefaultLifecycleProcessor - Starting beans in phase 2147483647
2019-05-07_22 22:02:25.198 INFO  [main] springfox.documentation.spring.web.plugins.DocumentationPluginsBootstrapper - Context refreshed
2019-05-07_22 22:02:25.208 INFO  [main] springfox.documentation.spring.web.plugins.DocumentationPluginsBootstrapper - Found 1 custom documentation plugin(s)
2019-05-07_22 22:02:25.333 INFO  [main] springfox.documentation.spring.web.scanners.ApiListingReferenceScanner - Scanning for api listing references
2019-05-07_22 22:02:25.458 INFO  [main] springfox.documentation.spring.web.readers.operation.CachingOperationNameGenerator - Generating unique operation named: findAllUsingPOST_1
2019-05-07_22 22:02:25.473 INFO  [main] springfox.documentation.spring.web.readers.operation.CachingOperationNameGenerator - Generating unique operation named: findAllUsingPOST_2
2019-05-07_22 22:02:25.519 INFO  [main] org.apache.coyote.http11.Http11NioProtocol - Starting ProtocolHandler ["http-nio-8084"]
2019-05-07_22 22:02:25.540 INFO  [main] org.apache.tomcat.util.net.NioSelectorPool - Using a shared selector for servlet write/read
2019-05-07_22 22:02:25.548 INFO  [main] org.springframework.boot.context.embedded.tomcat.TomcatEmbeddedServletContainer - Tomcat started on port(s): 8084 (http)
2019-05-07_22 22:02:25.553 INFO  [main] com.example.park.ParkApplication - Started ParkApplication in 3.257 seconds (JVM running for 3.715)
2019-05-07_22 22:02:38.192 INFO  [http-nio-8084-exec-1] org.apache.catalina.core.ContainerBase.[Tomcat].[localhost].[/] - Initializing Spring FrameworkServlet 'dispatcherServlet'
2019-05-07_22 22:02:38.193 INFO  [http-nio-8084-exec-1] org.springframework.web.servlet.DispatcherServlet - FrameworkServlet 'dispatcherServlet': initialization started
2019-05-07_22 22:02:38.213 INFO  [http-nio-8084-exec-1] org.springframework.web.servlet.DispatcherServlet - FrameworkServlet 'dispatcherServlet': initialization completed in 19 ms
2019-05-07_22 22:03:12.805 INFO  [Thread-10] org.springframework.boot.context.embedded.AnnotationConfigEmbeddedWebApplicationContext - Closing org.springframework.boot.context.embedded.AnnotationConfigEmbeddedWebApplicationContext@22a637e7: startup date [Tue May 07 22:02:22 CST 2019]; root of context hierarchy
2019-05-07_22 22:03:12.807 INFO  [Thread-10] org.springframework.context.support.DefaultLifecycleProcessor - Stopping beans in phase 2147483647
2019-05-07_22 22:03:12.809 INFO  [Thread-10] org.springframework.jmx.export.annotation.AnnotationMBeanExporter - Unregistering JMX-exposed beans on shutdown
2019-05-07_22 22:03:12.809 INFO  [Thread-10] org.springframework.jmx.export.annotation.AnnotationMBeanExporter - Unregistering JMX-exposed beans
2019-05-07_22 22:03:12.817 INFO  [Thread-10] com.alibaba.druid.pool.DruidDataSource - {dataSource-1} closed
2019-05-07_22 22:03:14.905 INFO  [main] com.example.park.ParkApplication - Starting ParkApplication on liudeMBP with PID 10986 (/Users/liubing/Desktop/code/IdeaProjects/park/target/classes started by liubing in /Users/liubing/Desktop/code/IdeaProjects/park)
2019-05-07_22 22:03:14.908 INFO  [main] com.example.park.ParkApplication - No active profile set, falling back to default profiles: default
2019-05-07_22 22:03:14.953 INFO  [main] org.springframework.boot.context.embedded.AnnotationConfigEmbeddedWebApplicationContext - Refreshing org.springframework.boot.context.embedded.AnnotationConfigEmbeddedWebApplicationContext@10a9d961: startup date [Tue May 07 22:03:14 CST 2019]; root of context hierarchy
2019-05-07_22 22:03:15.045 INFO  [background-preinit] org.hibernate.validator.internal.util.Version - HV000001: Hibernate Validator 5.3.6.Final
2019-05-07_22 22:03:15.863 INFO  [main] org.springframework.context.support.PostProcessorRegistrationDelegate$BeanPostProcessorChecker - Bean 'org.springframework.transaction.annotation.ProxyTransactionManagementConfiguration' of type [org.springframework.transaction.annotation.ProxyTransactionManagementConfiguration$$EnhancerBySpringCGLIB$$39ea674a] is not eligible for getting processed by all BeanPostProcessors (for example: not eligible for auto-proxying)
2019-05-07_22 22:03:16.195 INFO  [main] org.springframework.boot.context.embedded.tomcat.TomcatEmbeddedServletContainer - Tomcat initialized with port(s): 8084 (http)
2019-05-07_22 22:03:16.206 INFO  [main] org.apache.coyote.http11.Http11NioProtocol - Initializing ProtocolHandler ["http-nio-8084"]
2019-05-07_22 22:03:16.216 INFO  [main] org.apache.catalina.core.StandardService - Starting service [Tomcat]
2019-05-07_22 22:03:16.217 INFO  [main] org.apache.catalina.core.StandardEngine - Starting Servlet Engine: Apache Tomcat/8.5.34
2019-05-07_22 22:03:16.312 INFO  [localhost-startStop-1] org.apache.catalina.core.ContainerBase.[Tomcat].[localhost].[/] - Initializing Spring embedded WebApplicationContext
2019-05-07_22 22:03:16.312 INFO  [localhost-startStop-1] org.springframework.web.context.ContextLoader - Root WebApplicationContext: initialization completed in 1360 ms
2019-05-07_22 22:03:16.481 INFO  [localhost-startStop-1] org.springframework.boot.web.servlet.ServletRegistrationBean - Mapping servlet: 'dispatcherServlet' to [/]
2019-05-07_22 22:03:16.483 INFO  [localhost-startStop-1] org.springframework.boot.web.servlet.ServletRegistrationBean - Mapping servlet: 'statViewServlet' to [/druid/*]
2019-05-07_22 22:03:16.485 INFO  [localhost-startStop-1] org.springframework.boot.web.servlet.FilterRegistrationBean - Mapping filter: 'characterEncodingFilter' to: [/*]
2019-05-07_22 22:03:16.486 INFO  [localhost-startStop-1] org.springframework.boot.web.servlet.FilterRegistrationBean - Mapping filter: 'hiddenHttpMethodFilter' to: [/*]
2019-05-07_22 22:03:16.486 INFO  [localhost-startStop-1] org.springframework.boot.web.servlet.FilterRegistrationBean - Mapping filter: 'httpPutFormContentFilter' to: [/*]
2019-05-07_22 22:03:16.486 INFO  [localhost-startStop-1] org.springframework.boot.web.servlet.FilterRegistrationBean - Mapping filter: 'requestContextFilter' to: [/*]
2019-05-07_22 22:03:16.486 INFO  [localhost-startStop-1] org.springframework.boot.web.servlet.FilterRegistrationBean - Mapping filter: 'webStatFilter' to urls: [/*]
2019-05-07_22 22:03:16.486 INFO  [localhost-startStop-1] org.springframework.boot.web.servlet.FilterRegistrationBean - Mapping filter: 'corsFilter' to: [/*]
2019-05-07_22 22:03:16.595 INFO  [main] com.alibaba.druid.spring.boot.autoconfigure.DruidDataSourceAutoConfigure - Init DruidDataSource
2019-05-07_22 22:03:17.026 INFO  [main] com.alibaba.druid.pool.DruidDataSource - {dataSource-1} inited
2019-05-07_22 22:03:17.368 INFO  [main] org.springframework.web.servlet.mvc.method.annotation.RequestMappingHandlerMapping - Mapped "{[/car/findAll],methods=[POST]}" onto public com.example.park.commonbox.Result com.example.park.controller.CarController.findAll()
2019-05-07_22 22:03:17.370 INFO  [main] org.springframework.web.servlet.mvc.method.annotation.RequestMappingHandlerMapping - Mapped "{[/car/addCar],methods=[POST]}" onto public com.example.park.commonbox.Result com.example.park.controller.CarController.addCar(com.example.park.pojo.dto.CarDTO)
2019-05-07_22 22:03:17.370 INFO  [main] org.springframework.web.servlet.mvc.method.annotation.RequestMappingHandlerMapping - Mapped "{[/car/deleteCar],methods=[POST]}" onto public com.example.park.commonbox.Result com.example.park.controller.CarController.deleteCar(com.example.park.pojo.dto.CarIdDTO)
2019-05-07_22 22:03:17.371 INFO  [main] org.springframework.web.servlet.mvc.method.annotation.RequestMappingHandlerMapping - Mapped "{[/car/updateCar],methods=[POST]}" onto public com.example.park.commonbox.Result com.example.park.controller.CarController.updateCar(com.example.park.pojo.dto.CarDTO)
2019-05-07_22 22:03:17.371 INFO  [main] org.springframework.web.servlet.mvc.method.annotation.RequestMappingHandlerMapping - Mapped "{[/car/findCarByType],methods=[POST]}" onto public com.example.park.commonbox.Result com.example.park.controller.CarController.findCarByType(com.example.park.pojo.dto.CarTypeDTO)
2019-05-07_22 22:03:17.371 INFO  [main] org.springframework.web.servlet.mvc.method.annotation.RequestMappingHandlerMapping - Mapped "{[/car/findCarNotPark],methods=[POST]}" onto public com.example.park.commonbox.Result com.example.park.controller.CarController.findCarNotPark()
2019-05-07_22 22:03:17.371 INFO  [main] org.springframework.web.servlet.mvc.method.annotation.RequestMappingHandlerMapping - Mapped "{[/car/findCarByCarNumber],methods=[POST]}" onto public com.example.park.commonbox.Result com.example.park.controller.CarController.findCarByCarNumber(com.example.park.pojo.dto.CarNumberDTO)
2019-05-07_22 22:03:17.372 INFO  [main] org.springframework.web.servlet.mvc.method.annotation.RequestMappingHandlerMapping - Mapped "{[/carPlace/findAll],methods=[POST]}" onto public com.example.park.commonbox.Result com.example.park.controller.CarPlaceController.findAll()
2019-05-07_22 22:03:17.373 INFO  [main] org.springframework.web.servlet.mvc.method.annotation.RequestMappingHandlerMapping - Mapped "{[/carPlace/addPlace],methods=[POST]}" onto public com.example.park.commonbox.Result com.example.park.controller.CarPlaceController.addPlace(com.example.park.pojo.dto.PlaceDTO)
2019-05-07_22 22:03:17.373 INFO  [main] org.springframework.web.servlet.mvc.method.annotation.RequestMappingHandlerMapping - Mapped "{[/carPlace/deletePlace],methods=[POST]}" onto public com.example.park.commonbox.Result com.example.park.controller.CarPlaceController.deletePlace(com.example.park.pojo.dto.CarPlactIdDTO)
2019-05-07_22 22:03:17.373 INFO  [main] org.springframework.web.servlet.mvc.method.annotation.RequestMappingHandlerMapping - Mapped "{[/carPlace/updatePlace],methods=[POST]}" onto public com.example.park.commonbox.Result com.example.park.controller.CarPlaceController.updatePlace(com.example.park.pojo.dto.PlaceDTO)
2019-05-07_22 22:03:17.374 INFO  [main] org.springframework.web.servlet.mvc.method.annotation.RequestMappingHandlerMapping - Mapped "{[/carPlace/findPlaceByStatus],methods=[POST]}" onto public com.example.park.commonbox.Result com.example.park.controller.CarPlaceController.findPlaceByStatus(com.example.park.pojo.dto.PlaceStatusDTO)
2019-05-07_22 22:03:17.374 INFO  [main] org.springframework.web.servlet.mvc.method.annotation.RequestMappingHandlerMapping - Mapped "{[/carPlace/findPlaceByPlaceName],methods=[POST]}" onto public com.example.park.commonbox.Result com.example.park.controller.CarPlaceController.findPlaceByPlaceName(com.example.park.pojo.dto.PlaceNameDTO)
2019-05-07_22 22:03:17.377 INFO  [main] org.springframework.web.servlet.mvc.method.annotation.RequestMappingHandlerMapping - Mapped "{[/park/start],methods=[POST]}" onto public com.example.park.commonbox.Result com.example.park.controller.ParkController.start(com.example.park.pojo.dto.ParkStartDTO)
2019-05-07_22 22:03:17.377 INFO  [main] org.springframework.web.servlet.mvc.method.annotation.RequestMappingHandlerMapping - Mapped "{[/park/end],methods=[POST]}" onto public com.example.park.commonbox.Result com.example.park.controller.ParkController.end(com.example.park.pojo.dto.ParkEndDTO)
2019-05-07_22 22:03:17.377 INFO  [main] org.springframework.web.servlet.mvc.method.annotation.RequestMappingHandlerMapping - Mapped "{[/park/findAll],methods=[POST]}" onto public com.example.park.commonbox.Result com.example.park.controller.ParkController.findAll()
2019-05-07_22 22:03:17.378 INFO  [main] org.springframework.web.servlet.mvc.method.annotation.RequestMappingHandlerMapping - Mapped "{[/park/findByCarNumber],methods=[POST]}" onto public com.example.park.commonbox.Result com.example.park.controller.ParkController.findByCarNumber(com.example.park.pojo.dto.CarNumberDTO)
2019-05-07_22 22:03:17.378 INFO  [main] org.springframework.web.servlet.mvc.method.annotation.RequestMappingHandlerMapping - Mapped "{[/park/findByMasterId],methods=[POST]}" onto public com.example.park.commonbox.Result com.example.park.controller.ParkController.findByMasterId(com.example.park.pojo.dto.UserIdDTO)
2019-05-07_22 22:03:17.379 INFO  [main] org.springframework.web.servlet.mvc.method.annotation.RequestMappingHandlerMapping - Mapped "{[/user/add],methods=[POST]}" onto public com.example.park.commonbox.Result com.example.park.controller.UserController.addUser(com.example.park.pojo.dto.UserDTO)
2019-05-07_22 22:03:17.379 INFO  [main] org.springframework.web.servlet.mvc.method.annotation.RequestMappingHandlerMapping - Mapped "{[/user/login],methods=[POST]}" onto public com.example.park.commonbox.Result com.example.park.controller.UserController.login(com.example.park.pojo.dto.LoginDTO)
2019-05-07_22 22:03:17.380 INFO  [main] org.springframework.web.servlet.mvc.method.annotation.RequestMappingHandlerMapping - Mapped "{[/user/delete],methods=[POST]}" onto public com.example.park.commonbox.Result com.example.park.controller.UserController.deleteUser(com.example.park.pojo.dto.UserIdDTO)
2019-05-07_22 22:03:17.380 INFO  [main] org.springframework.web.servlet.mvc.method.annotation.RequestMappingHandlerMapping - Mapped "{[/user/findByRole],methods=[POST]}" onto public com.example.park.commonbox.Result com.example.park.controller.UserController.findByRole(com.example.park.pojo.dto.UserRoleIdDTO)
2019-05-07_22 22:03:17.380 INFO  [main] org.springframework.web.servlet.mvc.method.annotation.RequestMappingHandlerMapping - Mapped "{[/user/findByUserName],methods=[POST]}" onto public com.example.park.commonbox.Result com.example.park.controller.UserController.findByUserName(com.example.park.pojo.dto.UserNameDTO)
2019-05-07_22 22:03:17.380 INFO  [main] org.springframework.web.servlet.mvc.method.annotation.RequestMappingHandlerMapping - Mapped "{[/user/update],methods=[POST]}" onto public com.example.park.commonbox.Result com.example.park.controller.UserController.updateUser(com.example.park.pojo.dto.UpdateUserInfoDTO)
2019-05-07_22 22:03:17.380 INFO  [main] org.springframework.web.servlet.mvc.method.annotation.RequestMappingHandlerMapping - Mapped "{[/user/findAllUser],methods=[POST]}" onto public com.example.park.commonbox.Result com.example.park.controller.UserController.findAllUser()
2019-05-07_22 22:03:17.382 INFO  [main] org.springframework.web.servlet.mvc.method.annotation.RequestMappingHandlerMapping - Mapped "{[/swagger-resources/configuration/security]}" onto public org.springframework.http.ResponseEntity<springfox.documentation.swagger.web.SecurityConfiguration> springfox.documentation.swagger.web.ApiResourceController.securityConfiguration()
2019-05-07_22 22:03:17.383 INFO  [main] org.springframework.web.servlet.mvc.method.annotation.RequestMappingHandlerMapping - Mapped "{[/swagger-resources/configuration/ui]}" onto public org.springframework.http.ResponseEntity<springfox.documentation.swagger.web.UiConfiguration> springfox.documentation.swagger.web.ApiResourceController.uiConfiguration()
2019-05-07_22 22:03:17.383 INFO  [main] org.springframework.web.servlet.mvc.method.annotation.RequestMappingHandlerMapping - Mapped "{[/swagger-resources]}" onto public org.springframework.http.ResponseEntity<java.util.List<springfox.documentation.swagger.web.SwaggerResource>> springfox.documentation.swagger.web.ApiResourceController.swaggerResources()
2019-05-07_22 22:03:17.385 INFO  [main] org.springframework.web.servlet.mvc.method.annotation.RequestMappingHandlerMapping - Mapped "{[/error]}" onto public org.springframework.http.ResponseEntity<java.util.Map<java.lang.String, java.lang.Object>> org.springframework.boot.autoconfigure.web.BasicErrorController.error(javax.servlet.http.HttpServletRequest)
2019-05-07_22 22:03:17.385 INFO  [main] org.springframework.web.servlet.mvc.method.annotation.RequestMappingHandlerMapping - Mapped "{[/error],produces=[text/html]}" onto public org.springframework.web.servlet.ModelAndView org.springframework.boot.autoconfigure.web.BasicErrorController.errorHtml(javax.servlet.http.HttpServletRequest,javax.servlet.http.HttpServletResponse)
2019-05-07_22 22:03:17.491 INFO  [main] springfox.documentation.spring.web.PropertySourcedRequestMappingHandlerMapping - Mapped URL path [/v2/api-docs] onto method [public org.springframework.http.ResponseEntity<springfox.documentation.spring.web.json.Json> springfox.documentation.swagger2.web.Swagger2Controller.getDocumentation(java.lang.String,javax.servlet.http.HttpServletRequest)]
2019-05-07_22 22:03:17.674 INFO  [main] org.springframework.web.servlet.mvc.method.annotation.RequestMappingHandlerAdapter - Looking for @ControllerAdvice: org.springframework.boot.context.embedded.AnnotationConfigEmbeddedWebApplicationContext@10a9d961: startup date [Tue May 07 22:03:14 CST 2019]; root of context hierarchy
2019-05-07_22 22:03:17.728 INFO  [main] org.springframework.web.servlet.handler.SimpleUrlHandlerMapping - Mapped URL path [/webjars/**] onto handler of type [class org.springframework.web.servlet.resource.ResourceHttpRequestHandler]
2019-05-07_22 22:03:17.729 INFO  [main] org.springframework.web.servlet.handler.SimpleUrlHandlerMapping - Mapped URL path [/**] onto handler of type [class org.springframework.web.servlet.resource.ResourceHttpRequestHandler]
2019-05-07_22 22:03:17.768 INFO  [main] org.springframework.web.servlet.handler.SimpleUrlHandlerMapping - Mapped URL path [/**/favicon.ico] onto handler of type [class org.springframework.web.servlet.resource.ResourceHttpRequestHandler]
2019-05-07_22 22:03:18.191 INFO  [main] org.springframework.jmx.export.annotation.AnnotationMBeanExporter - Registering beans for JMX exposure on startup
2019-05-07_22 22:03:18.193 INFO  [main] org.springframework.jmx.export.annotation.AnnotationMBeanExporter - Bean with name 'statFilter' has been autodetected for JMX exposure
2019-05-07_22 22:03:18.193 INFO  [main] org.springframework.jmx.export.annotation.AnnotationMBeanExporter - Bean with name 'dataSource' has been autodetected for JMX exposure
2019-05-07_22 22:03:18.199 INFO  [main] org.springframework.jmx.export.annotation.AnnotationMBeanExporter - Located MBean 'dataSource': registering with JMX server as MBean [com.alibaba.druid.spring.boot.autoconfigure:name=dataSource,type=DruidDataSourceWrapper]
2019-05-07_22 22:03:18.200 INFO  [main] org.springframework.jmx.export.annotation.AnnotationMBeanExporter - Located MBean 'statFilter': registering with JMX server as MBean [com.alibaba.druid.filter.stat:name=statFilter,type=StatFilter]
2019-05-07_22 22:03:18.202 INFO  [main] org.springframework.context.support.DefaultLifecycleProcessor - Starting beans in phase 2147483647
2019-05-07_22 22:03:18.203 INFO  [main] springfox.documentation.spring.web.plugins.DocumentationPluginsBootstrapper - Context refreshed
2019-05-07_22 22:03:18.216 INFO  [main] springfox.documentation.spring.web.plugins.DocumentationPluginsBootstrapper - Found 1 custom documentation plugin(s)
2019-05-07_22 22:03:18.244 INFO  [main] springfox.documentation.spring.web.scanners.ApiListingReferenceScanner - Scanning for api listing references
2019-05-07_22 22:03:18.430 INFO  [main] springfox.documentation.spring.web.readers.operation.CachingOperationNameGenerator - Generating unique operation named: findAllUsingPOST_1
2019-05-07_22 22:03:18.451 INFO  [main] springfox.documentation.spring.web.readers.operation.CachingOperationNameGenerator - Generating unique operation named: findAllUsingPOST_2
2019-05-07_22 22:03:18.504 INFO  [main] org.apache.coyote.http11.Http11NioProtocol - Starting ProtocolHandler ["http-nio-8084"]
2019-05-07_22 22:03:18.530 INFO  [main] org.apache.tomcat.util.net.NioSelectorPool - Using a shared selector for servlet write/read
2019-05-07_22 22:03:18.542 INFO  [main] org.springframework.boot.context.embedded.tomcat.TomcatEmbeddedServletContainer - Tomcat started on port(s): 8084 (http)
2019-05-07_22 22:03:18.548 INFO  [main] com.example.park.ParkApplication - Started ParkApplication in 4.016 seconds (JVM running for 4.782)
2019-05-07_22 22:03:28.668 INFO  [http-nio-8084-exec-1] org.apache.catalina.core.ContainerBase.[Tomcat].[localhost].[/] - Initializing Spring FrameworkServlet 'dispatcherServlet'
2019-05-07_22 22:03:28.668 INFO  [http-nio-8084-exec-1] org.springframework.web.servlet.DispatcherServlet - FrameworkServlet 'dispatcherServlet': initialization started
2019-05-07_22 22:03:28.684 INFO  [http-nio-8084-exec-1] org.springframework.web.servlet.DispatcherServlet - FrameworkServlet 'dispatcherServlet': initialization completed in 16 ms
2019-05-07_22 22:09:23.164 INFO  [Thread-12] org.springframework.boot.context.embedded.AnnotationConfigEmbeddedWebApplicationContext - Closing org.springframework.boot.context.embedded.AnnotationConfigEmbeddedWebApplicationContext@10a9d961: startup date [Tue May 07 22:03:14 CST 2019]; root of context hierarchy
2019-05-07_22 22:09:23.169 INFO  [Thread-12] org.springframework.context.support.DefaultLifecycleProcessor - Stopping beans in phase 2147483647
2019-05-07_22 22:09:23.176 INFO  [Thread-12] org.springframework.jmx.export.annotation.AnnotationMBeanExporter - Unregistering JMX-exposed beans on shutdown
2019-05-07_22 22:09:23.177 INFO  [Thread-12] org.springframework.jmx.export.annotation.AnnotationMBeanExporter - Unregistering JMX-exposed beans
2019-05-07_22 22:09:23.188 INFO  [Thread-12] com.alibaba.druid.pool.DruidDataSource - {dataSource-1} closed
2019-05-07_22 22:09:26.012 INFO  [main] com.example.park.ParkApplication - Starting ParkApplication on liudeMBP with PID 10992 (/Users/liubing/Desktop/code/IdeaProjects/park/target/classes started by liubing in /Users/liubing/Desktop/code/IdeaProjects/park)
2019-05-07_22 22:09:26.014 INFO  [main] com.example.park.ParkApplication - No active profile set, falling back to default profiles: default
2019-05-07_22 22:09:26.052 INFO  [main] org.springframework.boot.context.embedded.AnnotationConfigEmbeddedWebApplicationContext - Refreshing org.springframework.boot.context.embedded.AnnotationConfigEmbeddedWebApplicationContext@10a9d961: startup date [Tue May 07 22:09:26 CST 2019]; root of context hierarchy
2019-05-07_22 22:09:26.185 INFO  [background-preinit] org.hibernate.validator.internal.util.Version - HV000001: Hibernate Validator 5.3.6.Final
2019-05-07_22 22:09:27.019 INFO  [main] org.springframework.context.support.PostProcessorRegistrationDelegate$BeanPostProcessorChecker - Bean 'org.springframework.transaction.annotation.ProxyTransactionManagementConfiguration' of type [org.springframework.transaction.annotation.ProxyTransactionManagementConfiguration$$EnhancerBySpringCGLIB$$954c8ee] is not eligible for getting processed by all BeanPostProcessors (for example: not eligible for auto-proxying)
2019-05-07_22 22:09:27.376 INFO  [main] org.springframework.boot.context.embedded.tomcat.TomcatEmbeddedServletContainer - Tomcat initialized with port(s): 8084 (http)
2019-05-07_22 22:09:27.387 INFO  [main] org.apache.coyote.http11.Http11NioProtocol - Initializing ProtocolHandler ["http-nio-8084"]
2019-05-07_22 22:09:27.398 INFO  [main] org.apache.catalina.core.StandardService - Starting service [Tomcat]
2019-05-07_22 22:09:27.398 INFO  [main] org.apache.catalina.core.StandardEngine - Starting Servlet Engine: Apache Tomcat/8.5.34
2019-05-07_22 22:09:27.485 INFO  [localhost-startStop-1] org.apache.catalina.core.ContainerBase.[Tomcat].[localhost].[/] - Initializing Spring embedded WebApplicationContext
2019-05-07_22 22:09:27.486 INFO  [localhost-startStop-1] org.springframework.web.context.ContextLoader - Root WebApplicationContext: initialization completed in 1434 ms
2019-05-07_22 22:09:27.661 INFO  [localhost-startStop-1] org.springframework.boot.web.servlet.ServletRegistrationBean - Mapping servlet: 'dispatcherServlet' to [/]
2019-05-07_22 22:09:27.662 INFO  [localhost-startStop-1] org.springframework.boot.web.servlet.ServletRegistrationBean - Mapping servlet: 'statViewServlet' to [/druid/*]
2019-05-07_22 22:09:27.665 INFO  [localhost-startStop-1] org.springframework.boot.web.servlet.FilterRegistrationBean - Mapping filter: 'characterEncodingFilter' to: [/*]
2019-05-07_22 22:09:27.665 INFO  [localhost-startStop-1] org.springframework.boot.web.servlet.FilterRegistrationBean - Mapping filter: 'hiddenHttpMethodFilter' to: [/*]
2019-05-07_22 22:09:27.665 INFO  [localhost-startStop-1] org.springframework.boot.web.servlet.FilterRegistrationBean - Mapping filter: 'httpPutFormContentFilter' to: [/*]
2019-05-07_22 22:09:27.666 INFO  [localhost-startStop-1] org.springframework.boot.web.servlet.FilterRegistrationBean - Mapping filter: 'requestContextFilter' to: [/*]
2019-05-07_22 22:09:27.666 INFO  [localhost-startStop-1] org.springframework.boot.web.servlet.FilterRegistrationBean - Mapping filter: 'webStatFilter' to urls: [/*]
2019-05-07_22 22:09:27.666 INFO  [localhost-startStop-1] org.springframework.boot.web.servlet.FilterRegistrationBean - Mapping filter: 'corsFilter' to: [/*]
2019-05-07_22 22:09:27.784 INFO  [main] com.alibaba.druid.spring.boot.autoconfigure.DruidDataSourceAutoConfigure - Init DruidDataSource
2019-05-07_22 22:09:28.282 INFO  [main] com.alibaba.druid.pool.DruidDataSource - {dataSource-1} inited
2019-05-07_22 22:09:28.651 INFO  [main] org.springframework.web.servlet.mvc.method.annotation.RequestMappingHandlerMapping - Mapped "{[/car/findAll],methods=[POST]}" onto public com.example.park.commonbox.Result com.example.park.controller.CarController.findAll()
2019-05-07_22 22:09:28.654 INFO  [main] org.springframework.web.servlet.mvc.method.annotation.RequestMappingHandlerMapping - Mapped "{[/car/addCar],methods=[POST]}" onto public com.example.park.commonbox.Result com.example.park.controller.CarController.addCar(com.example.park.pojo.dto.CarDTO)
2019-05-07_22 22:09:28.655 INFO  [main] org.springframework.web.servlet.mvc.method.annotation.RequestMappingHandlerMapping - Mapped "{[/car/deleteCar],methods=[POST]}" onto public com.example.park.commonbox.Result com.example.park.controller.CarController.deleteCar(com.example.park.pojo.dto.CarIdDTO)
2019-05-07_22 22:09:28.655 INFO  [main] org.springframework.web.servlet.mvc.method.annotation.RequestMappingHandlerMapping - Mapped "{[/car/updateCar],methods=[POST]}" onto public com.example.park.commonbox.Result com.example.park.controller.CarController.updateCar(com.example.park.pojo.dto.CarDTO)
2019-05-07_22 22:09:28.655 INFO  [main] org.springframework.web.servlet.mvc.method.annotation.RequestMappingHandlerMapping - Mapped "{[/car/findCarByType],methods=[POST]}" onto public com.example.park.commonbox.Result com.example.park.controller.CarController.findCarByType(com.example.park.pojo.dto.CarTypeDTO)
2019-05-07_22 22:09:28.656 INFO  [main] org.springframework.web.servlet.mvc.method.annotation.RequestMappingHandlerMapping - Mapped "{[/car/findCarNotPark],methods=[POST]}" onto public com.example.park.commonbox.Result com.example.park.controller.CarController.findCarNotPark()
2019-05-07_22 22:09:28.656 INFO  [main] org.springframework.web.servlet.mvc.method.annotation.RequestMappingHandlerMapping - Mapped "{[/car/findCarByCarNumber],methods=[POST]}" onto public com.example.park.commonbox.Result com.example.park.controller.CarController.findCarByCarNumber(com.example.park.pojo.dto.CarNumberDTO)
2019-05-07_22 22:09:28.658 INFO  [main] org.springframework.web.servlet.mvc.method.annotation.RequestMappingHandlerMapping - Mapped "{[/carPlace/findAll],methods=[POST]}" onto public com.example.park.commonbox.Result com.example.park.controller.CarPlaceController.findAll()
2019-05-07_22 22:09:28.658 INFO  [main] org.springframework.web.servlet.mvc.method.annotation.RequestMappingHandlerMapping - Mapped "{[/carPlace/addPlace],methods=[POST]}" onto public com.example.park.commonbox.Result com.example.park.controller.CarPlaceController.addPlace(com.example.park.pojo.dto.PlaceDTO)
2019-05-07_22 22:09:28.659 INFO  [main] org.springframework.web.servlet.mvc.method.annotation.RequestMappingHandlerMapping - Mapped "{[/carPlace/deletePlace],methods=[POST]}" onto public com.example.park.commonbox.Result com.example.park.controller.CarPlaceController.deletePlace(com.example.park.pojo.dto.CarPlactIdDTO)
2019-05-07_22 22:09:28.659 INFO  [main] org.springframework.web.servlet.mvc.method.annotation.RequestMappingHandlerMapping - Mapped "{[/carPlace/updatePlace],methods=[POST]}" onto public com.example.park.commonbox.Result com.example.park.controller.CarPlaceController.updatePlace(com.example.park.pojo.dto.PlaceDTO)
2019-05-07_22 22:09:28.659 INFO  [main] org.springframework.web.servlet.mvc.method.annotation.RequestMappingHandlerMapping - Mapped "{[/carPlace/findPlaceByStatus],methods=[POST]}" onto public com.example.park.commonbox.Result com.example.park.controller.CarPlaceController.findPlaceByStatus(com.example.park.pojo.dto.PlaceStatusDTO)
2019-05-07_22 22:09:28.660 INFO  [main] org.springframework.web.servlet.mvc.method.annotation.RequestMappingHandlerMapping - Mapped "{[/carPlace/findPlaceByPlaceName],methods=[POST]}" onto public com.example.park.commonbox.Result com.example.park.controller.CarPlaceController.findPlaceByPlaceName(com.example.park.pojo.dto.PlaceNameDTO)
2019-05-07_22 22:09:28.664 INFO  [main] org.springframework.web.servlet.mvc.method.annotation.RequestMappingHandlerMapping - Mapped "{[/park/start],methods=[POST]}" onto public com.example.park.commonbox.Result com.example.park.controller.ParkController.start(com.example.park.pojo.dto.ParkStartDTO)
2019-05-07_22 22:09:28.665 INFO  [main] org.springframework.web.servlet.mvc.method.annotation.RequestMappingHandlerMapping - Mapped "{[/park/findAll],methods=[POST]}" onto public com.example.park.commonbox.Result com.example.park.controller.ParkController.findAll()
2019-05-07_22 22:09:28.665 INFO  [main] org.springframework.web.servlet.mvc.method.annotation.RequestMappingHandlerMapping - Mapped "{[/park/findByCarNumber],methods=[POST]}" onto public com.example.park.commonbox.Result com.example.park.controller.ParkController.findByCarNumber(com.example.park.pojo.dto.CarNumberDTO)
2019-05-07_22 22:09:28.666 INFO  [main] org.springframework.web.servlet.mvc.method.annotation.RequestMappingHandlerMapping - Mapped "{[/park/findByMasterId],methods=[POST]}" onto public com.example.park.commonbox.Result com.example.park.controller.ParkController.findByMasterId(com.example.park.pojo.dto.UserIdDTO)
2019-05-07_22 22:09:28.666 INFO  [main] org.springframework.web.servlet.mvc.method.annotation.RequestMappingHandlerMapping - Mapped "{[/park/end],methods=[POST]}" onto public com.example.park.commonbox.Result com.example.park.controller.ParkController.end(com.example.park.pojo.dto.ParkEndDTO)
2019-05-07_22 22:09:28.667 INFO  [main] org.springframework.web.servlet.mvc.method.annotation.RequestMappingHandlerMapping - Mapped "{[/user/login],methods=[POST]}" onto public com.example.park.commonbox.Result com.example.park.controller.UserController.login(com.example.park.pojo.dto.LoginDTO)
2019-05-07_22 22:09:28.668 INFO  [main] org.springframework.web.servlet.mvc.method.annotation.RequestMappingHandlerMapping - Mapped "{[/user/delete],methods=[POST]}" onto public com.example.park.commonbox.Result com.example.park.controller.UserController.deleteUser(com.example.park.pojo.dto.UserIdDTO)
2019-05-07_22 22:09:28.668 INFO  [main] org.springframework.web.servlet.mvc.method.annotation.RequestMappingHandlerMapping - Mapped "{[/user/findByRole],methods=[POST]}" onto public com.example.park.commonbox.Result com.example.park.controller.UserController.findByRole(com.example.park.pojo.dto.UserRoleIdDTO)
2019-05-07_22 22:09:28.668 INFO  [main] org.springframework.web.servlet.mvc.method.annotation.RequestMappingHandlerMapping - Mapped "{[/user/findByUserName],methods=[POST]}" onto public com.example.park.commonbox.Result com.example.park.controller.UserController.findByUserName(com.example.park.pojo.dto.UserNameDTO)
2019-05-07_22 22:09:28.669 INFO  [main] org.springframework.web.servlet.mvc.method.annotation.RequestMappingHandlerMapping - Mapped "{[/user/update],methods=[POST]}" onto public com.example.park.commonbox.Result com.example.park.controller.UserController.updateUser(com.example.park.pojo.dto.UpdateUserInfoDTO)
2019-05-07_22 22:09:28.669 INFO  [main] org.springframework.web.servlet.mvc.method.annotation.RequestMappingHandlerMapping - Mapped "{[/user/findAllUser],methods=[POST]}" onto public com.example.park.commonbox.Result com.example.park.controller.UserController.findAllUser()
2019-05-07_22 22:09:28.669 INFO  [main] org.springframework.web.servlet.mvc.method.annotation.RequestMappingHandlerMapping - Mapped "{[/user/add],methods=[POST]}" onto public com.example.park.commonbox.Result com.example.park.controller.UserController.addUser(com.example.park.pojo.dto.UserDTO)
2019-05-07_22 22:09:28.673 INFO  [main] org.springframework.web.servlet.mvc.method.annotation.RequestMappingHandlerMapping - Mapped "{[/swagger-resources/configuration/security]}" onto public org.springframework.http.ResponseEntity<springfox.documentation.swagger.web.SecurityConfiguration> springfox.documentation.swagger.web.ApiResourceController.securityConfiguration()
2019-05-07_22 22:09:28.673 INFO  [main] org.springframework.web.servlet.mvc.method.annotation.RequestMappingHandlerMapping - Mapped "{[/swagger-resources/configuration/ui]}" onto public org.springframework.http.ResponseEntity<springfox.documentation.swagger.web.UiConfiguration> springfox.documentation.swagger.web.ApiResourceController.uiConfiguration()
2019-05-07_22 22:09:28.675 INFO  [main] org.springframework.web.servlet.mvc.method.annotation.RequestMappingHandlerMapping - Mapped "{[/swagger-resources]}" onto public org.springframework.http.ResponseEntity<java.util.List<springfox.documentation.swagger.web.SwaggerResource>> springfox.documentation.swagger.web.ApiResourceController.swaggerResources()
2019-05-07_22 22:09:28.679 INFO  [main] org.springframework.web.servlet.mvc.method.annotation.RequestMappingHandlerMapping - Mapped "{[/error]}" onto public org.springframework.http.ResponseEntity<java.util.Map<java.lang.String, java.lang.Object>> org.springframework.boot.autoconfigure.web.BasicErrorController.error(javax.servlet.http.HttpServletRequest)
2019-05-07_22 22:09:28.680 INFO  [main] org.springframework.web.servlet.mvc.method.annotation.RequestMappingHandlerMapping - Mapped "{[/error],produces=[text/html]}" onto public org.springframework.web.servlet.ModelAndView org.springframework.boot.autoconfigure.web.BasicErrorController.errorHtml(javax.servlet.http.HttpServletRequest,javax.servlet.http.HttpServletResponse)
2019-05-07_22 22:09:28.824 INFO  [main] springfox.documentation.spring.web.PropertySourcedRequestMappingHandlerMapping - Mapped URL path [/v2/api-docs] onto method [public org.springframework.http.ResponseEntity<springfox.documentation.spring.web.json.Json> springfox.documentation.swagger2.web.Swagger2Controller.getDocumentation(java.lang.String,javax.servlet.http.HttpServletRequest)]
2019-05-07_22 22:09:29.103 INFO  [main] org.springframework.web.servlet.mvc.method.annotation.RequestMappingHandlerAdapter - Looking for @ControllerAdvice: org.springframework.boot.context.embedded.AnnotationConfigEmbeddedWebApplicationContext@10a9d961: startup date [Tue May 07 22:09:26 CST 2019]; root of context hierarchy
2019-05-07_22 22:09:29.171 INFO  [main] org.springframework.web.servlet.handler.SimpleUrlHandlerMapping - Mapped URL path [/webjars/**] onto handler of type [class org.springframework.web.servlet.resource.ResourceHttpRequestHandler]
2019-05-07_22 22:09:29.171 INFO  [main] org.springframework.web.servlet.handler.SimpleUrlHandlerMapping - Mapped URL path [/**] onto handler of type [class org.springframework.web.servlet.resource.ResourceHttpRequestHandler]
2019-05-07_22 22:09:29.226 INFO  [main] org.springframework.web.servlet.handler.SimpleUrlHandlerMapping - Mapped URL path [/**/favicon.ico] onto handler of type [class org.springframework.web.servlet.resource.ResourceHttpRequestHandler]
2019-05-07_22 22:09:29.851 INFO  [main] org.springframework.jmx.export.annotation.AnnotationMBeanExporter - Registering beans for JMX exposure on startup
2019-05-07_22 22:09:29.853 INFO  [main] org.springframework.jmx.export.annotation.AnnotationMBeanExporter - Bean with name 'statFilter' has been autodetected for JMX exposure
2019-05-07_22 22:09:29.854 INFO  [main] org.springframework.jmx.export.annotation.AnnotationMBeanExporter - Bean with name 'dataSource' has been autodetected for JMX exposure
2019-05-07_22 22:09:29.859 INFO  [main] org.springframework.jmx.export.annotation.AnnotationMBeanExporter - Located MBean 'dataSource': registering with JMX server as MBean [com.alibaba.druid.spring.boot.autoconfigure:name=dataSource,type=DruidDataSourceWrapper]
2019-05-07_22 22:09:29.860 INFO  [main] org.springframework.jmx.export.annotation.AnnotationMBeanExporter - Located MBean 'statFilter': registering with JMX server as MBean [com.alibaba.druid.filter.stat:name=statFilter,type=StatFilter]
2019-05-07_22 22:09:29.862 INFO  [main] org.springframework.context.support.DefaultLifecycleProcessor - Starting beans in phase 2147483647
2019-05-07_22 22:09:29.863 INFO  [main] springfox.documentation.spring.web.plugins.DocumentationPluginsBootstrapper - Context refreshed
2019-05-07_22 22:09:29.883 INFO  [main] springfox.documentation.spring.web.plugins.DocumentationPluginsBootstrapper - Found 1 custom documentation plugin(s)
2019-05-07_22 22:09:29.923 INFO  [main] springfox.documentation.spring.web.scanners.ApiListingReferenceScanner - Scanning for api listing references
2019-05-07_22 22:09:30.144 INFO  [main] springfox.documentation.spring.web.readers.operation.CachingOperationNameGenerator - Generating unique operation named: findAllUsingPOST_1
2019-05-07_22 22:09:30.169 INFO  [main] springfox.documentation.spring.web.readers.operation.CachingOperationNameGenerator - Generating unique operation named: findAllUsingPOST_2
2019-05-07_22 22:09:30.241 INFO  [main] org.apache.coyote.http11.Http11NioProtocol - Starting ProtocolHandler ["http-nio-8084"]
2019-05-07_22 22:09:30.284 INFO  [main] org.apache.tomcat.util.net.NioSelectorPool - Using a shared selector for servlet write/read
2019-05-07_22 22:09:30.295 INFO  [main] org.springframework.boot.context.embedded.tomcat.TomcatEmbeddedServletContainer - Tomcat started on port(s): 8084 (http)
2019-05-07_22 22:09:30.300 INFO  [main] com.example.park.ParkApplication - Started ParkApplication in 4.581 seconds (JVM running for 5.174)
2019-05-07_22 22:09:34.469 INFO  [http-nio-8084-exec-1] org.apache.catalina.core.ContainerBase.[Tomcat].[localhost].[/] - Initializing Spring FrameworkServlet 'dispatcherServlet'
2019-05-07_22 22:09:34.470 INFO  [http-nio-8084-exec-1] org.springframework.web.servlet.DispatcherServlet - FrameworkServlet 'dispatcherServlet': initialization started
2019-05-07_22 22:09:34.486 INFO  [http-nio-8084-exec-1] org.springframework.web.servlet.DispatcherServlet - FrameworkServlet 'dispatcherServlet': initialization completed in 16 ms
2019-05-07_22 22:11:34.848 INFO  [Thread-13] org.springframework.boot.context.embedded.AnnotationConfigEmbeddedWebApplicationContext - Closing org.springframework.boot.context.embedded.AnnotationConfigEmbeddedWebApplicationContext@10a9d961: startup date [Tue May 07 22:09:26 CST 2019]; root of context hierarchy
2019-05-07_22 22:11:34.851 INFO  [Thread-13] org.springframework.context.support.DefaultLifecycleProcessor - Stopping beans in phase 2147483647
2019-05-07_22 22:11:34.853 INFO  [Thread-13] org.springframework.jmx.export.annotation.AnnotationMBeanExporter - Unregistering JMX-exposed beans on shutdown
2019-05-07_22 22:11:34.854 INFO  [Thread-13] org.springframework.jmx.export.annotation.AnnotationMBeanExporter - Unregistering JMX-exposed beans
2019-05-07_22 22:11:34.860 INFO  [Thread-13] com.alibaba.druid.pool.DruidDataSource - {dataSource-1} closed
